running develop
running egg_info
creating thermal_calibration_rqt.egg-info
writing thermal_calibration_rqt.egg-info/PKG-INFO
writing dependency_links to thermal_calibration_rqt.egg-info/dependency_links.txt
writing entry points to thermal_calibration_rqt.egg-info/entry_points.txt
writing requirements to thermal_calibration_rqt.egg-info/requires.txt
writing top-level names to thermal_calibration_rqt.egg-info/top_level.txt
writing manifest file 'thermal_calibration_rqt.egg-info/SOURCES.txt'
reading manifest file 'thermal_calibration_rqt.egg-info/SOURCES.txt'
writing manifest file 'thermal_calibration_rqt.egg-info/SOURCES.txt'
running build_ext
Creating /home/dtc/airlab_ws/varunkasi_ws/install/thermal_calibration_rqt/lib/python3.10/site-packages/thermal-calibration-rqt.egg-link (link to .)
Installing thermal_calibration_node script to /home/dtc/airlab_ws/varunkasi_ws/install/thermal_calibration_rqt/bin
Installing thermal_calibration_rqt script to /home/dtc/airlab_ws/varunkasi_ws/install/thermal_calibration_rqt/bin

Installed /home/dtc/airlab_ws/varunkasi_ws/build/thermal_calibration_rqt
running symlink_data
creating /home/dtc/airlab_ws/varunkasi_ws/install/thermal_calibration_rqt/share/ament_index
creating /home/dtc/airlab_ws/varunkasi_ws/install/thermal_calibration_rqt/share/ament_index/resource_index
creating /home/dtc/airlab_ws/varunkasi_ws/install/thermal_calibration_rqt/share/ament_index/resource_index/packages
symbolically linking /home/dtc/airlab_ws/varunkasi_ws/build/thermal_calibration_rqt/resource/thermal_calibration_rqt -> /home/dtc/airlab_ws/varunkasi_ws/install/thermal_calibration_rqt/share/ament_index/resource_index/packages
symbolically linking /home/dtc/airlab_ws/varunkasi_ws/build/thermal_calibration_rqt/package.xml -> /home/dtc/airlab_ws/varunkasi_ws/install/thermal_calibration_rqt/share/thermal_calibration_rqt
symbolically linking /home/dtc/airlab_ws/varunkasi_ws/build/thermal_calibration_rqt/plugin.xml -> /home/dtc/airlab_ws/varunkasi_ws/install/thermal_calibration_rqt/share/thermal_calibration_rqt
creating /home/dtc/airlab_ws/varunkasi_ws/install/thermal_calibration_rqt/share/thermal_calibration_rqt/resource
symbolically linking /home/dtc/airlab_ws/varunkasi_ws/build/thermal_calibration_rqt/resource/thermal_calibration.perspective -> /home/dtc/airlab_ws/varunkasi_ws/install/thermal_calibration_rqt/share/thermal_calibration_rqt/resource
