[1.641s] Invoking command in '/home/dtc/airlab_ws/varunkasi_ws/build/thermal_calibration_rqt': AMENT_PREFIX_PATH=/home/dtc/airlab_ws/varunkasi_ws/install/mono16_converter:/home/dtc/airlab_ws/varunkasi_ws/install/thermal_calibration_rqt:/home/dtc/airlab_ws/varunkasi_ws/install/usb_cam:/home/dtc/airlab_ws/varunkasi_ws/install/thermal_radiometry:/home/dtc/airlab_ws/varunkasi_ws/install/thermal_radiometric_visualizer:/home/dtc/airlab_ws/varunkasi_ws/install/thermal_calibration_interfaces:/opt/rmw_connextdds/install/rmw_connextddsmicro:/opt/rmw_connextdds/install/rmw_connextdds:/opt/rmw_connextdds/install/rmw_connextdds_common:/opt/rmw_connextdds/install/rti_connext_dds_cmake_module:/opt/ros/humble PYTHONPATH=/home/dtc/airlab_ws/varunkasi_ws/build/thermal_calibration_rqt/prefix_override:/usr/lib/python3/dist-packages/colcon_core/task/python/colcon_distutils_commands:/home/dtc/airlab_ws/varunkasi_ws/install/thermal_calibration_rqt/lib/python3.10/site-packages:/home/dtc/airlab_ws/varunkasi_ws/build/mono16_converter:/home/dtc/airlab_ws/varunkasi_ws/install/mono16_converter/lib/python3.10/site-packages:/home/dtc/airlab_ws/varunkasi_ws/build/thermal_calibration_rqt:/home/dtc/airlab_ws/varunkasi_ws/install/thermal_calibration_rqt/lib/python3.10/site-packages:/home/dtc/airlab_ws/varunkasi_ws/build/thermal_radiometry:/home/dtc/airlab_ws/varunkasi_ws/install/thermal_radiometry/lib/python3.10/site-packages:/home/dtc/airlab_ws/varunkasi_ws/build/thermal_radiometric_visualizer:/home/dtc/airlab_ws/varunkasi_ws/install/thermal_radiometric_visualizer/lib/python3.10/site-packages:/home/dtc/airlab_ws/varunkasi_ws/install/thermal_calibration_interfaces/local/lib/python3.10/dist-packages:/opt/ros/humble/lib/python3.10/site-packages:/opt/ros/humble/local/lib/python3.10/dist-packages /usr/bin/python3 -W ignore:setup.py install is deprecated -W ignore:easy_install command is deprecated setup.py develop --editable --build-directory /home/dtc/airlab_ws/varunkasi_ws/build/thermal_calibration_rqt/build --no-deps symlink_data
[2.342s] running develop
[2.874s] running egg_info
[2.875s] creating thermal_calibration_rqt.egg-info
[2.875s] writing thermal_calibration_rqt.egg-info/PKG-INFO
[2.876s] writing dependency_links to thermal_calibration_rqt.egg-info/dependency_links.txt
[2.876s] writing entry points to thermal_calibration_rqt.egg-info/entry_points.txt
[2.877s] writing requirements to thermal_calibration_rqt.egg-info/requires.txt
[2.877s] writing top-level names to thermal_calibration_rqt.egg-info/top_level.txt
[2.878s] writing manifest file 'thermal_calibration_rqt.egg-info/SOURCES.txt'
[2.884s] reading manifest file 'thermal_calibration_rqt.egg-info/SOURCES.txt'
[2.886s] writing manifest file 'thermal_calibration_rqt.egg-info/SOURCES.txt'
[2.890s] running build_ext
[2.891s] Creating /home/dtc/airlab_ws/varunkasi_ws/install/thermal_calibration_rqt/lib/python3.10/site-packages/thermal-calibration-rqt.egg-link (link to .)
[2.893s] Installing thermal_calibration_node script to /home/dtc/airlab_ws/varunkasi_ws/install/thermal_calibration_rqt/bin
[2.893s] Installing thermal_calibration_rqt script to /home/dtc/airlab_ws/varunkasi_ws/install/thermal_calibration_rqt/bin
[2.894s] 
[2.894s] Installed /home/dtc/airlab_ws/varunkasi_ws/build/thermal_calibration_rqt
[2.896s] running symlink_data
[2.896s] creating /home/dtc/airlab_ws/varunkasi_ws/install/thermal_calibration_rqt/share/ament_index
[2.896s] creating /home/dtc/airlab_ws/varunkasi_ws/install/thermal_calibration_rqt/share/ament_index/resource_index
[2.897s] creating /home/dtc/airlab_ws/varunkasi_ws/install/thermal_calibration_rqt/share/ament_index/resource_index/packages
[2.897s] symbolically linking /home/dtc/airlab_ws/varunkasi_ws/build/thermal_calibration_rqt/resource/thermal_calibration_rqt -> /home/dtc/airlab_ws/varunkasi_ws/install/thermal_calibration_rqt/share/ament_index/resource_index/packages
[2.897s] symbolically linking /home/dtc/airlab_ws/varunkasi_ws/build/thermal_calibration_rqt/package.xml -> /home/dtc/airlab_ws/varunkasi_ws/install/thermal_calibration_rqt/share/thermal_calibration_rqt
[2.897s] symbolically linking /home/dtc/airlab_ws/varunkasi_ws/build/thermal_calibration_rqt/plugin.xml -> /home/dtc/airlab_ws/varunkasi_ws/install/thermal_calibration_rqt/share/thermal_calibration_rqt
[2.897s] creating /home/dtc/airlab_ws/varunkasi_ws/install/thermal_calibration_rqt/share/thermal_calibration_rqt/resource
[2.898s] symbolically linking /home/dtc/airlab_ws/varunkasi_ws/build/thermal_calibration_rqt/resource/thermal_calibration.perspective -> /home/dtc/airlab_ws/varunkasi_ws/install/thermal_calibration_rqt/share/thermal_calibration_rqt/resource
[2.973s] Invoked command in '/home/dtc/airlab_ws/varunkasi_ws/build/thermal_calibration_rqt' returned '0': AMENT_PREFIX_PATH=/home/dtc/airlab_ws/varunkasi_ws/install/mono16_converter:/home/dtc/airlab_ws/varunkasi_ws/install/thermal_calibration_rqt:/home/dtc/airlab_ws/varunkasi_ws/install/usb_cam:/home/dtc/airlab_ws/varunkasi_ws/install/thermal_radiometry:/home/dtc/airlab_ws/varunkasi_ws/install/thermal_radiometric_visualizer:/home/dtc/airlab_ws/varunkasi_ws/install/thermal_calibration_interfaces:/opt/rmw_connextdds/install/rmw_connextddsmicro:/opt/rmw_connextdds/install/rmw_connextdds:/opt/rmw_connextdds/install/rmw_connextdds_common:/opt/rmw_connextdds/install/rti_connext_dds_cmake_module:/opt/ros/humble PYTHONPATH=/home/dtc/airlab_ws/varunkasi_ws/build/thermal_calibration_rqt/prefix_override:/usr/lib/python3/dist-packages/colcon_core/task/python/colcon_distutils_commands:/home/dtc/airlab_ws/varunkasi_ws/install/thermal_calibration_rqt/lib/python3.10/site-packages:/home/dtc/airlab_ws/varunkasi_ws/build/mono16_converter:/home/dtc/airlab_ws/varunkasi_ws/install/mono16_converter/lib/python3.10/site-packages:/home/dtc/airlab_ws/varunkasi_ws/build/thermal_calibration_rqt:/home/dtc/airlab_ws/varunkasi_ws/install/thermal_calibration_rqt/lib/python3.10/site-packages:/home/dtc/airlab_ws/varunkasi_ws/build/thermal_radiometry:/home/dtc/airlab_ws/varunkasi_ws/install/thermal_radiometry/lib/python3.10/site-packages:/home/dtc/airlab_ws/varunkasi_ws/build/thermal_radiometric_visualizer:/home/dtc/airlab_ws/varunkasi_ws/install/thermal_radiometric_visualizer/lib/python3.10/site-packages:/home/dtc/airlab_ws/varunkasi_ws/install/thermal_calibration_interfaces/local/lib/python3.10/dist-packages:/opt/ros/humble/lib/python3.10/site-packages:/opt/ros/humble/local/lib/python3.10/dist-packages /usr/bin/python3 -W ignore:setup.py install is deprecated -W ignore:easy_install command is deprecated setup.py develop --editable --build-directory /home/dtc/airlab_ws/varunkasi_ws/build/thermal_calibration_rqt/build --no-deps symlink_data
