[0.275s] Invoking command in '/home/dtc/airlab_ws/varunkasi_ws/build/usb_cam': CMAKE_PREFIX_PATH=${CMAKE_PREFIX_PATH}:/home/dtc/airlab_ws/varunkasi_ws/install/thermal_calibration_rqt:/home/dtc/airlab_ws/varunkasi_ws/install/thermal_radiometry:/home/dtc/airlab_ws/varunkasi_ws/install/thermal_radiometric_visualizer:/home/dtc/airlab_ws/varunkasi_ws/install/mono16_converter:/opt/ros/humble /usr/bin/cmake /home/dtc/airlab_ws/varunkasi_ws/src/usb_cam -DAMENT_CMAKE_SYMLINK_INSTALL=1 -DCMAKE_INSTALL_PREFIX=/home/dtc/airlab_ws/varunkasi_ws/install/usb_cam
[0.527s] -- The C compiler identification is GNU 11.4.0
[0.527s] -- The CXX compiler identification is GNU 11.4.0
[0.527s] -- Detecting C compiler ABI info
[0.527s] -- Detecting C compiler ABI info - done
[0.527s] -- Check for working C compiler: /usr/bin/cc - skipped
[0.527s] -- Detecting C compile features
[0.528s] -- Detecting C compile features - done
[0.528s] -- Detecting CXX compiler ABI info
[0.603s] -- Detecting CXX compiler ABI info - done
[0.609s] -- Check for working CXX compiler: /usr/bin/c++ - skipped
[0.610s] -- Detecting CXX compile features
[0.610s] -- Detecting CXX compile features - done
[0.616s] -- Found ament_cmake_auto: 1.3.11 (/opt/ros/humble/share/ament_cmake_auto/cmake)
[0.783s] -- Found Python3: /usr/bin/python3 (found version "3.10.12") found components: Interpreter 
[0.869s] -- Override CMake install command with custom implementation using symlinks instead of copying resources
[1.096s] -- Found rosidl_generator_c: 3.1.6 (/opt/ros/humble/share/rosidl_generator_c/cmake)
[1.104s] -- Found rosidl_adapter: 3.1.6 (/opt/ros/humble/share/rosidl_adapter/cmake)
[1.114s] -- Found rosidl_generator_cpp: 3.1.6 (/opt/ros/humble/share/rosidl_generator_cpp/cmake)
[1.127s] -- Using all available rosidl_typesupport_c: rosidl_typesupport_fastrtps_c;rosidl_typesupport_introspection_c
[1.152s] -- Using all available rosidl_typesupport_cpp: rosidl_typesupport_fastrtps_cpp;rosidl_typesupport_introspection_cpp
[1.219s] -- Found rmw_implementation_cmake: 6.1.2 (/opt/ros/humble/share/rmw_implementation_cmake/cmake)
[1.223s] -- Found rmw_connextdds: 0.11.3 (/opt/rmw_connextdds/install/rmw_connextdds/share/rmw_connextdds/cmake)
[1.251s] -- Loaded RTI Connext DDS environment:
[1.251s] -- - RTI Connext DDS Professional:
[1.251s] --   - Found: TRUE
[1.251s] --   - Version: 7.3.0.0
[1.251s] --   - Directory: /opt/rti_connext_dds-7.3.0
[1.251s] --   - Architecture: x64Linux4gcc7.3.0
[1.251s] -- - RTI Connext DDS Micro:
[1.252s] --   - Found: false
[1.252s] --   - Version: 
[1.252s] --   - Directory: 
[1.252s] --   - Architecture: 
[1.254s] -- Detected CONNEXTDDS_DIR = '/opt/rti_connext_dds-7.3.0'
[1.256s] -- RTI Connext installation directory: /opt/rti_connext_dds-7.3.0
[1.261s] -- RTI Connext architecture: x64Linux4gcc7.3.0
[1.269s] -- Found RTIConnextDDS: /opt/rti_connext_dds-7.3.0 (found suitable version "7.3.0.0", minimum required is "5.3.1") found components: core 
[1.273s] -- Using RMW implementation 'rmw_connextdds' as default
[1.298s] -- Looking for pthread.h
[1.409s] -- Looking for pthread.h - found
[1.409s] -- Performing Test CMAKE_HAVE_LIBC_PTHREAD
[1.515s] -- Performing Test CMAKE_HAVE_LIBC_PTHREAD - Success
[1.515s] -- Found Threads: TRUE  
[1.882s] -- Found OpenCV: /usr (found version "4.5.4") 
[1.890s] -- Found PkgConfig: /usr/bin/pkg-config (found version "0.29.2") 
[1.890s] -- Checking for module 'libavcodec'
[1.912s] --   Found libavcodec, version 58.134.100
[1.960s] -- Checking for module 'libavutil'
[1.979s] --   Found libavutil, version 56.70.100
[2.025s] -- Checking for module 'libswscale'
[2.045s] --   Found libswscale, version 5.9.100
[2.100s] -- Found ament_lint_auto: 0.12.11 (/opt/ros/humble/share/ament_lint_auto/cmake)
[2.137s] -- Found gtest sources under '/opt/ros/humble/src/gtest_vendor': C++ tests using 'Google Test' will be built
[2.152s] -- Added test 'copyright' to check source files copyright and LICENSE
[2.162s] -- Added test 'cppcheck' to perform static code analysis on C / C++ code
[2.162s] -- Configured cppcheck include dirs: /home/dtc/airlab_ws/varunkasi_ws/src/usb_cam/include
[2.162s] -- Configured cppcheck exclude dirs and/or files: 
[2.168s] -- Added test 'cpplint' to check C / C++ code against the Google style
[2.168s] -- Configured cpplint exclude dirs and/or files: 
[2.169s] -- Added test 'flake8' to check Python code syntax and style conventions
[2.171s] -- Added test 'lint_cmake' to check CMake code style
[2.172s] -- Added test 'pep257' to check Python code against some of the docstring style conventions in PEP 257
[2.179s] -- Added test 'uncrustify' to check C / C++ code style
[2.179s] -- Configured uncrustify additional arguments: 
[2.180s] -- Added test 'xmllint' to check XML markup files
[2.184s] -- Configuring done
[2.223s] -- Generating done
[2.232s] -- Build files have been written to: /home/dtc/airlab_ws/varunkasi_ws/build/usb_cam
[2.251s] Invoked command in '/home/dtc/airlab_ws/varunkasi_ws/build/usb_cam' returned '0': CMAKE_PREFIX_PATH=${CMAKE_PREFIX_PATH}:/home/dtc/airlab_ws/varunkasi_ws/install/thermal_calibration_rqt:/home/dtc/airlab_ws/varunkasi_ws/install/thermal_radiometry:/home/dtc/airlab_ws/varunkasi_ws/install/thermal_radiometric_visualizer:/home/dtc/airlab_ws/varunkasi_ws/install/mono16_converter:/opt/ros/humble /usr/bin/cmake /home/dtc/airlab_ws/varunkasi_ws/src/usb_cam -DAMENT_CMAKE_SYMLINK_INSTALL=1 -DCMAKE_INSTALL_PREFIX=/home/dtc/airlab_ws/varunkasi_ws/install/usb_cam
[2.251s] Invoking command in '/home/dtc/airlab_ws/varunkasi_ws/build/usb_cam': CMAKE_PREFIX_PATH=${CMAKE_PREFIX_PATH}:/home/dtc/airlab_ws/varunkasi_ws/install/thermal_calibration_rqt:/home/dtc/airlab_ws/varunkasi_ws/install/thermal_radiometry:/home/dtc/airlab_ws/varunkasi_ws/install/thermal_radiometric_visualizer:/home/dtc/airlab_ws/varunkasi_ws/install/mono16_converter:/opt/ros/humble /usr/bin/cmake --build /home/dtc/airlab_ws/varunkasi_ws/build/usb_cam -- -j16 -l16
[2.310s] [ 22%] [32mBuilding CXX object CMakeFiles/usb_reset_udev.dir/src/usb_reset_udev.cpp.o[0m
[2.310s] [ 22%] [32mBuilding CXX object CMakeFiles/usb_cam_node_exe.dir/rclcpp_components/node_main_usb_cam_node_exe.cpp.o[0m
[2.310s] [ 22%] [32mBuilding CXX object gtest/CMakeFiles/gtest_main.dir/src/gtest_main.cc.o[0m
[2.310s] [ 22%] [32mBuilding CXX object CMakeFiles/usbreset.dir/src/usbreset.cpp.o[0m
[2.310s] [ 27%] [32mBuilding CXX object gtest/CMakeFiles/gtest.dir/src/gtest-all.cc.o[0m
[2.310s] [ 33%] [32mBuilding CXX object CMakeFiles/usb_cam.dir/src/usb_cam.cpp.o[0m
[2.387s] [ 38%] [32m[1mLinking CXX executable usbreset[0m
[2.419s] [ 44%] [32m[1mLinking CXX executable usb_reset_udev[0m
[2.450s] [ 44%] Built target usbreset
[2.487s] [ 44%] Built target usb_reset_udev
[5.085s] [ 50%] [32m[1mLinking CXX static library libgtest_main.a[0m
[5.238s] [ 50%] Built target gtest_main
[11.526s] [ 55%] [32m[1mLinking CXX shared library libusb_cam.so[0m
[12.661s] [ 55%] Built target usb_cam
[12.792s] [ 61%] [32mBuilding CXX object CMakeFiles/usb_cam_node.dir/src/usb_cam_node.cpp.o[0m
[16.288s] [ 66%] [32m[1mLinking CXX executable usb_cam_node_exe[0m
[18.469s] [ 66%] Built target usb_cam_node_exe
[30.571s] [ 72%] [32m[1mLinking CXX static library libgtest.a[0m
[30.719s] [ 72%] Built target gtest
[30.801s] [ 77%] [32mBuilding CXX object CMakeFiles/test_pixel_formats.dir/test/test_pixel_formats.cpp.o[0m
[30.802s] [ 83%] [32mBuilding CXX object CMakeFiles/test_usb_cam_utils.dir/test/test_usb_cam_utils.cpp.o[0m
[36.474s] [ 88%] [32m[1mLinking CXX executable test_usb_cam_utils[0m
[36.506s] [ 94%] [32m[1mLinking CXX executable test_pixel_formats[0m
[37.068s] [ 94%] Built target test_usb_cam_utils
[37.177s] [ 94%] Built target test_pixel_formats
[45.506s] [100%] [32m[1mLinking CXX shared library libusb_cam_node.so[0m
[46.046s] [100%] Built target usb_cam_node
[46.091s] Invoked command in '/home/dtc/airlab_ws/varunkasi_ws/build/usb_cam' returned '0': CMAKE_PREFIX_PATH=${CMAKE_PREFIX_PATH}:/home/dtc/airlab_ws/varunkasi_ws/install/thermal_calibration_rqt:/home/dtc/airlab_ws/varunkasi_ws/install/thermal_radiometry:/home/dtc/airlab_ws/varunkasi_ws/install/thermal_radiometric_visualizer:/home/dtc/airlab_ws/varunkasi_ws/install/mono16_converter:/opt/ros/humble /usr/bin/cmake --build /home/dtc/airlab_ws/varunkasi_ws/build/usb_cam -- -j16 -l16
[46.093s] Invoking command in '/home/dtc/airlab_ws/varunkasi_ws/build/usb_cam': CMAKE_PREFIX_PATH=${CMAKE_PREFIX_PATH}:/home/dtc/airlab_ws/varunkasi_ws/install/thermal_calibration_rqt:/home/dtc/airlab_ws/varunkasi_ws/install/thermal_radiometry:/home/dtc/airlab_ws/varunkasi_ws/install/thermal_radiometric_visualizer:/home/dtc/airlab_ws/varunkasi_ws/install/mono16_converter:/opt/ros/humble /usr/bin/cmake --install /home/dtc/airlab_ws/varunkasi_ws/build/usb_cam
[46.114s] -- Install configuration: "Release"
[46.115s] -- Execute custom install script
[46.117s] -- Symlinking: /home/dtc/airlab_ws/varunkasi_ws/install/usb_cam/lib/usb_cam/usbreset
[46.145s] -- Symlinking: /home/dtc/airlab_ws/varunkasi_ws/install/usb_cam/lib/usb_cam/usb_reset_udev
[46.172s] -- Symlinking: /home/dtc/airlab_ws/varunkasi_ws/install/usb_cam/share/usb_cam/environment/library_path.sh
[46.201s] -- Symlinking: /home/dtc/airlab_ws/varunkasi_ws/install/usb_cam/share/usb_cam/environment/library_path.dsv
[46.225s] -- Symlinking: /home/dtc/airlab_ws/varunkasi_ws/install/usb_cam/lib/usb_cam/usb_cam_node_exe
[46.249s] -- Symlinking: /home/dtc/airlab_ws/varunkasi_ws/install/usb_cam/lib/usb_cam/show_image.py
[46.274s] -- Symlinking: /home/dtc/airlab_ws/varunkasi_ws/install/usb_cam/lib/libusb_cam.so
[46.303s] -- Symlinking: /home/dtc/airlab_ws/varunkasi_ws/install/usb_cam/lib/libusb_cam_node.so
[46.328s] -- Symlinking: /home/dtc/airlab_ws/varunkasi_ws/install/usb_cam/include/usb_cam/constants.hpp
[46.353s] -- Symlinking: /home/dtc/airlab_ws/varunkasi_ws/install/usb_cam/include/usb_cam/conversions.hpp
[46.381s] -- Symlinking: /home/dtc/airlab_ws/varunkasi_ws/install/usb_cam/include/usb_cam/formats/av_pixel_format_helper.hpp
[46.408s] -- Symlinking: /home/dtc/airlab_ws/varunkasi_ws/install/usb_cam/include/usb_cam/formats/m420.hpp
[46.440s] -- Symlinking: /home/dtc/airlab_ws/varunkasi_ws/install/usb_cam/include/usb_cam/formats/mjpeg.hpp
[46.465s] -- Symlinking: /home/dtc/airlab_ws/varunkasi_ws/install/usb_cam/include/usb_cam/formats/mono.hpp
[46.492s] -- Symlinking: /home/dtc/airlab_ws/varunkasi_ws/install/usb_cam/include/usb_cam/formats/pixel_format_base.hpp
[46.517s] -- Symlinking: /home/dtc/airlab_ws/varunkasi_ws/install/usb_cam/include/usb_cam/formats/rgb.hpp
[46.546s] -- Symlinking: /home/dtc/airlab_ws/varunkasi_ws/install/usb_cam/include/usb_cam/formats/utils.hpp
[46.576s] -- Symlinking: /home/dtc/airlab_ws/varunkasi_ws/install/usb_cam/include/usb_cam/formats/uyvy.hpp
[46.600s] -- Symlinking: /home/dtc/airlab_ws/varunkasi_ws/install/usb_cam/include/usb_cam/formats/yuyv.hpp
[46.624s] -- Symlinking: /home/dtc/airlab_ws/varunkasi_ws/install/usb_cam/include/usb_cam/usb_cam.hpp
[46.652s] -- Symlinking: /home/dtc/airlab_ws/varunkasi_ws/install/usb_cam/include/usb_cam/usb_cam_node.hpp
[46.677s] -- Symlinking: /home/dtc/airlab_ws/varunkasi_ws/install/usb_cam/include/usb_cam/utils.hpp
[46.701s] -- Up-to-date symlink: /home/dtc/airlab_ws/varunkasi_ws/install/usb_cam/lib/libusb_cam_node.so
[46.701s] -- Symlinking: /home/dtc/airlab_ws/varunkasi_ws/install/usb_cam/share/usb_cam/launch/__init__.py
[46.724s] -- Symlinking: /home/dtc/airlab_ws/varunkasi_ws/install/usb_cam/share/usb_cam/launch/camera.launch.py
[46.750s] -- Symlinking: /home/dtc/airlab_ws/varunkasi_ws/install/usb_cam/share/usb_cam/launch/camera_config.py
[46.780s] -- Symlinking: /home/dtc/airlab_ws/varunkasi_ws/install/usb_cam/share/usb_cam/config/camera_info.yaml
[46.802s] -- Symlinking: /home/dtc/airlab_ws/varunkasi_ws/install/usb_cam/share/usb_cam/config/flir.yaml
[46.824s] -- Symlinking: /home/dtc/airlab_ws/varunkasi_ws/install/usb_cam/share/usb_cam/config/params_1.yaml
[46.846s] -- Symlinking: /home/dtc/airlab_ws/varunkasi_ws/install/usb_cam/share/usb_cam/config/params_2.yaml
[46.874s] -- Symlinking: /home/dtc/airlab_ws/varunkasi_ws/install/usb_cam/share/ament_index/resource_index/package_run_dependencies/usb_cam
[46.899s] -- Symlinking: /home/dtc/airlab_ws/varunkasi_ws/install/usb_cam/share/ament_index/resource_index/parent_prefix_path/usb_cam
[46.921s] -- Symlinking: /home/dtc/airlab_ws/varunkasi_ws/install/usb_cam/share/usb_cam/environment/ament_prefix_path.sh
[46.953s] -- Symlinking: /home/dtc/airlab_ws/varunkasi_ws/install/usb_cam/share/usb_cam/environment/ament_prefix_path.dsv
[46.976s] -- Symlinking: /home/dtc/airlab_ws/varunkasi_ws/install/usb_cam/share/usb_cam/environment/path.sh
[46.999s] -- Symlinking: /home/dtc/airlab_ws/varunkasi_ws/install/usb_cam/share/usb_cam/environment/path.dsv
[47.030s] -- Symlinking: /home/dtc/airlab_ws/varunkasi_ws/install/usb_cam/share/usb_cam/local_setup.bash
[47.054s] -- Symlinking: /home/dtc/airlab_ws/varunkasi_ws/install/usb_cam/share/usb_cam/local_setup.sh
[47.076s] -- Symlinking: /home/dtc/airlab_ws/varunkasi_ws/install/usb_cam/share/usb_cam/local_setup.zsh
[47.098s] -- Symlinking: /home/dtc/airlab_ws/varunkasi_ws/install/usb_cam/share/usb_cam/local_setup.dsv
[47.130s] -- Symlinking: /home/dtc/airlab_ws/varunkasi_ws/install/usb_cam/share/usb_cam/package.dsv
[47.156s] -- Symlinking: /home/dtc/airlab_ws/varunkasi_ws/install/usb_cam/share/ament_index/resource_index/packages/usb_cam
[47.183s] -- Symlinking: /home/dtc/airlab_ws/varunkasi_ws/install/usb_cam/share/ament_index/resource_index/rclcpp_components/usb_cam
[47.205s] -- Symlinking: /home/dtc/airlab_ws/varunkasi_ws/install/usb_cam/share/usb_cam/cmake/ament_cmake_export_libraries-extras.cmake
[47.230s] -- Symlinking: /home/dtc/airlab_ws/varunkasi_ws/install/usb_cam/share/usb_cam/cmake/ament_cmake_export_dependencies-extras.cmake
[47.258s] -- Symlinking: /home/dtc/airlab_ws/varunkasi_ws/install/usb_cam/share/usb_cam/cmake/ament_cmake_export_include_directories-extras.cmake
[47.283s] -- Symlinking: /home/dtc/airlab_ws/varunkasi_ws/install/usb_cam/share/usb_cam/cmake/usb_camConfig.cmake
[47.314s] -- Symlinking: /home/dtc/airlab_ws/varunkasi_ws/install/usb_cam/share/usb_cam/cmake/usb_camConfig-version.cmake
[47.341s] -- Symlinking: /home/dtc/airlab_ws/varunkasi_ws/install/usb_cam/share/usb_cam/package.xml
[47.370s] Invoked command in '/home/dtc/airlab_ws/varunkasi_ws/build/usb_cam' returned '0': CMAKE_PREFIX_PATH=${CMAKE_PREFIX_PATH}:/home/dtc/airlab_ws/varunkasi_ws/install/thermal_calibration_rqt:/home/dtc/airlab_ws/varunkasi_ws/install/thermal_radiometry:/home/dtc/airlab_ws/varunkasi_ws/install/thermal_radiometric_visualizer:/home/dtc/airlab_ws/varunkasi_ws/install/mono16_converter:/opt/ros/humble /usr/bin/cmake --install /home/dtc/airlab_ws/varunkasi_ws/build/usb_cam
