running egg_info
creating ../../build/mono16_converter/mono16_converter.egg-info
writing ../../build/mono16_converter/mono16_converter.egg-info/PKG-INFO
writing dependency_links to ../../build/mono16_converter/mono16_converter.egg-info/dependency_links.txt
writing entry points to ../../build/mono16_converter/mono16_converter.egg-info/entry_points.txt
writing requirements to ../../build/mono16_converter/mono16_converter.egg-info/requires.txt
writing top-level names to ../../build/mono16_converter/mono16_converter.egg-info/top_level.txt
writing manifest file '../../build/mono16_converter/mono16_converter.egg-info/SOURCES.txt'
reading manifest file '../../build/mono16_converter/mono16_converter.egg-info/SOURCES.txt'
writing manifest file '../../build/mono16_converter/mono16_converter.egg-info/SOURCES.txt'
running build
running build_py
creating /home/dtc/airlab_ws/varunkasi_ws/build/mono16_converter/build
creating /home/dtc/airlab_ws/varunkasi_ws/build/mono16_converter/build/lib
creating /home/dtc/airlab_ws/varunkasi_ws/build/mono16_converter/build/lib/mono16_converter
copying mono16_converter/mono16_to_mono8_converter.py -> /home/dtc/airlab_ws/varunkasi_ws/build/mono16_converter/build/lib/mono16_converter
copying mono16_converter/__init__.py -> /home/dtc/airlab_ws/varunkasi_ws/build/mono16_converter/build/lib/mono16_converter
running install
running install_lib
creating /home/dtc/airlab_ws/varunkasi_ws/install/mono16_converter/lib/python3.10/site-packages/mono16_converter
copying /home/dtc/airlab_ws/varunkasi_ws/build/mono16_converter/build/lib/mono16_converter/mono16_to_mono8_converter.py -> /home/dtc/airlab_ws/varunkasi_ws/install/mono16_converter/lib/python3.10/site-packages/mono16_converter
copying /home/dtc/airlab_ws/varunkasi_ws/build/mono16_converter/build/lib/mono16_converter/__init__.py -> /home/dtc/airlab_ws/varunkasi_ws/install/mono16_converter/lib/python3.10/site-packages/mono16_converter
byte-compiling /home/dtc/airlab_ws/varunkasi_ws/install/mono16_converter/lib/python3.10/site-packages/mono16_converter/mono16_to_mono8_converter.py to mono16_to_mono8_converter.cpython-310.pyc
byte-compiling /home/dtc/airlab_ws/varunkasi_ws/install/mono16_converter/lib/python3.10/site-packages/mono16_converter/__init__.py to __init__.cpython-310.pyc
running install_data
creating /home/dtc/airlab_ws/varunkasi_ws/install/mono16_converter/share/ament_index
creating /home/dtc/airlab_ws/varunkasi_ws/install/mono16_converter/share/ament_index/resource_index
creating /home/dtc/airlab_ws/varunkasi_ws/install/mono16_converter/share/ament_index/resource_index/packages
copying resource/mono16_converter -> /home/dtc/airlab_ws/varunkasi_ws/install/mono16_converter/share/ament_index/resource_index/packages
copying package.xml -> /home/dtc/airlab_ws/varunkasi_ws/install/mono16_converter/share/mono16_converter
running install_egg_info
Copying ../../build/mono16_converter/mono16_converter.egg-info to /home/dtc/airlab_ws/varunkasi_ws/install/mono16_converter/lib/python3.10/site-packages/mono16_converter-0.0.0-py3.10.egg-info
running install_scripts
Installing mono16_converter script to /home/dtc/airlab_ws/varunkasi_ws/install/mono16_converter/lib/mono16_converter
writing list of installed files to '/home/dtc/airlab_ws/varunkasi_ws/build/mono16_converter/install.log'
