running egg_info
creating ../../build/thermal_radiometry/thermal_radiometry.egg-info
writing ../../build/thermal_radiometry/thermal_radiometry.egg-info/PKG-INFO
writing dependency_links to ../../build/thermal_radiometry/thermal_radiometry.egg-info/dependency_links.txt
writing entry points to ../../build/thermal_radiometry/thermal_radiometry.egg-info/entry_points.txt
writing requirements to ../../build/thermal_radiometry/thermal_radiometry.egg-info/requires.txt
writing top-level names to ../../build/thermal_radiometry/thermal_radiometry.egg-info/top_level.txt
writing manifest file '../../build/thermal_radiometry/thermal_radiometry.egg-info/SOURCES.txt'
reading manifest file '../../build/thermal_radiometry/thermal_radiometry.egg-info/SOURCES.txt'
writing manifest file '../../build/thermal_radiometry/thermal_radiometry.egg-info/SOURCES.txt'
running build
running build_py
creating /home/dtc/airlab_ws/varunkasi_ws/build/thermal_radiometry/build
creating /home/dtc/airlab_ws/varunkasi_ws/build/thermal_radiometry/build/lib
creating /home/dtc/airlab_ws/varunkasi_ws/build/thermal_radiometry/build/lib/thermal_radiometry
copying thermal_radiometry/thermal_calibrator.py -> /home/dtc/airlab_ws/varunkasi_ws/build/thermal_radiometry/build/lib/thermal_radiometry
copying thermal_radiometry/__init__.py -> /home/dtc/airlab_ws/varunkasi_ws/build/thermal_radiometry/build/lib/thermal_radiometry
running install
running install_lib
creating /home/dtc/airlab_ws/varunkasi_ws/install/thermal_radiometry/lib/python3.10/site-packages/thermal_radiometry
copying /home/dtc/airlab_ws/varunkasi_ws/build/thermal_radiometry/build/lib/thermal_radiometry/thermal_calibrator.py -> /home/dtc/airlab_ws/varunkasi_ws/install/thermal_radiometry/lib/python3.10/site-packages/thermal_radiometry
copying /home/dtc/airlab_ws/varunkasi_ws/build/thermal_radiometry/build/lib/thermal_radiometry/__init__.py -> /home/dtc/airlab_ws/varunkasi_ws/install/thermal_radiometry/lib/python3.10/site-packages/thermal_radiometry
byte-compiling /home/dtc/airlab_ws/varunkasi_ws/install/thermal_radiometry/lib/python3.10/site-packages/thermal_radiometry/thermal_calibrator.py to thermal_calibrator.cpython-310.pyc
byte-compiling /home/dtc/airlab_ws/varunkasi_ws/install/thermal_radiometry/lib/python3.10/site-packages/thermal_radiometry/__init__.py to __init__.cpython-310.pyc
running install_data
creating /home/dtc/airlab_ws/varunkasi_ws/install/thermal_radiometry/share/ament_index
creating /home/dtc/airlab_ws/varunkasi_ws/install/thermal_radiometry/share/ament_index/resource_index
creating /home/dtc/airlab_ws/varunkasi_ws/install/thermal_radiometry/share/ament_index/resource_index/packages
copying resource/thermal_radiometry -> /home/dtc/airlab_ws/varunkasi_ws/install/thermal_radiometry/share/ament_index/resource_index/packages
copying package.xml -> /home/dtc/airlab_ws/varunkasi_ws/install/thermal_radiometry/share/thermal_radiometry
creating /home/dtc/airlab_ws/varunkasi_ws/install/thermal_radiometry/share/thermal_radiometry/launch
copying launch/thermal_calibrator_env.launch.py -> /home/dtc/airlab_ws/varunkasi_ws/install/thermal_radiometry/share/thermal_radiometry/launch
copying launch/thermal_calibrator.launch.py -> /home/dtc/airlab_ws/varunkasi_ws/install/thermal_radiometry/share/thermal_radiometry/launch
creating /home/dtc/airlab_ws/varunkasi_ws/install/thermal_radiometry/share/thermal_radiometry/config
copying config/thermal_calibrator_params.yaml -> /home/dtc/airlab_ws/varunkasi_ws/install/thermal_radiometry/share/thermal_radiometry/config
running install_egg_info
Copying ../../build/thermal_radiometry/thermal_radiometry.egg-info to /home/dtc/airlab_ws/varunkasi_ws/install/thermal_radiometry/lib/python3.10/site-packages/thermal_radiometry-0.0.1-py3.10.egg-info
running install_scripts
Installing thermal_calibrator script to /home/dtc/airlab_ws/varunkasi_ws/install/thermal_radiometry/bin
writing list of installed files to '/home/dtc/airlab_ws/varunkasi_ws/build/thermal_radiometry/install.log'
