[1.183s] Invoking command in '/home/dtc/airlab_ws/varunkasi_ws/build/mono16_converter': PYTHONPATH=/home/dtc/airlab_ws/varunkasi_ws/build/mono16_converter/prefix_override:/usr/lib/python3/dist-packages/colcon_core/task/python/colcon_distutils_commands:/home/dtc/airlab_ws/varunkasi_ws/install/mono16_converter/lib/python3.10/site-packages:${PYTHONPATH} /usr/bin/python3 -W ignore:setup.py install is deprecated -W ignore:easy_install command is deprecated setup.py develop --editable --build-directory /home/dtc/airlab_ws/varunkasi_ws/build/mono16_converter/build --no-deps symlink_data
[1.477s] running develop
[1.664s] running egg_info
[1.664s] creating mono16_converter.egg-info
[1.664s] writing mono16_converter.egg-info/PKG-INFO
[1.664s] writing dependency_links to mono16_converter.egg-info/dependency_links.txt
[1.664s] writing entry points to mono16_converter.egg-info/entry_points.txt
[1.665s] writing requirements to mono16_converter.egg-info/requires.txt
[1.665s] writing top-level names to mono16_converter.egg-info/top_level.txt
[1.665s] writing manifest file 'mono16_converter.egg-info/SOURCES.txt'
[1.667s] reading manifest file 'mono16_converter.egg-info/SOURCES.txt'
[1.668s] writing manifest file 'mono16_converter.egg-info/SOURCES.txt'
[1.669s] running build_ext
[1.670s] Creating /home/dtc/airlab_ws/varunkasi_ws/install/mono16_converter/lib/python3.10/site-packages/mono16-converter.egg-link (link to .)
[1.670s] Installing mono16_converter script to /home/dtc/airlab_ws/varunkasi_ws/install/mono16_converter/lib/mono16_converter
[1.671s] 
[1.671s] Installed /home/dtc/airlab_ws/varunkasi_ws/build/mono16_converter
[1.671s] running symlink_data
[1.671s] creating /home/dtc/airlab_ws/varunkasi_ws/install/mono16_converter/share/ament_index
[1.671s] creating /home/dtc/airlab_ws/varunkasi_ws/install/mono16_converter/share/ament_index/resource_index
[1.671s] creating /home/dtc/airlab_ws/varunkasi_ws/install/mono16_converter/share/ament_index/resource_index/packages
[1.671s] symbolically linking /home/dtc/airlab_ws/varunkasi_ws/build/mono16_converter/resource/mono16_converter -> /home/dtc/airlab_ws/varunkasi_ws/install/mono16_converter/share/ament_index/resource_index/packages
[1.671s] symbolically linking /home/dtc/airlab_ws/varunkasi_ws/build/mono16_converter/package.xml -> /home/dtc/airlab_ws/varunkasi_ws/install/mono16_converter/share/mono16_converter
[1.732s] Invoked command in '/home/dtc/airlab_ws/varunkasi_ws/build/mono16_converter' returned '0': PYTHONPATH=/home/dtc/airlab_ws/varunkasi_ws/build/mono16_converter/prefix_override:/usr/lib/python3/dist-packages/colcon_core/task/python/colcon_distutils_commands:/home/dtc/airlab_ws/varunkasi_ws/install/mono16_converter/lib/python3.10/site-packages:${PYTHONPATH} /usr/bin/python3 -W ignore:setup.py install is deprecated -W ignore:easy_install command is deprecated setup.py develop --editable --build-directory /home/dtc/airlab_ws/varunkasi_ws/build/mono16_converter/build --no-deps symlink_data
