/home/dtc/airlab_ws/varunkasi_ws/install/thermal_calibration_tool/lib/python3.10/site-packages/tests/test_camera.py
/home/dtc/airlab_ws/varunkasi_ws/install/thermal_calibration_tool/lib/python3.10/site-packages/tests/test_utils.py
/home/dtc/airlab_ws/varunkasi_ws/install/thermal_calibration_tool/lib/python3.10/site-packages/tests/__init__.py
/home/dtc/airlab_ws/varunkasi_ws/install/thermal_calibration_tool/lib/python3.10/site-packages/tests/test_calibration.py
/home/dtc/airlab_ws/varunkasi_ws/install/thermal_calibration_tool/lib/python3.10/site-packages/tests/test_processing.py
/home/dtc/airlab_ws/varunkasi_ws/install/thermal_calibration_tool/lib/python3.10/site-packages/src/main.py
/home/dtc/airlab_ws/varunkasi_ws/install/thermal_calibration_tool/lib/python3.10/site-packages/src/__init__.py
/home/dtc/airlab_ws/varunkasi_ws/install/thermal_calibration_tool/lib/python3.10/site-packages/src/camera/camera_interface.py
/home/dtc/airlab_ws/varunkasi_ws/install/thermal_calibration_tool/lib/python3.10/site-packages/src/camera/boson_camera.py
/home/dtc/airlab_ws/varunkasi_ws/install/thermal_calibration_tool/lib/python3.10/site-packages/src/camera/__init__.py
/home/dtc/airlab_ws/varunkasi_ws/install/thermal_calibration_tool/lib/python3.10/site-packages/src/calibration/regression.py
/home/dtc/airlab_ws/varunkasi_ws/install/thermal_calibration_tool/lib/python3.10/site-packages/src/calibration/__init__.py
/home/dtc/airlab_ws/varunkasi_ws/install/thermal_calibration_tool/lib/python3.10/site-packages/src/calibration/calibration_model.py
/home/dtc/airlab_ws/varunkasi_ws/install/thermal_calibration_tool/lib/python3.10/site-packages/src/gui/input_dialogs.py
/home/dtc/airlab_ws/varunkasi_ws/install/thermal_calibration_tool/lib/python3.10/site-packages/src/gui/thermal_view.py
/home/dtc/airlab_ws/varunkasi_ws/install/thermal_calibration_tool/lib/python3.10/site-packages/src/gui/main_window.py
/home/dtc/airlab_ws/varunkasi_ws/install/thermal_calibration_tool/lib/python3.10/site-packages/src/gui/calibration_panel.py
/home/dtc/airlab_ws/varunkasi_ws/install/thermal_calibration_tool/lib/python3.10/site-packages/src/gui/__init__.py
/home/dtc/airlab_ws/varunkasi_ws/install/thermal_calibration_tool/lib/python3.10/site-packages/src/utils/data_manager.py
/home/dtc/airlab_ws/varunkasi_ws/install/thermal_calibration_tool/lib/python3.10/site-packages/src/utils/logger.py
/home/dtc/airlab_ws/varunkasi_ws/install/thermal_calibration_tool/lib/python3.10/site-packages/src/utils/config.py
/home/dtc/airlab_ws/varunkasi_ws/install/thermal_calibration_tool/lib/python3.10/site-packages/src/utils/__init__.py
/home/dtc/airlab_ws/varunkasi_ws/install/thermal_calibration_tool/lib/python3.10/site-packages/src/processing/image_utils.py
/home/dtc/airlab_ws/varunkasi_ws/install/thermal_calibration_tool/lib/python3.10/site-packages/src/processing/__init__.py
/home/dtc/airlab_ws/varunkasi_ws/install/thermal_calibration_tool/lib/python3.10/site-packages/src/processing/thermal_processor.py
/home/dtc/airlab_ws/varunkasi_ws/install/thermal_calibration_tool/lib/python3.10/site-packages/tests/__pycache__/test_camera.cpython-310.pyc
/home/dtc/airlab_ws/varunkasi_ws/install/thermal_calibration_tool/lib/python3.10/site-packages/tests/__pycache__/test_utils.cpython-310.pyc
/home/dtc/airlab_ws/varunkasi_ws/install/thermal_calibration_tool/lib/python3.10/site-packages/tests/__pycache__/__init__.cpython-310.pyc
/home/dtc/airlab_ws/varunkasi_ws/install/thermal_calibration_tool/lib/python3.10/site-packages/tests/__pycache__/test_calibration.cpython-310.pyc
/home/dtc/airlab_ws/varunkasi_ws/install/thermal_calibration_tool/lib/python3.10/site-packages/tests/__pycache__/test_processing.cpython-310.pyc
/home/dtc/airlab_ws/varunkasi_ws/install/thermal_calibration_tool/lib/python3.10/site-packages/src/__pycache__/main.cpython-310.pyc
/home/dtc/airlab_ws/varunkasi_ws/install/thermal_calibration_tool/lib/python3.10/site-packages/src/__pycache__/__init__.cpython-310.pyc
/home/dtc/airlab_ws/varunkasi_ws/install/thermal_calibration_tool/lib/python3.10/site-packages/src/camera/__pycache__/camera_interface.cpython-310.pyc
/home/dtc/airlab_ws/varunkasi_ws/install/thermal_calibration_tool/lib/python3.10/site-packages/src/camera/__pycache__/boson_camera.cpython-310.pyc
/home/dtc/airlab_ws/varunkasi_ws/install/thermal_calibration_tool/lib/python3.10/site-packages/src/camera/__pycache__/__init__.cpython-310.pyc
/home/dtc/airlab_ws/varunkasi_ws/install/thermal_calibration_tool/lib/python3.10/site-packages/src/calibration/__pycache__/regression.cpython-310.pyc
/home/dtc/airlab_ws/varunkasi_ws/install/thermal_calibration_tool/lib/python3.10/site-packages/src/calibration/__pycache__/__init__.cpython-310.pyc
/home/dtc/airlab_ws/varunkasi_ws/install/thermal_calibration_tool/lib/python3.10/site-packages/src/calibration/__pycache__/calibration_model.cpython-310.pyc
/home/dtc/airlab_ws/varunkasi_ws/install/thermal_calibration_tool/lib/python3.10/site-packages/src/gui/__pycache__/input_dialogs.cpython-310.pyc
/home/dtc/airlab_ws/varunkasi_ws/install/thermal_calibration_tool/lib/python3.10/site-packages/src/gui/__pycache__/thermal_view.cpython-310.pyc
/home/dtc/airlab_ws/varunkasi_ws/install/thermal_calibration_tool/lib/python3.10/site-packages/src/gui/__pycache__/main_window.cpython-310.pyc
/home/dtc/airlab_ws/varunkasi_ws/install/thermal_calibration_tool/lib/python3.10/site-packages/src/gui/__pycache__/calibration_panel.cpython-310.pyc
/home/dtc/airlab_ws/varunkasi_ws/install/thermal_calibration_tool/lib/python3.10/site-packages/src/gui/__pycache__/__init__.cpython-310.pyc
/home/dtc/airlab_ws/varunkasi_ws/install/thermal_calibration_tool/lib/python3.10/site-packages/src/utils/__pycache__/data_manager.cpython-310.pyc
/home/dtc/airlab_ws/varunkasi_ws/install/thermal_calibration_tool/lib/python3.10/site-packages/src/utils/__pycache__/logger.cpython-310.pyc
/home/dtc/airlab_ws/varunkasi_ws/install/thermal_calibration_tool/lib/python3.10/site-packages/src/utils/__pycache__/config.cpython-310.pyc
/home/dtc/airlab_ws/varunkasi_ws/install/thermal_calibration_tool/lib/python3.10/site-packages/src/utils/__pycache__/__init__.cpython-310.pyc
/home/dtc/airlab_ws/varunkasi_ws/install/thermal_calibration_tool/lib/python3.10/site-packages/src/processing/__pycache__/image_utils.cpython-310.pyc
/home/dtc/airlab_ws/varunkasi_ws/install/thermal_calibration_tool/lib/python3.10/site-packages/src/processing/__pycache__/__init__.cpython-310.pyc
/home/dtc/airlab_ws/varunkasi_ws/install/thermal_calibration_tool/lib/python3.10/site-packages/src/processing/__pycache__/thermal_processor.cpython-310.pyc
/home/dtc/airlab_ws/varunkasi_ws/install/thermal_calibration_tool/lib/python3.10/site-packages/thermal_calibration_tool-1.0.0-py3.10.egg-info/SOURCES.txt
/home/dtc/airlab_ws/varunkasi_ws/install/thermal_calibration_tool/lib/python3.10/site-packages/thermal_calibration_tool-1.0.0-py3.10.egg-info/entry_points.txt
/home/dtc/airlab_ws/varunkasi_ws/install/thermal_calibration_tool/lib/python3.10/site-packages/thermal_calibration_tool-1.0.0-py3.10.egg-info/requires.txt
/home/dtc/airlab_ws/varunkasi_ws/install/thermal_calibration_tool/lib/python3.10/site-packages/thermal_calibration_tool-1.0.0-py3.10.egg-info/dependency_links.txt
/home/dtc/airlab_ws/varunkasi_ws/install/thermal_calibration_tool/lib/python3.10/site-packages/thermal_calibration_tool-1.0.0-py3.10.egg-info/top_level.txt
/home/dtc/airlab_ws/varunkasi_ws/install/thermal_calibration_tool/lib/python3.10/site-packages/thermal_calibration_tool-1.0.0-py3.10.egg-info/PKG-INFO
/home/dtc/airlab_ws/varunkasi_ws/install/thermal_calibration_tool/bin/thermal-calibration
