running develop
running egg_info
creating thermal_radiometric_visualizer.egg-info
writing thermal_radiometric_visualizer.egg-info/PKG-INFO
writing dependency_links to thermal_radiometric_visualizer.egg-info/dependency_links.txt
writing entry points to thermal_radiometric_visualizer.egg-info/entry_points.txt
writing requirements to thermal_radiometric_visualizer.egg-info/requires.txt
writing top-level names to thermal_radiometric_visualizer.egg-info/top_level.txt
writing manifest file 'thermal_radiometric_visualizer.egg-info/SOURCES.txt'
reading manifest file 'thermal_radiometric_visualizer.egg-info/SOURCES.txt'
writing manifest file 'thermal_radiometric_visualizer.egg-info/SOURCES.txt'
running build_ext
Creating /home/dtc/airlab_ws/varunkasi_ws/install/thermal_radiometric_visualizer/lib/python3.10/site-packages/thermal-radiometric-visualizer.egg-link (link to .)
Installing thermal_radiometric_visualizer script to /home/dtc/airlab_ws/varunkasi_ws/install/thermal_radiometric_visualizer/lib/thermal_radiometric_visualizer

Installed /home/dtc/airlab_ws/varunkasi_ws/build/thermal_radiometric_visualizer
running symlink_data
creating /home/dtc/airlab_ws/varunkasi_ws/install/thermal_radiometric_visualizer/share/ament_index
creating /home/dtc/airlab_ws/varunkasi_ws/install/thermal_radiometric_visualizer/share/ament_index/resource_index
creating /home/dtc/airlab_ws/varunkasi_ws/install/thermal_radiometric_visualizer/share/ament_index/resource_index/packages
symbolically linking /home/dtc/airlab_ws/varunkasi_ws/build/thermal_radiometric_visualizer/resource/thermal_radiometric_visualizer -> /home/dtc/airlab_ws/varunkasi_ws/install/thermal_radiometric_visualizer/share/ament_index/resource_index/packages
symbolically linking /home/dtc/airlab_ws/varunkasi_ws/build/thermal_radiometric_visualizer/package.xml -> /home/dtc/airlab_ws/varunkasi_ws/install/thermal_radiometric_visualizer/share/thermal_radiometric_visualizer
symbolically linking /home/dtc/airlab_ws/varunkasi_ws/build/thermal_radiometric_visualizer/plugin.xml -> /home/dtc/airlab_ws/varunkasi_ws/install/thermal_radiometric_visualizer/share/thermal_radiometric_visualizer
