[1.236s] Invoking command in '/home/dtc/airlab_ws/varunkasi_ws/build/thermal_radiometric_visualizer': PYTHONPATH=/home/dtc/airlab_ws/varunkasi_ws/build/thermal_radiometric_visualizer/prefix_override:/usr/lib/python3/dist-packages/colcon_core/task/python/colcon_distutils_commands:/home/dtc/airlab_ws/varunkasi_ws/install/thermal_radiometric_visualizer/lib/python3.10/site-packages:${PYTHONPATH} /usr/bin/python3 -W ignore:setup.py install is deprecated -W ignore:easy_install command is deprecated setup.py develop --editable --build-directory /home/dtc/airlab_ws/varunkasi_ws/build/thermal_radiometric_visualizer/build --no-deps symlink_data
[1.525s] running develop
[1.713s] running egg_info
[1.713s] creating thermal_radiometric_visualizer.egg-info
[1.715s] writing thermal_radiometric_visualizer.egg-info/PKG-INFO
[1.715s] writing dependency_links to thermal_radiometric_visualizer.egg-info/dependency_links.txt
[1.715s] writing entry points to thermal_radiometric_visualizer.egg-info/entry_points.txt
[1.716s] writing requirements to thermal_radiometric_visualizer.egg-info/requires.txt
[1.716s] writing top-level names to thermal_radiometric_visualizer.egg-info/top_level.txt
[1.716s] writing manifest file 'thermal_radiometric_visualizer.egg-info/SOURCES.txt'
[1.718s] reading manifest file 'thermal_radiometric_visualizer.egg-info/SOURCES.txt'
[1.718s] writing manifest file 'thermal_radiometric_visualizer.egg-info/SOURCES.txt'
[1.719s] running build_ext
[1.719s] Creating /home/dtc/airlab_ws/varunkasi_ws/install/thermal_radiometric_visualizer/lib/python3.10/site-packages/thermal-radiometric-visualizer.egg-link (link to .)
[1.722s] Installing thermal_radiometric_visualizer script to /home/dtc/airlab_ws/varunkasi_ws/install/thermal_radiometric_visualizer/lib/thermal_radiometric_visualizer
[1.723s] 
[1.723s] Installed /home/dtc/airlab_ws/varunkasi_ws/build/thermal_radiometric_visualizer
[1.724s] running symlink_data
[1.724s] creating /home/dtc/airlab_ws/varunkasi_ws/install/thermal_radiometric_visualizer/share/ament_index
[1.724s] creating /home/dtc/airlab_ws/varunkasi_ws/install/thermal_radiometric_visualizer/share/ament_index/resource_index
[1.724s] creating /home/dtc/airlab_ws/varunkasi_ws/install/thermal_radiometric_visualizer/share/ament_index/resource_index/packages
[1.724s] symbolically linking /home/dtc/airlab_ws/varunkasi_ws/build/thermal_radiometric_visualizer/resource/thermal_radiometric_visualizer -> /home/dtc/airlab_ws/varunkasi_ws/install/thermal_radiometric_visualizer/share/ament_index/resource_index/packages
[1.724s] symbolically linking /home/dtc/airlab_ws/varunkasi_ws/build/thermal_radiometric_visualizer/package.xml -> /home/dtc/airlab_ws/varunkasi_ws/install/thermal_radiometric_visualizer/share/thermal_radiometric_visualizer
[1.725s] symbolically linking /home/dtc/airlab_ws/varunkasi_ws/build/thermal_radiometric_visualizer/plugin.xml -> /home/dtc/airlab_ws/varunkasi_ws/install/thermal_radiometric_visualizer/share/thermal_radiometric_visualizer
[1.780s] Invoked command in '/home/dtc/airlab_ws/varunkasi_ws/build/thermal_radiometric_visualizer' returned '0': PYTHONPATH=/home/dtc/airlab_ws/varunkasi_ws/build/thermal_radiometric_visualizer/prefix_override:/usr/lib/python3/dist-packages/colcon_core/task/python/colcon_distutils_commands:/home/dtc/airlab_ws/varunkasi_ws/install/thermal_radiometric_visualizer/lib/python3.10/site-packages:${PYTHONPATH} /usr/bin/python3 -W ignore:setup.py install is deprecated -W ignore:easy_install command is deprecated setup.py develop --editable --build-directory /home/dtc/airlab_ws/varunkasi_ws/build/thermal_radiometric_visualizer/build --no-deps symlink_data
