[0.086s] DEBUG:colcon:Command line arguments: ['/usr/bin/colcon', 'build']
[0.086s] DEBUG:colcon:Parsed command line arguments: Namespace(log_base=None, log_level=None, verb_name='build', build_base='build', install_base='install', merge_install=False, symlink_install=False, test_result_base=None, continue_on_error=False, executor='parallel', parallel_workers=16, event_handlers=None, ignore_user_meta=False, metas=['./colcon.meta'], base_paths=['.'], packages_ignore=None, packages_ignore_regex=None, paths=None, packages_up_to=None, packages_up_to_regex=None, packages_above=None, packages_above_and_dependencies=None, packages_above_depth=None, packages_select_by_dep=None, packages_skip_by_dep=None, packages_skip_up_to=None, packages_select_build_failed=False, packages_skip_build_finished=False, packages_select_test_failures=False, packages_skip_test_passed=False, packages_select=None, packages_skip=None, packages_select_regex=None, packages_skip_regex=None, packages_start=None, packages_end=None, cmake_args=None, cmake_target=None, cmake_target_skip_unavailable=False, cmake_clean_cache=False, cmake_clean_first=False, cmake_force_configure=False, ament_cmake_args=None, catkin_cmake_args=None, catkin_skip_building_tests=False, mixin_files=None, mixin=None, verb_parser=<colcon_mixin.mixin.mixin_argument.MixinArgumentDecorator object at 0x7831dc7b15a0>, verb_extension=<colcon_core.verb.build.BuildVerb object at 0x7831dc7b10f0>, main=<bound method BuildVerb.main of <colcon_core.verb.build.BuildVerb object at 0x7831dc7b10f0>>, mixin_verb=('build',))
[0.233s] Level 1:colcon.colcon_core.package_discovery:discover_packages(colcon_meta) check parameters
[0.234s] Level 1:colcon.colcon_core.package_discovery:discover_packages(recursive) check parameters
[0.234s] Level 1:colcon.colcon_core.package_discovery:discover_packages(ignore) check parameters
[0.234s] Level 1:colcon.colcon_core.package_discovery:discover_packages(path) check parameters
[0.234s] Level 1:colcon.colcon_core.package_discovery:discover_packages(colcon_meta) discover
[0.234s] Level 1:colcon.colcon_core.package_discovery:discover_packages(recursive) discover
[0.234s] INFO:colcon.colcon_core.package_discovery:Crawling recursively for packages in '/home/dtc/airlab_ws/varunkasi_ws'
[0.234s] Level 1:colcon.colcon_core.package_identification:_identify(.) by extensions ['ignore', 'ignore_ament_install']
[0.234s] Level 1:colcon.colcon_core.package_identification:_identify(.) by extension 'ignore'
[0.234s] Level 1:colcon.colcon_core.package_identification:_identify(.) by extension 'ignore_ament_install'
[0.234s] Level 1:colcon.colcon_core.package_identification:_identify(.) by extensions ['colcon_pkg']
[0.234s] Level 1:colcon.colcon_core.package_identification:_identify(.) by extension 'colcon_pkg'
[0.234s] Level 1:colcon.colcon_core.package_identification:_identify(.) by extensions ['colcon_meta']
[0.234s] Level 1:colcon.colcon_core.package_identification:_identify(.) by extension 'colcon_meta'
[0.234s] Level 1:colcon.colcon_core.package_identification:_identify(.) by extensions ['ros']
[0.234s] Level 1:colcon.colcon_core.package_identification:_identify(.) by extension 'ros'
[0.240s] Level 1:colcon.colcon_core.package_identification:_identify(.) by extensions ['cmake', 'python']
[0.241s] Level 1:colcon.colcon_core.package_identification:_identify(.) by extension 'cmake'
[0.241s] Level 1:colcon.colcon_core.package_identification:_identify(.) by extension 'python'
[0.241s] Level 1:colcon.colcon_core.package_identification:_identify(.) by extensions ['python_setup_py']
[0.241s] Level 1:colcon.colcon_core.package_identification:_identify(.) by extension 'python_setup_py'
[0.241s] Level 1:colcon.colcon_core.package_identification:_identify(build) by extensions ['ignore', 'ignore_ament_install']
[0.241s] Level 1:colcon.colcon_core.package_identification:_identify(build) by extension 'ignore'
[0.241s] Level 1:colcon.colcon_core.package_identification:_identify(build) ignored
[0.241s] Level 1:colcon.colcon_core.package_identification:_identify(install) by extensions ['ignore', 'ignore_ament_install']
[0.241s] Level 1:colcon.colcon_core.package_identification:_identify(install) by extension 'ignore'
[0.241s] Level 1:colcon.colcon_core.package_identification:_identify(install) ignored
[0.241s] Level 1:colcon.colcon_core.package_identification:_identify(log) by extensions ['ignore', 'ignore_ament_install']
[0.241s] Level 1:colcon.colcon_core.package_identification:_identify(log) by extension 'ignore'
[0.241s] Level 1:colcon.colcon_core.package_identification:_identify(log) ignored
[0.241s] Level 1:colcon.colcon_core.package_identification:_identify(src) by extensions ['ignore', 'ignore_ament_install']
[0.241s] Level 1:colcon.colcon_core.package_identification:_identify(src) by extension 'ignore'
[0.241s] Level 1:colcon.colcon_core.package_identification:_identify(src) by extension 'ignore_ament_install'
[0.241s] Level 1:colcon.colcon_core.package_identification:_identify(src) by extensions ['colcon_pkg']
[0.241s] Level 1:colcon.colcon_core.package_identification:_identify(src) by extension 'colcon_pkg'
[0.241s] Level 1:colcon.colcon_core.package_identification:_identify(src) by extensions ['colcon_meta']
[0.241s] Level 1:colcon.colcon_core.package_identification:_identify(src) by extension 'colcon_meta'
[0.241s] Level 1:colcon.colcon_core.package_identification:_identify(src) by extensions ['ros']
[0.241s] Level 1:colcon.colcon_core.package_identification:_identify(src) by extension 'ros'
[0.241s] Level 1:colcon.colcon_core.package_identification:_identify(src) by extensions ['cmake', 'python']
[0.241s] Level 1:colcon.colcon_core.package_identification:_identify(src) by extension 'cmake'
[0.241s] Level 1:colcon.colcon_core.package_identification:_identify(src) by extension 'python'
[0.241s] Level 1:colcon.colcon_core.package_identification:_identify(src) by extensions ['python_setup_py']
[0.241s] Level 1:colcon.colcon_core.package_identification:_identify(src) by extension 'python_setup_py'
[0.241s] Level 1:colcon.colcon_core.package_identification:_identify(src/mono16_converter) by extensions ['ignore', 'ignore_ament_install']
[0.241s] Level 1:colcon.colcon_core.package_identification:_identify(src/mono16_converter) by extension 'ignore'
[0.241s] Level 1:colcon.colcon_core.package_identification:_identify(src/mono16_converter) by extension 'ignore_ament_install'
[0.241s] Level 1:colcon.colcon_core.package_identification:_identify(src/mono16_converter) by extensions ['colcon_pkg']
[0.241s] Level 1:colcon.colcon_core.package_identification:_identify(src/mono16_converter) by extension 'colcon_pkg'
[0.241s] Level 1:colcon.colcon_core.package_identification:_identify(src/mono16_converter) by extensions ['colcon_meta']
[0.241s] Level 1:colcon.colcon_core.package_identification:_identify(src/mono16_converter) by extension 'colcon_meta'
[0.241s] Level 1:colcon.colcon_core.package_identification:_identify(src/mono16_converter) by extensions ['ros']
[0.241s] Level 1:colcon.colcon_core.package_identification:_identify(src/mono16_converter) by extension 'ros'
[0.243s] DEBUG:colcon.colcon_core.package_identification:Package 'src/mono16_converter' with type 'ros.ament_python' and name 'mono16_converter'
[0.243s] Level 1:colcon.colcon_core.package_identification:_identify(src/thermal_calibration_tool) by extensions ['ignore', 'ignore_ament_install']
[0.243s] Level 1:colcon.colcon_core.package_identification:_identify(src/thermal_calibration_tool) by extension 'ignore'
[0.243s] Level 1:colcon.colcon_core.package_identification:_identify(src/thermal_calibration_tool) by extension 'ignore_ament_install'
[0.243s] Level 1:colcon.colcon_core.package_identification:_identify(src/thermal_calibration_tool) by extensions ['colcon_pkg']
[0.243s] Level 1:colcon.colcon_core.package_identification:_identify(src/thermal_calibration_tool) by extension 'colcon_pkg'
[0.243s] Level 1:colcon.colcon_core.package_identification:_identify(src/thermal_calibration_tool) by extensions ['colcon_meta']
[0.243s] Level 1:colcon.colcon_core.package_identification:_identify(src/thermal_calibration_tool) by extension 'colcon_meta'
[0.243s] Level 1:colcon.colcon_core.package_identification:_identify(src/thermal_calibration_tool) by extensions ['ros']
[0.243s] Level 1:colcon.colcon_core.package_identification:_identify(src/thermal_calibration_tool) by extension 'ros'
[0.244s] Level 1:colcon.colcon_core.package_identification:_identify(src/thermal_calibration_tool) by extensions ['cmake', 'python']
[0.244s] Level 1:colcon.colcon_core.package_identification:_identify(src/thermal_calibration_tool) by extension 'cmake'
[0.244s] Level 1:colcon.colcon_core.package_identification:_identify(src/thermal_calibration_tool) by extension 'python'
[0.244s] Level 1:colcon.colcon_core.package_identification:_identify(src/thermal_calibration_tool) by extensions ['python_setup_py']
[0.244s] Level 1:colcon.colcon_core.package_identification:_identify(src/thermal_calibration_tool) by extension 'python_setup_py'
[0.388s] DEBUG:colcon.colcon_core.package_identification:Package 'src/thermal_calibration_tool' with type 'python' and name 'thermal_calibration_tool'
[0.388s] Level 1:colcon.colcon_core.package_identification:_identify(src/thermal_radiometric_visualizer) by extensions ['ignore', 'ignore_ament_install']
[0.389s] Level 1:colcon.colcon_core.package_identification:_identify(src/thermal_radiometric_visualizer) by extension 'ignore'
[0.389s] Level 1:colcon.colcon_core.package_identification:_identify(src/thermal_radiometric_visualizer) by extension 'ignore_ament_install'
[0.389s] Level 1:colcon.colcon_core.package_identification:_identify(src/thermal_radiometric_visualizer) by extensions ['colcon_pkg']
[0.389s] Level 1:colcon.colcon_core.package_identification:_identify(src/thermal_radiometric_visualizer) by extension 'colcon_pkg'
[0.389s] Level 1:colcon.colcon_core.package_identification:_identify(src/thermal_radiometric_visualizer) by extensions ['colcon_meta']
[0.389s] Level 1:colcon.colcon_core.package_identification:_identify(src/thermal_radiometric_visualizer) by extension 'colcon_meta'
[0.389s] Level 1:colcon.colcon_core.package_identification:_identify(src/thermal_radiometric_visualizer) by extensions ['ros']
[0.389s] Level 1:colcon.colcon_core.package_identification:_identify(src/thermal_radiometric_visualizer) by extension 'ros'
[0.389s] DEBUG:colcon.colcon_core.package_identification:Package 'src/thermal_radiometric_visualizer' with type 'ros.ament_python' and name 'thermal_radiometric_visualizer'
[0.389s] Level 1:colcon.colcon_core.package_identification:_identify(src/thermal_radiometry) by extensions ['ignore', 'ignore_ament_install']
[0.389s] Level 1:colcon.colcon_core.package_identification:_identify(src/thermal_radiometry) by extension 'ignore'
[0.389s] Level 1:colcon.colcon_core.package_identification:_identify(src/thermal_radiometry) by extension 'ignore_ament_install'
[0.390s] Level 1:colcon.colcon_core.package_identification:_identify(src/thermal_radiometry) by extensions ['colcon_pkg']
[0.390s] Level 1:colcon.colcon_core.package_identification:_identify(src/thermal_radiometry) by extension 'colcon_pkg'
[0.390s] Level 1:colcon.colcon_core.package_identification:_identify(src/thermal_radiometry) by extensions ['colcon_meta']
[0.390s] Level 1:colcon.colcon_core.package_identification:_identify(src/thermal_radiometry) by extension 'colcon_meta'
[0.390s] Level 1:colcon.colcon_core.package_identification:_identify(src/thermal_radiometry) by extensions ['ros']
[0.390s] Level 1:colcon.colcon_core.package_identification:_identify(src/thermal_radiometry) by extension 'ros'
[0.390s] DEBUG:colcon.colcon_core.package_identification:Package 'src/thermal_radiometry' with type 'ros.ament_python' and name 'thermal_radiometry'
[0.390s] Level 1:colcon.colcon_core.package_identification:_identify(src/usb_cam) by extensions ['ignore', 'ignore_ament_install']
[0.390s] Level 1:colcon.colcon_core.package_identification:_identify(src/usb_cam) by extension 'ignore'
[0.390s] Level 1:colcon.colcon_core.package_identification:_identify(src/usb_cam) by extension 'ignore_ament_install'
[0.390s] Level 1:colcon.colcon_core.package_identification:_identify(src/usb_cam) by extensions ['colcon_pkg']
[0.390s] Level 1:colcon.colcon_core.package_identification:_identify(src/usb_cam) by extension 'colcon_pkg'
[0.390s] Level 1:colcon.colcon_core.package_identification:_identify(src/usb_cam) by extensions ['colcon_meta']
[0.390s] Level 1:colcon.colcon_core.package_identification:_identify(src/usb_cam) by extension 'colcon_meta'
[0.390s] Level 1:colcon.colcon_core.package_identification:_identify(src/usb_cam) by extensions ['ros']
[0.390s] Level 1:colcon.colcon_core.package_identification:_identify(src/usb_cam) by extension 'ros'
[0.391s] DEBUG:colcon.colcon_core.package_identification:Package 'src/usb_cam' with type 'ros.ament_cmake' and name 'usb_cam'
[0.391s] Level 1:colcon.colcon_core.package_discovery:discover_packages(recursive) using defaults
[0.391s] Level 1:colcon.colcon_core.package_discovery:discover_packages(ignore) discover
[0.391s] Level 1:colcon.colcon_core.package_discovery:discover_packages(ignore) using defaults
[0.391s] Level 1:colcon.colcon_core.package_discovery:discover_packages(path) discover
[0.391s] Level 1:colcon.colcon_core.package_discovery:discover_packages(path) using defaults
[0.414s] Level 5:colcon.colcon_core.verb:set package 'mono16_converter' build argument 'cmake_args' from command line to 'None'
[0.414s] Level 5:colcon.colcon_core.verb:set package 'mono16_converter' build argument 'cmake_target' from command line to 'None'
[0.414s] Level 5:colcon.colcon_core.verb:set package 'mono16_converter' build argument 'cmake_target_skip_unavailable' from command line to 'False'
[0.414s] Level 5:colcon.colcon_core.verb:set package 'mono16_converter' build argument 'cmake_clean_cache' from command line to 'False'
[0.415s] Level 5:colcon.colcon_core.verb:set package 'mono16_converter' build argument 'cmake_clean_first' from command line to 'False'
[0.415s] Level 5:colcon.colcon_core.verb:set package 'mono16_converter' build argument 'cmake_force_configure' from command line to 'False'
[0.415s] Level 5:colcon.colcon_core.verb:set package 'mono16_converter' build argument 'ament_cmake_args' from command line to 'None'
[0.415s] Level 5:colcon.colcon_core.verb:set package 'mono16_converter' build argument 'catkin_cmake_args' from command line to 'None'
[0.415s] Level 5:colcon.colcon_core.verb:set package 'mono16_converter' build argument 'catkin_skip_building_tests' from command line to 'False'
[0.415s] DEBUG:colcon.colcon_core.verb:Building package 'mono16_converter' with the following arguments: {'ament_cmake_args': None, 'build_base': '/home/dtc/airlab_ws/varunkasi_ws/build/mono16_converter', 'catkin_cmake_args': None, 'catkin_skip_building_tests': False, 'cmake_args': None, 'cmake_clean_cache': False, 'cmake_clean_first': False, 'cmake_force_configure': False, 'cmake_target': None, 'cmake_target_skip_unavailable': False, 'install_base': '/home/dtc/airlab_ws/varunkasi_ws/install/mono16_converter', 'merge_install': False, 'path': '/home/dtc/airlab_ws/varunkasi_ws/src/mono16_converter', 'symlink_install': False, 'test_result_base': None}
[0.415s] Level 5:colcon.colcon_core.verb:set package 'thermal_calibration_tool' build argument 'cmake_args' from command line to 'None'
[0.415s] Level 5:colcon.colcon_core.verb:set package 'thermal_calibration_tool' build argument 'cmake_target' from command line to 'None'
[0.415s] Level 5:colcon.colcon_core.verb:set package 'thermal_calibration_tool' build argument 'cmake_target_skip_unavailable' from command line to 'False'
[0.415s] Level 5:colcon.colcon_core.verb:set package 'thermal_calibration_tool' build argument 'cmake_clean_cache' from command line to 'False'
[0.415s] Level 5:colcon.colcon_core.verb:set package 'thermal_calibration_tool' build argument 'cmake_clean_first' from command line to 'False'
[0.415s] Level 5:colcon.colcon_core.verb:set package 'thermal_calibration_tool' build argument 'cmake_force_configure' from command line to 'False'
[0.415s] Level 5:colcon.colcon_core.verb:set package 'thermal_calibration_tool' build argument 'ament_cmake_args' from command line to 'None'
[0.415s] Level 5:colcon.colcon_core.verb:set package 'thermal_calibration_tool' build argument 'catkin_cmake_args' from command line to 'None'
[0.415s] Level 5:colcon.colcon_core.verb:set package 'thermal_calibration_tool' build argument 'catkin_skip_building_tests' from command line to 'False'
[0.415s] DEBUG:colcon.colcon_core.verb:Building package 'thermal_calibration_tool' with the following arguments: {'ament_cmake_args': None, 'build_base': '/home/dtc/airlab_ws/varunkasi_ws/build/thermal_calibration_tool', 'catkin_cmake_args': None, 'catkin_skip_building_tests': False, 'cmake_args': None, 'cmake_clean_cache': False, 'cmake_clean_first': False, 'cmake_force_configure': False, 'cmake_target': None, 'cmake_target_skip_unavailable': False, 'install_base': '/home/dtc/airlab_ws/varunkasi_ws/install/thermal_calibration_tool', 'merge_install': False, 'path': '/home/dtc/airlab_ws/varunkasi_ws/src/thermal_calibration_tool', 'symlink_install': False, 'test_result_base': None}
[0.415s] Level 5:colcon.colcon_core.verb:set package 'thermal_radiometric_visualizer' build argument 'cmake_args' from command line to 'None'
[0.415s] Level 5:colcon.colcon_core.verb:set package 'thermal_radiometric_visualizer' build argument 'cmake_target' from command line to 'None'
[0.415s] Level 5:colcon.colcon_core.verb:set package 'thermal_radiometric_visualizer' build argument 'cmake_target_skip_unavailable' from command line to 'False'
[0.415s] Level 5:colcon.colcon_core.verb:set package 'thermal_radiometric_visualizer' build argument 'cmake_clean_cache' from command line to 'False'
[0.415s] Level 5:colcon.colcon_core.verb:set package 'thermal_radiometric_visualizer' build argument 'cmake_clean_first' from command line to 'False'
[0.415s] Level 5:colcon.colcon_core.verb:set package 'thermal_radiometric_visualizer' build argument 'cmake_force_configure' from command line to 'False'
[0.415s] Level 5:colcon.colcon_core.verb:set package 'thermal_radiometric_visualizer' build argument 'ament_cmake_args' from command line to 'None'
[0.415s] Level 5:colcon.colcon_core.verb:set package 'thermal_radiometric_visualizer' build argument 'catkin_cmake_args' from command line to 'None'
[0.415s] Level 5:colcon.colcon_core.verb:set package 'thermal_radiometric_visualizer' build argument 'catkin_skip_building_tests' from command line to 'False'
[0.415s] DEBUG:colcon.colcon_core.verb:Building package 'thermal_radiometric_visualizer' with the following arguments: {'ament_cmake_args': None, 'build_base': '/home/dtc/airlab_ws/varunkasi_ws/build/thermal_radiometric_visualizer', 'catkin_cmake_args': None, 'catkin_skip_building_tests': False, 'cmake_args': None, 'cmake_clean_cache': False, 'cmake_clean_first': False, 'cmake_force_configure': False, 'cmake_target': None, 'cmake_target_skip_unavailable': False, 'install_base': '/home/dtc/airlab_ws/varunkasi_ws/install/thermal_radiometric_visualizer', 'merge_install': False, 'path': '/home/dtc/airlab_ws/varunkasi_ws/src/thermal_radiometric_visualizer', 'symlink_install': False, 'test_result_base': None}
[0.415s] Level 5:colcon.colcon_core.verb:set package 'thermal_radiometry' build argument 'cmake_args' from command line to 'None'
[0.415s] Level 5:colcon.colcon_core.verb:set package 'thermal_radiometry' build argument 'cmake_target' from command line to 'None'
[0.415s] Level 5:colcon.colcon_core.verb:set package 'thermal_radiometry' build argument 'cmake_target_skip_unavailable' from command line to 'False'
[0.415s] Level 5:colcon.colcon_core.verb:set package 'thermal_radiometry' build argument 'cmake_clean_cache' from command line to 'False'
[0.415s] Level 5:colcon.colcon_core.verb:set package 'thermal_radiometry' build argument 'cmake_clean_first' from command line to 'False'
[0.415s] Level 5:colcon.colcon_core.verb:set package 'thermal_radiometry' build argument 'cmake_force_configure' from command line to 'False'
[0.415s] Level 5:colcon.colcon_core.verb:set package 'thermal_radiometry' build argument 'ament_cmake_args' from command line to 'None'
[0.415s] Level 5:colcon.colcon_core.verb:set package 'thermal_radiometry' build argument 'catkin_cmake_args' from command line to 'None'
[0.415s] Level 5:colcon.colcon_core.verb:set package 'thermal_radiometry' build argument 'catkin_skip_building_tests' from command line to 'False'
[0.415s] DEBUG:colcon.colcon_core.verb:Building package 'thermal_radiometry' with the following arguments: {'ament_cmake_args': None, 'build_base': '/home/dtc/airlab_ws/varunkasi_ws/build/thermal_radiometry', 'catkin_cmake_args': None, 'catkin_skip_building_tests': False, 'cmake_args': None, 'cmake_clean_cache': False, 'cmake_clean_first': False, 'cmake_force_configure': False, 'cmake_target': None, 'cmake_target_skip_unavailable': False, 'install_base': '/home/dtc/airlab_ws/varunkasi_ws/install/thermal_radiometry', 'merge_install': False, 'path': '/home/dtc/airlab_ws/varunkasi_ws/src/thermal_radiometry', 'symlink_install': False, 'test_result_base': None}
[0.416s] Level 5:colcon.colcon_core.verb:set package 'usb_cam' build argument 'cmake_args' from command line to 'None'
[0.416s] Level 5:colcon.colcon_core.verb:set package 'usb_cam' build argument 'cmake_target' from command line to 'None'
[0.416s] Level 5:colcon.colcon_core.verb:set package 'usb_cam' build argument 'cmake_target_skip_unavailable' from command line to 'False'
[0.416s] Level 5:colcon.colcon_core.verb:set package 'usb_cam' build argument 'cmake_clean_cache' from command line to 'False'
[0.416s] Level 5:colcon.colcon_core.verb:set package 'usb_cam' build argument 'cmake_clean_first' from command line to 'False'
[0.416s] Level 5:colcon.colcon_core.verb:set package 'usb_cam' build argument 'cmake_force_configure' from command line to 'False'
[0.416s] Level 5:colcon.colcon_core.verb:set package 'usb_cam' build argument 'ament_cmake_args' from command line to 'None'
[0.416s] Level 5:colcon.colcon_core.verb:set package 'usb_cam' build argument 'catkin_cmake_args' from command line to 'None'
[0.416s] Level 5:colcon.colcon_core.verb:set package 'usb_cam' build argument 'catkin_skip_building_tests' from command line to 'False'
[0.416s] DEBUG:colcon.colcon_core.verb:Building package 'usb_cam' with the following arguments: {'ament_cmake_args': None, 'build_base': '/home/dtc/airlab_ws/varunkasi_ws/build/usb_cam', 'catkin_cmake_args': None, 'catkin_skip_building_tests': False, 'cmake_args': None, 'cmake_clean_cache': False, 'cmake_clean_first': False, 'cmake_force_configure': False, 'cmake_target': None, 'cmake_target_skip_unavailable': False, 'install_base': '/home/dtc/airlab_ws/varunkasi_ws/install/usb_cam', 'merge_install': False, 'path': '/home/dtc/airlab_ws/varunkasi_ws/src/usb_cam', 'symlink_install': False, 'test_result_base': None}
[0.416s] INFO:colcon.colcon_core.executor:Executing jobs using 'parallel' executor
[0.416s] DEBUG:colcon.colcon_parallel_executor.executor.parallel:run_until_complete
[0.416s] INFO:colcon.colcon_ros.task.ament_python.build:Building ROS package in '/home/dtc/airlab_ws/varunkasi_ws/src/mono16_converter' with build type 'ament_python'
[0.416s] Level 1:colcon.colcon_core.shell:create_environment_hook('mono16_converter', 'ament_prefix_path')
[0.420s] INFO:colcon.colcon_core.plugin_system:Skipping extension 'colcon_core.shell.bat': Not used on non-Windows systems
[0.420s] INFO:colcon.colcon_core.shell:Creating environment hook '/home/dtc/airlab_ws/varunkasi_ws/install/mono16_converter/share/mono16_converter/hook/ament_prefix_path.ps1'
[0.420s] INFO:colcon.colcon_core.shell:Creating environment descriptor '/home/dtc/airlab_ws/varunkasi_ws/install/mono16_converter/share/mono16_converter/hook/ament_prefix_path.dsv'
[0.421s] INFO:colcon.colcon_core.shell:Creating environment hook '/home/dtc/airlab_ws/varunkasi_ws/install/mono16_converter/share/mono16_converter/hook/ament_prefix_path.sh'
[0.421s] INFO:colcon.colcon_core.shell:Skip shell extension 'powershell' for command environment: Not usable outside of PowerShell
[0.421s] DEBUG:colcon.colcon_core.shell:Skip shell extension 'dsv' for command environment
[0.426s] INFO:colcon.colcon_core.task.python.build:Building Python package in '/home/dtc/airlab_ws/varunkasi_ws/src/thermal_calibration_tool'
[0.426s] INFO:colcon.colcon_core.shell:Skip shell extension 'powershell' for command environment: Not usable outside of PowerShell
[0.426s] DEBUG:colcon.colcon_core.shell:Skip shell extension 'dsv' for command environment
[0.429s] INFO:colcon.colcon_ros.task.ament_python.build:Building ROS package in '/home/dtc/airlab_ws/varunkasi_ws/src/thermal_radiometric_visualizer' with build type 'ament_python'
[0.429s] Level 1:colcon.colcon_core.shell:create_environment_hook('thermal_radiometric_visualizer', 'ament_prefix_path')
[0.429s] INFO:colcon.colcon_core.shell:Creating environment hook '/home/dtc/airlab_ws/varunkasi_ws/install/thermal_radiometric_visualizer/share/thermal_radiometric_visualizer/hook/ament_prefix_path.ps1'
[0.431s] INFO:colcon.colcon_core.shell:Creating environment descriptor '/home/dtc/airlab_ws/varunkasi_ws/install/thermal_radiometric_visualizer/share/thermal_radiometric_visualizer/hook/ament_prefix_path.dsv'
[0.432s] INFO:colcon.colcon_core.shell:Creating environment hook '/home/dtc/airlab_ws/varunkasi_ws/install/thermal_radiometric_visualizer/share/thermal_radiometric_visualizer/hook/ament_prefix_path.sh'
[0.432s] INFO:colcon.colcon_core.shell:Skip shell extension 'powershell' for command environment: Not usable outside of PowerShell
[0.432s] DEBUG:colcon.colcon_core.shell:Skip shell extension 'dsv' for command environment
[0.435s] INFO:colcon.colcon_ros.task.ament_python.build:Building ROS package in '/home/dtc/airlab_ws/varunkasi_ws/src/thermal_radiometry' with build type 'ament_python'
[0.435s] Level 1:colcon.colcon_core.shell:create_environment_hook('thermal_radiometry', 'ament_prefix_path')
[0.436s] INFO:colcon.colcon_core.shell:Creating environment hook '/home/dtc/airlab_ws/varunkasi_ws/install/thermal_radiometry/share/thermal_radiometry/hook/ament_prefix_path.ps1'
[0.436s] INFO:colcon.colcon_core.shell:Creating environment descriptor '/home/dtc/airlab_ws/varunkasi_ws/install/thermal_radiometry/share/thermal_radiometry/hook/ament_prefix_path.dsv'
[0.437s] INFO:colcon.colcon_core.shell:Creating environment hook '/home/dtc/airlab_ws/varunkasi_ws/install/thermal_radiometry/share/thermal_radiometry/hook/ament_prefix_path.sh'
[0.437s] INFO:colcon.colcon_core.shell:Skip shell extension 'powershell' for command environment: Not usable outside of PowerShell
[0.437s] DEBUG:colcon.colcon_core.shell:Skip shell extension 'dsv' for command environment
[0.440s] INFO:colcon.colcon_ros.task.ament_cmake.build:Building ROS package in '/home/dtc/airlab_ws/varunkasi_ws/src/usb_cam' with build type 'ament_cmake'
[0.440s] INFO:colcon.colcon_cmake.task.cmake.build:Building CMake package in '/home/dtc/airlab_ws/varunkasi_ws/src/usb_cam'
[0.440s] INFO:colcon.colcon_core.shell:Skip shell extension 'powershell' for command environment: Not usable outside of PowerShell
[0.440s] DEBUG:colcon.colcon_core.shell:Skip shell extension 'dsv' for command environment
[0.589s] INFO:colcon.colcon_core.task.python.build:Building Python package in '/home/dtc/airlab_ws/varunkasi_ws/src/mono16_converter'
[0.589s] INFO:colcon.colcon_core.shell:Skip shell extension 'powershell' for command environment: Not usable outside of PowerShell
[0.589s] DEBUG:colcon.colcon_core.shell:Skip shell extension 'dsv' for command environment
[0.900s] INFO:colcon.colcon_core.task.python.build:Building Python package in '/home/dtc/airlab_ws/varunkasi_ws/src/thermal_radiometric_visualizer'
[0.901s] INFO:colcon.colcon_core.shell:Skip shell extension 'powershell' for command environment: Not usable outside of PowerShell
[0.901s] DEBUG:colcon.colcon_core.shell:Skip shell extension 'dsv' for command environment
[1.056s] INFO:colcon.colcon_core.task.python.build:Building Python package in '/home/dtc/airlab_ws/varunkasi_ws/src/thermal_radiometry'
[1.056s] INFO:colcon.colcon_core.shell:Skip shell extension 'powershell' for command environment: Not usable outside of PowerShell
[1.056s] DEBUG:colcon.colcon_core.shell:Skip shell extension 'dsv' for command environment
[1.066s] DEBUG:colcon.colcon_core.event_handler.log_command:Invoking command in '/home/dtc/airlab_ws/varunkasi_ws/build/usb_cam': CMAKE_PREFIX_PATH=${CMAKE_PREFIX_PATH}:/opt/ros/humble /usr/bin/cmake /home/dtc/airlab_ws/varunkasi_ws/src/usb_cam -DCMAKE_INSTALL_PREFIX=/home/dtc/airlab_ws/varunkasi_ws/install/usb_cam
[1.073s] DEBUG:colcon.colcon_core.event_handler.log_command:Invoking command in '/home/dtc/airlab_ws/varunkasi_ws/src/thermal_calibration_tool': PYTHONPATH=/home/dtc/airlab_ws/varunkasi_ws/build/thermal_calibration_tool/prefix_override:/usr/lib/python3/dist-packages/colcon_core/task/python/colcon_distutils_commands:/home/dtc/airlab_ws/varunkasi_ws/install/thermal_calibration_tool/lib/python3.10/site-packages:${PYTHONPATH} /usr/bin/python3 -W ignore:setup.py install is deprecated -W ignore:easy_install command is deprecated setup.py egg_info --egg-base ../../build/thermal_calibration_tool build --build-base /home/dtc/airlab_ws/varunkasi_ws/build/thermal_calibration_tool/build install --record /home/dtc/airlab_ws/varunkasi_ws/build/thermal_calibration_tool/install.log --single-version-externally-managed
[1.317s] DEBUG:colcon.colcon_core.event_handler.log_command:Invoking command in '/home/dtc/airlab_ws/varunkasi_ws/src/thermal_radiometry': PYTHONPATH=/home/dtc/airlab_ws/varunkasi_ws/build/thermal_radiometry/prefix_override:/usr/lib/python3/dist-packages/colcon_core/task/python/colcon_distutils_commands:/home/dtc/airlab_ws/varunkasi_ws/install/thermal_radiometry/lib/python3.10/site-packages:${PYTHONPATH} /usr/bin/python3 -W ignore:setup.py install is deprecated -W ignore:easy_install command is deprecated setup.py egg_info --egg-base ../../build/thermal_radiometry build --build-base /home/dtc/airlab_ws/varunkasi_ws/build/thermal_radiometry/build install --record /home/dtc/airlab_ws/varunkasi_ws/build/thermal_radiometry/install.log --single-version-externally-managed install_data
[1.318s] DEBUG:colcon.colcon_core.event_handler.log_command:Invoking command in '/home/dtc/airlab_ws/varunkasi_ws/src/mono16_converter': PYTHONPATH=/home/dtc/airlab_ws/varunkasi_ws/build/mono16_converter/prefix_override:/usr/lib/python3/dist-packages/colcon_core/task/python/colcon_distutils_commands:/home/dtc/airlab_ws/varunkasi_ws/install/mono16_converter/lib/python3.10/site-packages:${PYTHONPATH} /usr/bin/python3 -W ignore:setup.py install is deprecated -W ignore:easy_install command is deprecated setup.py egg_info --egg-base ../../build/mono16_converter build --build-base /home/dtc/airlab_ws/varunkasi_ws/build/mono16_converter/build install --record /home/dtc/airlab_ws/varunkasi_ws/build/mono16_converter/install.log --single-version-externally-managed install_data
[1.325s] DEBUG:colcon.colcon_core.event_handler.log_command:Invoked command in '/home/dtc/airlab_ws/varunkasi_ws/src/thermal_calibration_tool' returned '0': PYTHONPATH=/home/dtc/airlab_ws/varunkasi_ws/build/thermal_calibration_tool/prefix_override:/usr/lib/python3/dist-packages/colcon_core/task/python/colcon_distutils_commands:/home/dtc/airlab_ws/varunkasi_ws/install/thermal_calibration_tool/lib/python3.10/site-packages:${PYTHONPATH} /usr/bin/python3 -W ignore:setup.py install is deprecated -W ignore:easy_install command is deprecated setup.py egg_info --egg-base ../../build/thermal_calibration_tool build --build-base /home/dtc/airlab_ws/varunkasi_ws/build/thermal_calibration_tool/build install --record /home/dtc/airlab_ws/varunkasi_ws/build/thermal_calibration_tool/install.log --single-version-externally-managed
[1.328s] Level 1:colcon.colcon_core.environment:checking '/home/dtc/airlab_ws/varunkasi_ws/install/thermal_calibration_tool' for CMake module files
[1.329s] Level 1:colcon.colcon_core.environment:checking '/home/dtc/airlab_ws/varunkasi_ws/install/thermal_calibration_tool' for CMake config files
[1.329s] Level 1:colcon.colcon_core.environment:checking '/home/dtc/airlab_ws/varunkasi_ws/install/thermal_calibration_tool/lib'
[1.329s] Level 1:colcon.colcon_core.environment:checking '/home/dtc/airlab_ws/varunkasi_ws/install/thermal_calibration_tool/bin'
[1.329s] Level 1:colcon.colcon_core.shell:create_environment_hook('thermal_calibration_tool', 'path')
[1.330s] INFO:colcon.colcon_core.shell:Creating environment hook '/home/dtc/airlab_ws/varunkasi_ws/install/thermal_calibration_tool/share/thermal_calibration_tool/hook/path.ps1'
[1.330s] INFO:colcon.colcon_core.shell:Creating environment descriptor '/home/dtc/airlab_ws/varunkasi_ws/install/thermal_calibration_tool/share/thermal_calibration_tool/hook/path.dsv'
[1.330s] INFO:colcon.colcon_core.shell:Creating environment hook '/home/dtc/airlab_ws/varunkasi_ws/install/thermal_calibration_tool/share/thermal_calibration_tool/hook/path.sh'
[1.330s] Level 1:colcon.colcon_core.environment:checking '/home/dtc/airlab_ws/varunkasi_ws/install/thermal_calibration_tool/lib/pkgconfig/thermal_calibration_tool.pc'
[1.330s] Level 1:colcon.colcon_core.environment:checking '/home/dtc/airlab_ws/varunkasi_ws/install/thermal_calibration_tool/lib/python3.10/site-packages'
[1.331s] Level 1:colcon.colcon_core.shell:create_environment_hook('thermal_calibration_tool', 'pythonpath')
[1.331s] INFO:colcon.colcon_core.shell:Creating environment hook '/home/dtc/airlab_ws/varunkasi_ws/install/thermal_calibration_tool/share/thermal_calibration_tool/hook/pythonpath.ps1'
[1.331s] INFO:colcon.colcon_core.shell:Creating environment descriptor '/home/dtc/airlab_ws/varunkasi_ws/install/thermal_calibration_tool/share/thermal_calibration_tool/hook/pythonpath.dsv'
[1.331s] INFO:colcon.colcon_core.shell:Creating environment hook '/home/dtc/airlab_ws/varunkasi_ws/install/thermal_calibration_tool/share/thermal_calibration_tool/hook/pythonpath.sh'
[1.331s] Level 1:colcon.colcon_core.environment:checking '/home/dtc/airlab_ws/varunkasi_ws/install/thermal_calibration_tool/bin'
[1.331s] Level 1:colcon.colcon_core.shell:create_environment_hook('thermal_calibration_tool', 'pythonscriptspath')
[1.331s] INFO:colcon.colcon_core.shell:Creating environment hook '/home/dtc/airlab_ws/varunkasi_ws/install/thermal_calibration_tool/share/thermal_calibration_tool/hook/pythonscriptspath.ps1'
[1.332s] INFO:colcon.colcon_core.shell:Creating environment descriptor '/home/dtc/airlab_ws/varunkasi_ws/install/thermal_calibration_tool/share/thermal_calibration_tool/hook/pythonscriptspath.dsv'
[1.332s] INFO:colcon.colcon_core.shell:Creating environment hook '/home/dtc/airlab_ws/varunkasi_ws/install/thermal_calibration_tool/share/thermal_calibration_tool/hook/pythonscriptspath.sh'
[1.332s] Level 1:colcon.colcon_core.environment:create_environment_scripts_only(thermal_calibration_tool)
[1.332s] INFO:colcon.colcon_core.shell:Creating package script '/home/dtc/airlab_ws/varunkasi_ws/install/thermal_calibration_tool/share/thermal_calibration_tool/package.ps1'
[1.333s] INFO:colcon.colcon_core.shell:Creating package descriptor '/home/dtc/airlab_ws/varunkasi_ws/install/thermal_calibration_tool/share/thermal_calibration_tool/package.dsv'
[1.333s] INFO:colcon.colcon_core.shell:Creating package script '/home/dtc/airlab_ws/varunkasi_ws/install/thermal_calibration_tool/share/thermal_calibration_tool/package.sh'
[1.334s] INFO:colcon.colcon_core.shell:Creating package script '/home/dtc/airlab_ws/varunkasi_ws/install/thermal_calibration_tool/share/thermal_calibration_tool/package.bash'
[1.336s] INFO:colcon.colcon_core.shell:Creating package script '/home/dtc/airlab_ws/varunkasi_ws/install/thermal_calibration_tool/share/thermal_calibration_tool/package.zsh'
[1.338s] Level 1:colcon.colcon_core.environment:create_file_with_runtime_dependencies(/home/dtc/airlab_ws/varunkasi_ws/install/thermal_calibration_tool/share/colcon-core/packages/thermal_calibration_tool)
[1.342s] DEBUG:colcon.colcon_core.event_handler.log_command:Invoking command in '/home/dtc/airlab_ws/varunkasi_ws/src/thermal_radiometric_visualizer': PYTHONPATH=/home/dtc/airlab_ws/varunkasi_ws/build/thermal_radiometric_visualizer/prefix_override:/usr/lib/python3/dist-packages/colcon_core/task/python/colcon_distutils_commands:/home/dtc/airlab_ws/varunkasi_ws/install/thermal_radiometric_visualizer/lib/python3.10/site-packages:${PYTHONPATH} /usr/bin/python3 -W ignore:setup.py install is deprecated -W ignore:easy_install command is deprecated setup.py egg_info --egg-base ../../build/thermal_radiometric_visualizer build --build-base /home/dtc/airlab_ws/varunkasi_ws/build/thermal_radiometric_visualizer/build install --record /home/dtc/airlab_ws/varunkasi_ws/build/thermal_radiometric_visualizer/install.log --single-version-externally-managed install_data
[1.514s] Level 1:colcon.colcon_core.environment:checking '/home/dtc/airlab_ws/varunkasi_ws/install/thermal_radiometry' for CMake module files
[1.514s] DEBUG:colcon.colcon_core.event_handler.log_command:Invoked command in '/home/dtc/airlab_ws/varunkasi_ws/src/thermal_radiometry' returned '0': PYTHONPATH=/home/dtc/airlab_ws/varunkasi_ws/build/thermal_radiometry/prefix_override:/usr/lib/python3/dist-packages/colcon_core/task/python/colcon_distutils_commands:/home/dtc/airlab_ws/varunkasi_ws/install/thermal_radiometry/lib/python3.10/site-packages:${PYTHONPATH} /usr/bin/python3 -W ignore:setup.py install is deprecated -W ignore:easy_install command is deprecated setup.py egg_info --egg-base ../../build/thermal_radiometry build --build-base /home/dtc/airlab_ws/varunkasi_ws/build/thermal_radiometry/build install --record /home/dtc/airlab_ws/varunkasi_ws/build/thermal_radiometry/install.log --single-version-externally-managed install_data
[1.515s] Level 1:colcon.colcon_core.environment:checking '/home/dtc/airlab_ws/varunkasi_ws/install/thermal_radiometry' for CMake config files
[1.516s] Level 1:colcon.colcon_core.environment:checking '/home/dtc/airlab_ws/varunkasi_ws/install/thermal_radiometry/lib'
[1.516s] Level 1:colcon.colcon_core.environment:checking '/home/dtc/airlab_ws/varunkasi_ws/install/thermal_radiometry/bin'
[1.516s] Level 1:colcon.colcon_core.shell:create_environment_hook('thermal_radiometry', 'path')
[1.516s] INFO:colcon.colcon_core.shell:Creating environment hook '/home/dtc/airlab_ws/varunkasi_ws/install/thermal_radiometry/share/thermal_radiometry/hook/path.ps1'
[1.516s] INFO:colcon.colcon_core.shell:Creating environment descriptor '/home/dtc/airlab_ws/varunkasi_ws/install/thermal_radiometry/share/thermal_radiometry/hook/path.dsv'
[1.516s] INFO:colcon.colcon_core.shell:Creating environment hook '/home/dtc/airlab_ws/varunkasi_ws/install/thermal_radiometry/share/thermal_radiometry/hook/path.sh'
[1.517s] Level 1:colcon.colcon_core.environment:checking '/home/dtc/airlab_ws/varunkasi_ws/install/thermal_radiometry/lib/pkgconfig/thermal_radiometry.pc'
[1.517s] Level 1:colcon.colcon_core.environment:checking '/home/dtc/airlab_ws/varunkasi_ws/install/thermal_radiometry/lib/python3.10/site-packages'
[1.517s] Level 1:colcon.colcon_core.shell:create_environment_hook('thermal_radiometry', 'pythonpath')
[1.517s] INFO:colcon.colcon_core.shell:Creating environment hook '/home/dtc/airlab_ws/varunkasi_ws/install/thermal_radiometry/share/thermal_radiometry/hook/pythonpath.ps1'
[1.517s] INFO:colcon.colcon_core.shell:Creating environment descriptor '/home/dtc/airlab_ws/varunkasi_ws/install/thermal_radiometry/share/thermal_radiometry/hook/pythonpath.dsv'
[1.517s] INFO:colcon.colcon_core.shell:Creating environment hook '/home/dtc/airlab_ws/varunkasi_ws/install/thermal_radiometry/share/thermal_radiometry/hook/pythonpath.sh'
[1.518s] Level 1:colcon.colcon_core.environment:checking '/home/dtc/airlab_ws/varunkasi_ws/install/thermal_radiometry/bin'
[1.518s] Level 1:colcon.colcon_core.shell:create_environment_hook('thermal_radiometry', 'pythonscriptspath')
[1.518s] INFO:colcon.colcon_core.shell:Creating environment hook '/home/dtc/airlab_ws/varunkasi_ws/install/thermal_radiometry/share/thermal_radiometry/hook/pythonscriptspath.ps1'
[1.518s] INFO:colcon.colcon_core.shell:Creating environment descriptor '/home/dtc/airlab_ws/varunkasi_ws/install/thermal_radiometry/share/thermal_radiometry/hook/pythonscriptspath.dsv'
[1.518s] INFO:colcon.colcon_core.shell:Creating environment hook '/home/dtc/airlab_ws/varunkasi_ws/install/thermal_radiometry/share/thermal_radiometry/hook/pythonscriptspath.sh'
[1.518s] Level 1:colcon.colcon_core.environment:create_environment_scripts_only(thermal_radiometry)
[1.519s] INFO:colcon.colcon_core.shell:Creating package script '/home/dtc/airlab_ws/varunkasi_ws/install/thermal_radiometry/share/thermal_radiometry/package.ps1'
[1.519s] INFO:colcon.colcon_core.shell:Creating package descriptor '/home/dtc/airlab_ws/varunkasi_ws/install/thermal_radiometry/share/thermal_radiometry/package.dsv'
[1.519s] INFO:colcon.colcon_core.shell:Creating package script '/home/dtc/airlab_ws/varunkasi_ws/install/thermal_radiometry/share/thermal_radiometry/package.sh'
[1.520s] INFO:colcon.colcon_core.shell:Creating package script '/home/dtc/airlab_ws/varunkasi_ws/install/thermal_radiometry/share/thermal_radiometry/package.bash'
[1.520s] INFO:colcon.colcon_core.shell:Creating package script '/home/dtc/airlab_ws/varunkasi_ws/install/thermal_radiometry/share/thermal_radiometry/package.zsh'
[1.521s] Level 1:colcon.colcon_core.environment:create_file_with_runtime_dependencies(/home/dtc/airlab_ws/varunkasi_ws/install/thermal_radiometry/share/colcon-core/packages/thermal_radiometry)
[1.522s] Level 1:colcon.colcon_core.environment:checking '/home/dtc/airlab_ws/varunkasi_ws/install/mono16_converter' for CMake module files
[1.522s] DEBUG:colcon.colcon_core.event_handler.log_command:Invoked command in '/home/dtc/airlab_ws/varunkasi_ws/src/mono16_converter' returned '0': PYTHONPATH=/home/dtc/airlab_ws/varunkasi_ws/build/mono16_converter/prefix_override:/usr/lib/python3/dist-packages/colcon_core/task/python/colcon_distutils_commands:/home/dtc/airlab_ws/varunkasi_ws/install/mono16_converter/lib/python3.10/site-packages:${PYTHONPATH} /usr/bin/python3 -W ignore:setup.py install is deprecated -W ignore:easy_install command is deprecated setup.py egg_info --egg-base ../../build/mono16_converter build --build-base /home/dtc/airlab_ws/varunkasi_ws/build/mono16_converter/build install --record /home/dtc/airlab_ws/varunkasi_ws/build/mono16_converter/install.log --single-version-externally-managed install_data
[1.523s] Level 1:colcon.colcon_core.environment:checking '/home/dtc/airlab_ws/varunkasi_ws/install/mono16_converter' for CMake config files
[1.523s] Level 1:colcon.colcon_core.environment:checking '/home/dtc/airlab_ws/varunkasi_ws/install/mono16_converter/lib'
[1.523s] Level 1:colcon.colcon_core.environment:checking '/home/dtc/airlab_ws/varunkasi_ws/install/mono16_converter/bin'
[1.523s] Level 1:colcon.colcon_core.environment:checking '/home/dtc/airlab_ws/varunkasi_ws/install/mono16_converter/lib/pkgconfig/mono16_converter.pc'
[1.524s] Level 1:colcon.colcon_core.environment:checking '/home/dtc/airlab_ws/varunkasi_ws/install/mono16_converter/lib/python3.10/site-packages'
[1.524s] Level 1:colcon.colcon_core.shell:create_environment_hook('mono16_converter', 'pythonpath')
[1.524s] INFO:colcon.colcon_core.shell:Creating environment hook '/home/dtc/airlab_ws/varunkasi_ws/install/mono16_converter/share/mono16_converter/hook/pythonpath.ps1'
[1.524s] INFO:colcon.colcon_core.shell:Creating environment descriptor '/home/dtc/airlab_ws/varunkasi_ws/install/mono16_converter/share/mono16_converter/hook/pythonpath.dsv'
[1.524s] INFO:colcon.colcon_core.shell:Creating environment hook '/home/dtc/airlab_ws/varunkasi_ws/install/mono16_converter/share/mono16_converter/hook/pythonpath.sh'
[1.525s] Level 1:colcon.colcon_core.environment:checking '/home/dtc/airlab_ws/varunkasi_ws/install/mono16_converter/bin'
[1.525s] Level 1:colcon.colcon_core.environment:create_environment_scripts_only(mono16_converter)
[1.525s] INFO:colcon.colcon_core.shell:Creating package script '/home/dtc/airlab_ws/varunkasi_ws/install/mono16_converter/share/mono16_converter/package.ps1'
[1.525s] INFO:colcon.colcon_core.shell:Creating package descriptor '/home/dtc/airlab_ws/varunkasi_ws/install/mono16_converter/share/mono16_converter/package.dsv'
[1.526s] INFO:colcon.colcon_core.shell:Creating package script '/home/dtc/airlab_ws/varunkasi_ws/install/mono16_converter/share/mono16_converter/package.sh'
[1.526s] INFO:colcon.colcon_core.shell:Creating package script '/home/dtc/airlab_ws/varunkasi_ws/install/mono16_converter/share/mono16_converter/package.bash'
[1.526s] INFO:colcon.colcon_core.shell:Creating package script '/home/dtc/airlab_ws/varunkasi_ws/install/mono16_converter/share/mono16_converter/package.zsh'
[1.526s] Level 1:colcon.colcon_core.environment:create_file_with_runtime_dependencies(/home/dtc/airlab_ws/varunkasi_ws/install/mono16_converter/share/colcon-core/packages/mono16_converter)
[1.528s] Level 1:colcon.colcon_core.environment:checking '/home/dtc/airlab_ws/varunkasi_ws/install/thermal_radiometric_visualizer' for CMake module files
[1.529s] DEBUG:colcon.colcon_core.event_handler.log_command:Invoked command in '/home/dtc/airlab_ws/varunkasi_ws/src/thermal_radiometric_visualizer' returned '0': PYTHONPATH=/home/dtc/airlab_ws/varunkasi_ws/build/thermal_radiometric_visualizer/prefix_override:/usr/lib/python3/dist-packages/colcon_core/task/python/colcon_distutils_commands:/home/dtc/airlab_ws/varunkasi_ws/install/thermal_radiometric_visualizer/lib/python3.10/site-packages:${PYTHONPATH} /usr/bin/python3 -W ignore:setup.py install is deprecated -W ignore:easy_install command is deprecated setup.py egg_info --egg-base ../../build/thermal_radiometric_visualizer build --build-base /home/dtc/airlab_ws/varunkasi_ws/build/thermal_radiometric_visualizer/build install --record /home/dtc/airlab_ws/varunkasi_ws/build/thermal_radiometric_visualizer/install.log --single-version-externally-managed install_data
[1.529s] Level 1:colcon.colcon_core.environment:checking '/home/dtc/airlab_ws/varunkasi_ws/install/thermal_radiometric_visualizer' for CMake config files
[1.529s] Level 1:colcon.colcon_core.environment:checking '/home/dtc/airlab_ws/varunkasi_ws/install/thermal_radiometric_visualizer/lib'
[1.530s] Level 1:colcon.colcon_core.environment:checking '/home/dtc/airlab_ws/varunkasi_ws/install/thermal_radiometric_visualizer/bin'
[1.530s] Level 1:colcon.colcon_core.environment:checking '/home/dtc/airlab_ws/varunkasi_ws/install/thermal_radiometric_visualizer/lib/pkgconfig/thermal_radiometric_visualizer.pc'
[1.530s] Level 1:colcon.colcon_core.environment:checking '/home/dtc/airlab_ws/varunkasi_ws/install/thermal_radiometric_visualizer/lib/python3.10/site-packages'
[1.530s] Level 1:colcon.colcon_core.shell:create_environment_hook('thermal_radiometric_visualizer', 'pythonpath')
[1.530s] INFO:colcon.colcon_core.shell:Creating environment hook '/home/dtc/airlab_ws/varunkasi_ws/install/thermal_radiometric_visualizer/share/thermal_radiometric_visualizer/hook/pythonpath.ps1'
[1.530s] INFO:colcon.colcon_core.shell:Creating environment descriptor '/home/dtc/airlab_ws/varunkasi_ws/install/thermal_radiometric_visualizer/share/thermal_radiometric_visualizer/hook/pythonpath.dsv'
[1.530s] INFO:colcon.colcon_core.shell:Creating environment hook '/home/dtc/airlab_ws/varunkasi_ws/install/thermal_radiometric_visualizer/share/thermal_radiometric_visualizer/hook/pythonpath.sh'
[1.531s] Level 1:colcon.colcon_core.environment:checking '/home/dtc/airlab_ws/varunkasi_ws/install/thermal_radiometric_visualizer/bin'
[1.531s] Level 1:colcon.colcon_core.environment:create_environment_scripts_only(thermal_radiometric_visualizer)
[1.531s] INFO:colcon.colcon_core.shell:Creating package script '/home/dtc/airlab_ws/varunkasi_ws/install/thermal_radiometric_visualizer/share/thermal_radiometric_visualizer/package.ps1'
[1.531s] INFO:colcon.colcon_core.shell:Creating package descriptor '/home/dtc/airlab_ws/varunkasi_ws/install/thermal_radiometric_visualizer/share/thermal_radiometric_visualizer/package.dsv'
[1.531s] INFO:colcon.colcon_core.shell:Creating package script '/home/dtc/airlab_ws/varunkasi_ws/install/thermal_radiometric_visualizer/share/thermal_radiometric_visualizer/package.sh'
[1.532s] INFO:colcon.colcon_core.shell:Creating package script '/home/dtc/airlab_ws/varunkasi_ws/install/thermal_radiometric_visualizer/share/thermal_radiometric_visualizer/package.bash'
[1.532s] INFO:colcon.colcon_core.shell:Creating package script '/home/dtc/airlab_ws/varunkasi_ws/install/thermal_radiometric_visualizer/share/thermal_radiometric_visualizer/package.zsh'
[1.532s] Level 1:colcon.colcon_core.environment:create_file_with_runtime_dependencies(/home/dtc/airlab_ws/varunkasi_ws/install/thermal_radiometric_visualizer/share/colcon-core/packages/thermal_radiometric_visualizer)
[2.473s] DEBUG:colcon.colcon_core.event_handler.log_command:Invoked command in '/home/dtc/airlab_ws/varunkasi_ws/build/usb_cam' returned '0': CMAKE_PREFIX_PATH=${CMAKE_PREFIX_PATH}:/opt/ros/humble /usr/bin/cmake /home/dtc/airlab_ws/varunkasi_ws/src/usb_cam -DCMAKE_INSTALL_PREFIX=/home/dtc/airlab_ws/varunkasi_ws/install/usb_cam
[2.475s] DEBUG:colcon.colcon_core.event_handler.log_command:Invoking command in '/home/dtc/airlab_ws/varunkasi_ws/build/usb_cam': CMAKE_PREFIX_PATH=${CMAKE_PREFIX_PATH}:/opt/ros/humble /usr/bin/cmake --build /home/dtc/airlab_ws/varunkasi_ws/build/usb_cam -- -j16 -l16
[10.929s] DEBUG:colcon.colcon_core.event_handler.log_command:Invoked command in '/home/dtc/airlab_ws/varunkasi_ws/build/usb_cam' returned '0': CMAKE_PREFIX_PATH=${CMAKE_PREFIX_PATH}:/opt/ros/humble /usr/bin/cmake --build /home/dtc/airlab_ws/varunkasi_ws/build/usb_cam -- -j16 -l16
[10.938s] DEBUG:colcon.colcon_core.event_handler.log_command:Invoking command in '/home/dtc/airlab_ws/varunkasi_ws/build/usb_cam': CMAKE_PREFIX_PATH=${CMAKE_PREFIX_PATH}:/opt/ros/humble /usr/bin/cmake --install /home/dtc/airlab_ws/varunkasi_ws/build/usb_cam
[10.952s] Level 1:colcon.colcon_core.environment:create_environment_scripts_only(usb_cam)
[10.952s] Level 1:colcon.colcon_core.environment:checking '/home/dtc/airlab_ws/varunkasi_ws/install/usb_cam' for CMake module files
[10.952s] DEBUG:colcon.colcon_core.event_handler.log_command:Invoked command in '/home/dtc/airlab_ws/varunkasi_ws/build/usb_cam' returned '0': CMAKE_PREFIX_PATH=${CMAKE_PREFIX_PATH}:/opt/ros/humble /usr/bin/cmake --install /home/dtc/airlab_ws/varunkasi_ws/build/usb_cam
[10.952s] Level 1:colcon.colcon_core.environment:checking '/home/dtc/airlab_ws/varunkasi_ws/install/usb_cam' for CMake config files
[10.953s] Level 1:colcon.colcon_core.shell:create_environment_hook('usb_cam', 'cmake_prefix_path')
[10.953s] INFO:colcon.colcon_core.shell:Creating environment hook '/home/dtc/airlab_ws/varunkasi_ws/install/usb_cam/share/usb_cam/hook/cmake_prefix_path.ps1'
[10.953s] INFO:colcon.colcon_core.shell:Creating environment descriptor '/home/dtc/airlab_ws/varunkasi_ws/install/usb_cam/share/usb_cam/hook/cmake_prefix_path.dsv'
[10.953s] INFO:colcon.colcon_core.shell:Creating environment hook '/home/dtc/airlab_ws/varunkasi_ws/install/usb_cam/share/usb_cam/hook/cmake_prefix_path.sh'
[10.954s] Level 1:colcon.colcon_core.environment:checking '/home/dtc/airlab_ws/varunkasi_ws/install/usb_cam/lib'
[10.954s] Level 1:colcon.colcon_core.shell:create_environment_hook('usb_cam', 'ld_library_path_lib')
[10.954s] INFO:colcon.colcon_core.shell:Creating environment hook '/home/dtc/airlab_ws/varunkasi_ws/install/usb_cam/share/usb_cam/hook/ld_library_path_lib.ps1'
[10.954s] INFO:colcon.colcon_core.shell:Creating environment descriptor '/home/dtc/airlab_ws/varunkasi_ws/install/usb_cam/share/usb_cam/hook/ld_library_path_lib.dsv'
[10.954s] INFO:colcon.colcon_core.shell:Creating environment hook '/home/dtc/airlab_ws/varunkasi_ws/install/usb_cam/share/usb_cam/hook/ld_library_path_lib.sh'
[10.954s] Level 1:colcon.colcon_core.environment:checking '/home/dtc/airlab_ws/varunkasi_ws/install/usb_cam/bin'
[10.954s] Level 1:colcon.colcon_core.environment:checking '/home/dtc/airlab_ws/varunkasi_ws/install/usb_cam/lib/pkgconfig/usb_cam.pc'
[10.954s] Level 1:colcon.colcon_core.environment:checking '/home/dtc/airlab_ws/varunkasi_ws/install/usb_cam/lib/python3.10/site-packages'
[10.954s] Level 1:colcon.colcon_core.environment:checking '/home/dtc/airlab_ws/varunkasi_ws/install/usb_cam/bin'
[10.955s] INFO:colcon.colcon_core.shell:Creating package script '/home/dtc/airlab_ws/varunkasi_ws/install/usb_cam/share/usb_cam/package.ps1'
[10.955s] INFO:colcon.colcon_core.shell:Creating package descriptor '/home/dtc/airlab_ws/varunkasi_ws/install/usb_cam/share/usb_cam/package.dsv'
[10.955s] INFO:colcon.colcon_core.shell:Creating package script '/home/dtc/airlab_ws/varunkasi_ws/install/usb_cam/share/usb_cam/package.sh'
[10.955s] INFO:colcon.colcon_core.shell:Creating package script '/home/dtc/airlab_ws/varunkasi_ws/install/usb_cam/share/usb_cam/package.bash'
[10.955s] INFO:colcon.colcon_core.shell:Creating package script '/home/dtc/airlab_ws/varunkasi_ws/install/usb_cam/share/usb_cam/package.zsh'
[10.956s] Level 1:colcon.colcon_core.environment:create_file_with_runtime_dependencies(/home/dtc/airlab_ws/varunkasi_ws/install/usb_cam/share/colcon-core/packages/usb_cam)
[10.956s] Level 1:colcon.colcon_core.environment:create_environment_scripts_only(usb_cam)
[10.956s] Level 1:colcon.colcon_core.environment:checking '/home/dtc/airlab_ws/varunkasi_ws/install/usb_cam' for CMake module files
[10.956s] Level 1:colcon.colcon_core.environment:checking '/home/dtc/airlab_ws/varunkasi_ws/install/usb_cam' for CMake config files
[10.956s] Level 1:colcon.colcon_core.shell:create_environment_hook('usb_cam', 'cmake_prefix_path')
[10.957s] INFO:colcon.colcon_core.shell:Creating environment hook '/home/dtc/airlab_ws/varunkasi_ws/install/usb_cam/share/usb_cam/hook/cmake_prefix_path.ps1'
[10.957s] INFO:colcon.colcon_core.shell:Creating environment descriptor '/home/dtc/airlab_ws/varunkasi_ws/install/usb_cam/share/usb_cam/hook/cmake_prefix_path.dsv'
[10.957s] INFO:colcon.colcon_core.shell:Creating environment hook '/home/dtc/airlab_ws/varunkasi_ws/install/usb_cam/share/usb_cam/hook/cmake_prefix_path.sh'
[10.957s] Level 1:colcon.colcon_core.environment:checking '/home/dtc/airlab_ws/varunkasi_ws/install/usb_cam/lib'
[10.957s] Level 1:colcon.colcon_core.shell:create_environment_hook('usb_cam', 'ld_library_path_lib')
[10.957s] INFO:colcon.colcon_core.shell:Creating environment hook '/home/dtc/airlab_ws/varunkasi_ws/install/usb_cam/share/usb_cam/hook/ld_library_path_lib.ps1'
[10.958s] INFO:colcon.colcon_core.shell:Creating environment descriptor '/home/dtc/airlab_ws/varunkasi_ws/install/usb_cam/share/usb_cam/hook/ld_library_path_lib.dsv'
[10.958s] INFO:colcon.colcon_core.shell:Creating environment hook '/home/dtc/airlab_ws/varunkasi_ws/install/usb_cam/share/usb_cam/hook/ld_library_path_lib.sh'
[10.958s] Level 1:colcon.colcon_core.environment:checking '/home/dtc/airlab_ws/varunkasi_ws/install/usb_cam/bin'
[10.958s] Level 1:colcon.colcon_core.environment:checking '/home/dtc/airlab_ws/varunkasi_ws/install/usb_cam/lib/pkgconfig/usb_cam.pc'
[10.958s] Level 1:colcon.colcon_core.environment:checking '/home/dtc/airlab_ws/varunkasi_ws/install/usb_cam/lib/python3.10/site-packages'
[10.958s] Level 1:colcon.colcon_core.environment:checking '/home/dtc/airlab_ws/varunkasi_ws/install/usb_cam/bin'
[10.958s] INFO:colcon.colcon_core.shell:Creating package script '/home/dtc/airlab_ws/varunkasi_ws/install/usb_cam/share/usb_cam/package.ps1'
[10.958s] INFO:colcon.colcon_core.shell:Creating package descriptor '/home/dtc/airlab_ws/varunkasi_ws/install/usb_cam/share/usb_cam/package.dsv'
[10.959s] INFO:colcon.colcon_core.shell:Creating package script '/home/dtc/airlab_ws/varunkasi_ws/install/usb_cam/share/usb_cam/package.sh'
[10.959s] INFO:colcon.colcon_core.shell:Creating package script '/home/dtc/airlab_ws/varunkasi_ws/install/usb_cam/share/usb_cam/package.bash'
[10.959s] INFO:colcon.colcon_core.shell:Creating package script '/home/dtc/airlab_ws/varunkasi_ws/install/usb_cam/share/usb_cam/package.zsh'
[10.959s] Level 1:colcon.colcon_core.environment:create_file_with_runtime_dependencies(/home/dtc/airlab_ws/varunkasi_ws/install/usb_cam/share/colcon-core/packages/usb_cam)
[10.959s] DEBUG:colcon.colcon_parallel_executor.executor.parallel:closing loop
[10.960s] DEBUG:colcon.colcon_parallel_executor.executor.parallel:loop closed
[10.960s] DEBUG:colcon.colcon_parallel_executor.executor.parallel:run_until_complete finished with '0'
[10.960s] DEBUG:colcon.colcon_core.event_reactor:joining thread
[10.964s] INFO:colcon.colcon_core.plugin_system:Skipping extension 'colcon_notification.desktop_notification.notify_send': Could not find 'notify-send'
[10.964s] INFO:colcon.colcon_core.plugin_system:Skipping extension 'colcon_notification.desktop_notification.terminal_notifier': Not used on non-Darwin systems
[10.964s] INFO:colcon.colcon_core.plugin_system:Skipping extension 'colcon_notification.desktop_notification.win32': Not used on non-Windows systems
[10.964s] INFO:colcon.colcon_notification.desktop_notification:Sending desktop notification using 'notify2'
[10.967s] DEBUG:colcon.colcon_notification.desktop_notification.notify2:Failed to initialize notify2: org.freedesktop.DBus.Error.Spawn.ExecFailed: /usr/bin/dbus-launch terminated abnormally without any error message
[10.967s] DEBUG:colcon.colcon_core.event_reactor:joined thread
[10.967s] INFO:colcon.colcon_core.shell:Creating prefix script '/home/dtc/airlab_ws/varunkasi_ws/install/local_setup.ps1'
[10.968s] INFO:colcon.colcon_core.shell:Creating prefix util module '/home/dtc/airlab_ws/varunkasi_ws/install/_local_setup_util_ps1.py'
[10.969s] INFO:colcon.colcon_core.shell:Creating prefix chain script '/home/dtc/airlab_ws/varunkasi_ws/install/setup.ps1'
[10.970s] INFO:colcon.colcon_core.shell:Creating prefix script '/home/dtc/airlab_ws/varunkasi_ws/install/local_setup.sh'
[10.970s] INFO:colcon.colcon_core.shell:Creating prefix util module '/home/dtc/airlab_ws/varunkasi_ws/install/_local_setup_util_sh.py'
[10.970s] INFO:colcon.colcon_core.shell:Creating prefix chain script '/home/dtc/airlab_ws/varunkasi_ws/install/setup.sh'
[10.971s] INFO:colcon.colcon_core.shell:Creating prefix script '/home/dtc/airlab_ws/varunkasi_ws/install/local_setup.bash'
[10.971s] INFO:colcon.colcon_core.shell:Creating prefix chain script '/home/dtc/airlab_ws/varunkasi_ws/install/setup.bash'
[10.972s] INFO:colcon.colcon_core.shell:Creating prefix script '/home/dtc/airlab_ws/varunkasi_ws/install/local_setup.zsh'
[10.972s] INFO:colcon.colcon_core.shell:Creating prefix chain script '/home/dtc/airlab_ws/varunkasi_ws/install/setup.zsh'
