[0.510s] Invoking command in '/home/dtc/airlab_ws/varunkasi_ws/build/thermal_radiometric_visualizer': PYTHONPATH=/home/dtc/airlab_ws/varunkasi_ws/build/thermal_radiometric_visualizer/prefix_override:/usr/lib/python3/dist-packages/colcon_core/task/python/colcon_distutils_commands:/home/dtc/airlab_ws/varunkasi_ws/install/thermal_radiometric_visualizer/lib/python3.10/site-packages:${PYTHONPATH} /usr/bin/python3 -W ignore:setup.py install is deprecated -W ignore:easy_install command is deprecated setup.py develop --uninstall --editable --build-directory /home/dtc/airlab_ws/varunkasi_ws/build/thermal_radiometric_visualizer/build
[0.725s] running develop
[0.851s] Removing /home/dtc/airlab_ws/varunkasi_ws/install/thermal_radiometric_visualizer/lib/python3.10/site-packages/thermal-radiometric-visualizer.egg-link (link to .)
[0.893s] Invoked command in '/home/dtc/airlab_ws/varunkasi_ws/build/thermal_radiometric_visualizer' returned '0': PYTHONPATH=/home/dtc/airlab_ws/varunkasi_ws/build/thermal_radiometric_visualizer/prefix_override:/usr/lib/python3/dist-packages/colcon_core/task/python/colcon_distutils_commands:/home/dtc/airlab_ws/varunkasi_ws/install/thermal_radiometric_visualizer/lib/python3.10/site-packages:${PYTHONPATH} /usr/bin/python3 -W ignore:setup.py install is deprecated -W ignore:easy_install command is deprecated setup.py develop --uninstall --editable --build-directory /home/dtc/airlab_ws/varunkasi_ws/build/thermal_radiometric_visualizer/build
[0.894s] Invoking command in '/home/dtc/airlab_ws/varunkasi_ws/src/thermal_radiometric_visualizer': PYTHONPATH=/home/dtc/airlab_ws/varunkasi_ws/build/thermal_radiometric_visualizer/prefix_override:/usr/lib/python3/dist-packages/colcon_core/task/python/colcon_distutils_commands:/home/dtc/airlab_ws/varunkasi_ws/install/thermal_radiometric_visualizer/lib/python3.10/site-packages:${PYTHONPATH} /usr/bin/python3 -W ignore:setup.py install is deprecated -W ignore:easy_install command is deprecated setup.py egg_info --egg-base ../../build/thermal_radiometric_visualizer build --build-base /home/dtc/airlab_ws/varunkasi_ws/build/thermal_radiometric_visualizer/build install --record /home/dtc/airlab_ws/varunkasi_ws/build/thermal_radiometric_visualizer/install.log --single-version-externally-managed install_data --force
[1.091s] running egg_info
[1.092s] writing ../../build/thermal_radiometric_visualizer/thermal_radiometric_visualizer.egg-info/PKG-INFO
[1.092s] writing dependency_links to ../../build/thermal_radiometric_visualizer/thermal_radiometric_visualizer.egg-info/dependency_links.txt
[1.092s] writing entry points to ../../build/thermal_radiometric_visualizer/thermal_radiometric_visualizer.egg-info/entry_points.txt
[1.093s] writing requirements to ../../build/thermal_radiometric_visualizer/thermal_radiometric_visualizer.egg-info/requires.txt
[1.093s] writing top-level names to ../../build/thermal_radiometric_visualizer/thermal_radiometric_visualizer.egg-info/top_level.txt
[1.094s] reading manifest file '../../build/thermal_radiometric_visualizer/thermal_radiometric_visualizer.egg-info/SOURCES.txt'
[1.095s] writing manifest file '../../build/thermal_radiometric_visualizer/thermal_radiometric_visualizer.egg-info/SOURCES.txt'
[1.095s] running build
[1.095s] running build_py
[1.095s] creating /home/dtc/airlab_ws/varunkasi_ws/build/thermal_radiometric_visualizer/build
[1.095s] creating /home/dtc/airlab_ws/varunkasi_ws/build/thermal_radiometric_visualizer/build/lib
[1.095s] creating /home/dtc/airlab_ws/varunkasi_ws/build/thermal_radiometric_visualizer/build/lib/thermal_radiometric_visualizer
[1.095s] copying thermal_radiometric_visualizer/__init__.py -> /home/dtc/airlab_ws/varunkasi_ws/build/thermal_radiometric_visualizer/build/lib/thermal_radiometric_visualizer
[1.095s] copying thermal_radiometric_visualizer/visualizer.py -> /home/dtc/airlab_ws/varunkasi_ws/build/thermal_radiometric_visualizer/build/lib/thermal_radiometric_visualizer
[1.096s] running install
[1.096s] running install_lib
[1.097s] creating /home/dtc/airlab_ws/varunkasi_ws/install/thermal_radiometric_visualizer/lib/python3.10/site-packages/thermal_radiometric_visualizer
[1.097s] copying /home/dtc/airlab_ws/varunkasi_ws/build/thermal_radiometric_visualizer/build/lib/thermal_radiometric_visualizer/__init__.py -> /home/dtc/airlab_ws/varunkasi_ws/install/thermal_radiometric_visualizer/lib/python3.10/site-packages/thermal_radiometric_visualizer
[1.097s] copying /home/dtc/airlab_ws/varunkasi_ws/build/thermal_radiometric_visualizer/build/lib/thermal_radiometric_visualizer/visualizer.py -> /home/dtc/airlab_ws/varunkasi_ws/install/thermal_radiometric_visualizer/lib/python3.10/site-packages/thermal_radiometric_visualizer
[1.098s] byte-compiling /home/dtc/airlab_ws/varunkasi_ws/install/thermal_radiometric_visualizer/lib/python3.10/site-packages/thermal_radiometric_visualizer/__init__.py to __init__.cpython-310.pyc
[1.098s] byte-compiling /home/dtc/airlab_ws/varunkasi_ws/install/thermal_radiometric_visualizer/lib/python3.10/site-packages/thermal_radiometric_visualizer/visualizer.py to visualizer.cpython-310.pyc
[1.100s] running install_data
[1.100s] copying resource/thermal_radiometric_visualizer -> /home/dtc/airlab_ws/varunkasi_ws/install/thermal_radiometric_visualizer/share/ament_index/resource_index/packages
[1.100s] copying package.xml -> /home/dtc/airlab_ws/varunkasi_ws/install/thermal_radiometric_visualizer/share/thermal_radiometric_visualizer
[1.100s] copying plugin.xml -> /home/dtc/airlab_ws/varunkasi_ws/install/thermal_radiometric_visualizer/share/thermal_radiometric_visualizer
[1.100s] running install_egg_info
[1.103s] Copying ../../build/thermal_radiometric_visualizer/thermal_radiometric_visualizer.egg-info to /home/dtc/airlab_ws/varunkasi_ws/install/thermal_radiometric_visualizer/lib/python3.10/site-packages/thermal_radiometric_visualizer-0.0.0-py3.10.egg-info
[1.103s] running install_scripts
[1.119s] Installing thermal_radiometric_visualizer script to /home/dtc/airlab_ws/varunkasi_ws/install/thermal_radiometric_visualizer/lib/thermal_radiometric_visualizer
[1.119s] writing list of installed files to '/home/dtc/airlab_ws/varunkasi_ws/build/thermal_radiometric_visualizer/install.log'
[1.153s] Invoked command in '/home/dtc/airlab_ws/varunkasi_ws/src/thermal_radiometric_visualizer' returned '0': PYTHONPATH=/home/dtc/airlab_ws/varunkasi_ws/build/thermal_radiometric_visualizer/prefix_override:/usr/lib/python3/dist-packages/colcon_core/task/python/colcon_distutils_commands:/home/dtc/airlab_ws/varunkasi_ws/install/thermal_radiometric_visualizer/lib/python3.10/site-packages:${PYTHONPATH} /usr/bin/python3 -W ignore:setup.py install is deprecated -W ignore:easy_install command is deprecated setup.py egg_info --egg-base ../../build/thermal_radiometric_visualizer build --build-base /home/dtc/airlab_ws/varunkasi_ws/build/thermal_radiometric_visualizer/build install --record /home/dtc/airlab_ws/varunkasi_ws/build/thermal_radiometric_visualizer/install.log --single-version-externally-managed install_data --force
