-- The C compiler identification is GNU 11.4.0
-- The CXX compiler identification is GNU 11.4.0
-- Detecting C compiler ABI info
-- Detecting C compiler ABI info - done
-- Check for working C compiler: /usr/bin/cc - skipped
-- Detecting C compile features
-- Detecting C compile features - done
-- Detecting CXX compiler ABI info
-- Detecting CXX compiler ABI info - done
-- Check for working CXX compiler: /usr/bin/c++ - skipped
-- Detecting CXX compile features
-- Detecting CXX compile features - done
-- Found ament_cmake_auto: 1.3.11 (/opt/ros/humble/share/ament_cmake_auto/cmake)
-- Found Python3: /usr/bin/python3 (found version "3.10.12") found components: Interpreter 
-- Found rosidl_generator_c: 3.1.6 (/opt/ros/humble/share/rosidl_generator_c/cmake)
-- Found rosidl_adapter: 3.1.6 (/opt/ros/humble/share/rosidl_adapter/cmake)
-- Found rosidl_generator_cpp: 3.1.6 (/opt/ros/humble/share/rosidl_generator_cpp/cmake)
-- Using all available rosidl_typesupport_c: rosidl_typesupport_fastrtps_c;rosidl_typesupport_introspection_c
-- Using all available rosidl_typesupport_cpp: rosidl_typesupport_fastrtps_cpp;rosidl_typesupport_introspection_cpp
-- Found rmw_implementation_cmake: 6.1.2 (/opt/ros/humble/share/rmw_implementation_cmake/cmake)
-- Found rmw_connextdds: 0.11.3 (/opt/rmw_connextdds/install/rmw_connextdds/share/rmw_connextdds/cmake)
-- Loaded RTI Connext DDS environment:
-- - RTI Connext DDS Professional:
--   - Found: TRUE
--   - Version: 7.3.0.0
--   - Directory: /opt/rti_connext_dds-7.3.0
--   - Architecture: x64Linux4gcc7.3.0
-- - RTI Connext DDS Micro:
--   - Found: false
--   - Version: 
--   - Directory: 
--   - Architecture: 
-- Detected CONNEXTDDS_DIR = '/opt/rti_connext_dds-7.3.0'
-- RTI Connext installation directory: /opt/rti_connext_dds-7.3.0
-- RTI Connext architecture: x64Linux4gcc7.3.0
-- Found RTIConnextDDS: /opt/rti_connext_dds-7.3.0 (found suitable version "7.3.0.0", minimum required is "5.3.1") found components: core 
-- Using RMW implementation 'rmw_connextdds' as default
-- Looking for pthread.h
-- Looking for pthread.h - found
-- Performing Test CMAKE_HAVE_LIBC_PTHREAD
-- Performing Test CMAKE_HAVE_LIBC_PTHREAD - Success
-- Found Threads: TRUE  
-- Found OpenCV: /usr (found version "4.5.4") 
-- Found PkgConfig: /usr/bin/pkg-config (found version "0.29.2") 
-- Checking for module 'libavcodec'
--   Found libavcodec, version 58.134.100
-- Checking for module 'libavutil'
--   Found libavutil, version 56.70.100
-- Checking for module 'libswscale'
--   Found libswscale, version 5.9.100
-- Found ament_lint_auto: 0.12.11 (/opt/ros/humble/share/ament_lint_auto/cmake)
-- Found gtest sources under '/opt/ros/humble/src/gtest_vendor': C++ tests using 'Google Test' will be built
-- Added test 'copyright' to check source files copyright and LICENSE
-- Added test 'cppcheck' to perform static code analysis on C / C++ code
-- Configured cppcheck include dirs: /home/dtc/airlab_ws/varunkasi_ws/src/usb_cam/include
-- Configured cppcheck exclude dirs and/or files: 
-- Added test 'cpplint' to check C / C++ code against the Google style
-- Configured cpplint exclude dirs and/or files: 
-- Added test 'flake8' to check Python code syntax and style conventions
-- Added test 'lint_cmake' to check CMake code style
-- Added test 'pep257' to check Python code against some of the docstring style conventions in PEP 257
-- Added test 'uncrustify' to check C / C++ code style
-- Configured uncrustify additional arguments: 
-- Added test 'xmllint' to check XML markup files
-- Configuring done
-- Generating done
-- Build files have been written to: /home/dtc/airlab_ws/varunkasi_ws/build/usb_cam
[ 33%] [32mBuilding CXX object CMakeFiles/usb_reset_udev.dir/src/usb_reset_udev.cpp.o[0m
[ 33%] [32mBuilding CXX object gtest/CMakeFiles/gtest_main.dir/src/gtest_main.cc.o[0m
[ 33%] [32mBuilding CXX object CMakeFiles/usb_cam.dir/src/usb_cam.cpp.o[0m
[ 33%] [32mBuilding CXX object gtest/CMakeFiles/gtest.dir/src/gtest-all.cc.o[0m
[ 33%] [32mBuilding CXX object CMakeFiles/usbreset.dir/src/usbreset.cpp.o[0m
[ 33%] [32mBuilding CXX object CMakeFiles/usb_cam_node_exe.dir/rclcpp_components/node_main_usb_cam_node_exe.cpp.o[0m
[ 38%] [32m[1mLinking CXX executable usbreset[0m
[ 44%] [32m[1mLinking CXX executable usb_reset_udev[0m
[ 44%] Built target usbreset
[ 44%] Built target usb_reset_udev
[ 50%] [32m[1mLinking CXX static library libgtest_main.a[0m
[ 50%] Built target gtest_main
[ 55%] [32m[1mLinking CXX shared library libusb_cam.so[0m
[ 55%] Built target usb_cam
[ 61%] [32mBuilding CXX object CMakeFiles/usb_cam_node.dir/src/usb_cam_node.cpp.o[0m
[ 66%] [32m[1mLinking CXX executable usb_cam_node_exe[0m
[ 66%] Built target usb_cam_node_exe
[ 72%] [32m[1mLinking CXX static library libgtest.a[0m
[ 72%] Built target gtest
[ 83%] [32mBuilding CXX object CMakeFiles/test_pixel_formats.dir/test/test_pixel_formats.cpp.o[0m
[ 83%] [32mBuilding CXX object CMakeFiles/test_usb_cam_utils.dir/test/test_usb_cam_utils.cpp.o[0m
[ 88%] [32m[1mLinking CXX executable test_usb_cam_utils[0m
[ 88%] Built target test_usb_cam_utils
[ 94%] [32m[1mLinking CXX executable test_pixel_formats[0m
[ 94%] Built target test_pixel_formats
[100%] [32m[1mLinking CXX shared library libusb_cam_node.so[0m
[100%] Built target usb_cam_node
-- Install configuration: "Release"
-- Installing: /home/dtc/airlab_ws/varunkasi_ws/install/usb_cam/lib/usb_cam/usbreset
-- Installing: /home/dtc/airlab_ws/varunkasi_ws/install/usb_cam/lib/usb_cam/usb_reset_udev
-- Installing: /home/dtc/airlab_ws/varunkasi_ws/install/usb_cam/share/usb_cam/environment/library_path.sh
-- Installing: /home/dtc/airlab_ws/varunkasi_ws/install/usb_cam/share/usb_cam/environment/library_path.dsv
-- Installing: /home/dtc/airlab_ws/varunkasi_ws/install/usb_cam/lib/usb_cam/usb_cam_node_exe
-- Set runtime path of "/home/dtc/airlab_ws/varunkasi_ws/install/usb_cam/lib/usb_cam/usb_cam_node_exe" to ""
-- Installing: /home/dtc/airlab_ws/varunkasi_ws/install/usb_cam/lib/usb_cam/show_image.py
-- Installing: /home/dtc/airlab_ws/varunkasi_ws/install/usb_cam/lib/libusb_cam.so
-- Installing: /home/dtc/airlab_ws/varunkasi_ws/install/usb_cam/lib/libusb_cam_node.so
-- Set runtime path of "/home/dtc/airlab_ws/varunkasi_ws/install/usb_cam/lib/libusb_cam_node.so" to ""
-- Installing: /home/dtc/airlab_ws/varunkasi_ws/install/usb_cam/include
-- Installing: /home/dtc/airlab_ws/varunkasi_ws/install/usb_cam/include/usb_cam
-- Installing: /home/dtc/airlab_ws/varunkasi_ws/install/usb_cam/include/usb_cam/formats
-- Installing: /home/dtc/airlab_ws/varunkasi_ws/install/usb_cam/include/usb_cam/formats/mjpeg.hpp
-- Installing: /home/dtc/airlab_ws/varunkasi_ws/install/usb_cam/include/usb_cam/formats/yuyv.hpp
-- Installing: /home/dtc/airlab_ws/varunkasi_ws/install/usb_cam/include/usb_cam/formats/mono.hpp
-- Installing: /home/dtc/airlab_ws/varunkasi_ws/install/usb_cam/include/usb_cam/formats/uyvy.hpp
-- Installing: /home/dtc/airlab_ws/varunkasi_ws/install/usb_cam/include/usb_cam/formats/pixel_format_base.hpp
-- Installing: /home/dtc/airlab_ws/varunkasi_ws/install/usb_cam/include/usb_cam/formats/utils.hpp
-- Installing: /home/dtc/airlab_ws/varunkasi_ws/install/usb_cam/include/usb_cam/formats/m420.hpp
-- Installing: /home/dtc/airlab_ws/varunkasi_ws/install/usb_cam/include/usb_cam/formats/av_pixel_format_helper.hpp
-- Installing: /home/dtc/airlab_ws/varunkasi_ws/install/usb_cam/include/usb_cam/formats/rgb.hpp
-- Installing: /home/dtc/airlab_ws/varunkasi_ws/install/usb_cam/include/usb_cam/constants.hpp
-- Installing: /home/dtc/airlab_ws/varunkasi_ws/install/usb_cam/include/usb_cam/conversions.hpp
-- Installing: /home/dtc/airlab_ws/varunkasi_ws/install/usb_cam/include/usb_cam/utils.hpp
-- Installing: /home/dtc/airlab_ws/varunkasi_ws/install/usb_cam/include/usb_cam/usb_cam_node.hpp
-- Installing: /home/dtc/airlab_ws/varunkasi_ws/install/usb_cam/include/usb_cam/usb_cam.hpp
-- Up-to-date: /home/dtc/airlab_ws/varunkasi_ws/install/usb_cam/lib/libusb_cam_node.so
-- Installing: /home/dtc/airlab_ws/varunkasi_ws/install/usb_cam/share/usb_cam/launch
-- Installing: /home/dtc/airlab_ws/varunkasi_ws/install/usb_cam/share/usb_cam/launch/camera.launch.py
-- Installing: /home/dtc/airlab_ws/varunkasi_ws/install/usb_cam/share/usb_cam/launch/camera_config.py
-- Installing: /home/dtc/airlab_ws/varunkasi_ws/install/usb_cam/share/usb_cam/launch/__init__.py
-- Installing: /home/dtc/airlab_ws/varunkasi_ws/install/usb_cam/share/usb_cam/config
-- Installing: /home/dtc/airlab_ws/varunkasi_ws/install/usb_cam/share/usb_cam/config/camera_info.yaml
-- Installing: /home/dtc/airlab_ws/varunkasi_ws/install/usb_cam/share/usb_cam/config/params_1.yaml
-- Installing: /home/dtc/airlab_ws/varunkasi_ws/install/usb_cam/share/usb_cam/config/params_2.yaml
-- Installing: /home/dtc/airlab_ws/varunkasi_ws/install/usb_cam/share/ament_index/resource_index/package_run_dependencies/usb_cam
-- Installing: /home/dtc/airlab_ws/varunkasi_ws/install/usb_cam/share/ament_index/resource_index/parent_prefix_path/usb_cam
-- Installing: /home/dtc/airlab_ws/varunkasi_ws/install/usb_cam/share/usb_cam/environment/ament_prefix_path.sh
-- Installing: /home/dtc/airlab_ws/varunkasi_ws/install/usb_cam/share/usb_cam/environment/ament_prefix_path.dsv
-- Installing: /home/dtc/airlab_ws/varunkasi_ws/install/usb_cam/share/usb_cam/environment/path.sh
-- Installing: /home/dtc/airlab_ws/varunkasi_ws/install/usb_cam/share/usb_cam/environment/path.dsv
-- Installing: /home/dtc/airlab_ws/varunkasi_ws/install/usb_cam/share/usb_cam/local_setup.bash
-- Installing: /home/dtc/airlab_ws/varunkasi_ws/install/usb_cam/share/usb_cam/local_setup.sh
-- Installing: /home/dtc/airlab_ws/varunkasi_ws/install/usb_cam/share/usb_cam/local_setup.zsh
-- Installing: /home/dtc/airlab_ws/varunkasi_ws/install/usb_cam/share/usb_cam/local_setup.dsv
-- Installing: /home/dtc/airlab_ws/varunkasi_ws/install/usb_cam/share/usb_cam/package.dsv
-- Installing: /home/dtc/airlab_ws/varunkasi_ws/install/usb_cam/share/ament_index/resource_index/packages/usb_cam
-- Installing: /home/dtc/airlab_ws/varunkasi_ws/install/usb_cam/share/ament_index/resource_index/rclcpp_components/usb_cam
-- Installing: /home/dtc/airlab_ws/varunkasi_ws/install/usb_cam/share/usb_cam/cmake/ament_cmake_export_libraries-extras.cmake
-- Installing: /home/dtc/airlab_ws/varunkasi_ws/install/usb_cam/share/usb_cam/cmake/ament_cmake_export_dependencies-extras.cmake
-- Installing: /home/dtc/airlab_ws/varunkasi_ws/install/usb_cam/share/usb_cam/cmake/ament_cmake_export_include_directories-extras.cmake
-- Installing: /home/dtc/airlab_ws/varunkasi_ws/install/usb_cam/share/usb_cam/cmake/usb_camConfig.cmake
-- Installing: /home/dtc/airlab_ws/varunkasi_ws/install/usb_cam/share/usb_cam/cmake/usb_camConfig-version.cmake
-- Installing: /home/dtc/airlab_ws/varunkasi_ws/install/usb_cam/share/usb_cam/package.xml
