[0.625s] Invoking command in '/home/dtc/airlab_ws/varunkasi_ws/build/usb_cam': CMAKE_PREFIX_PATH=${CMAKE_PREFIX_PATH}:/opt/ros/humble /usr/bin/cmake /home/dtc/airlab_ws/varunkasi_ws/src/usb_cam -DCMAKE_INSTALL_PREFIX=/home/dtc/airlab_ws/varunkasi_ws/install/usb_cam
[0.716s] -- The C compiler identification is GNU 11.4.0
[0.780s] -- The CXX compiler identification is GNU 11.4.0
[0.790s] -- Detecting C compiler ABI info
[0.862s] -- Detecting C compiler ABI info - done
[0.866s] -- Check for working C compiler: /usr/bin/cc - skipped
[0.868s] -- Detecting C compile features
[0.869s] -- Detecting C compile features - done
[0.873s] -- Detecting CXX compiler ABI info
[0.951s] -- Detecting CXX compiler ABI info - done
[0.955s] -- Check for working CXX compiler: /usr/bin/c++ - skipped
[0.955s] -- Detecting CXX compile features
[0.956s] -- Detecting CXX compile features - done
[0.961s] -- Found ament_cmake_auto: 1.3.11 (/opt/ros/humble/share/ament_cmake_auto/cmake)
[1.080s] -- Found Python3: /usr/bin/python3 (found version "3.10.12") found components: Interpreter 
[1.261s] -- Found rosidl_generator_c: 3.1.6 (/opt/ros/humble/share/rosidl_generator_c/cmake)
[1.265s] -- Found rosidl_adapter: 3.1.6 (/opt/ros/humble/share/rosidl_adapter/cmake)
[1.274s] -- Found rosidl_generator_cpp: 3.1.6 (/opt/ros/humble/share/rosidl_generator_cpp/cmake)
[1.288s] -- Using all available rosidl_typesupport_c: rosidl_typesupport_fastrtps_c;rosidl_typesupport_introspection_c
[1.304s] -- Using all available rosidl_typesupport_cpp: rosidl_typesupport_fastrtps_cpp;rosidl_typesupport_introspection_cpp
[1.353s] -- Found rmw_implementation_cmake: 6.1.2 (/opt/ros/humble/share/rmw_implementation_cmake/cmake)
[1.357s] -- Found rmw_connextdds: 0.11.3 (/opt/rmw_connextdds/install/rmw_connextdds/share/rmw_connextdds/cmake)
[1.374s] -- Loaded RTI Connext DDS environment:
[1.374s] -- - RTI Connext DDS Professional:
[1.374s] --   - Found: TRUE
[1.374s] --   - Version: 7.3.0.0
[1.374s] --   - Directory: /opt/rti_connext_dds-7.3.0
[1.374s] --   - Architecture: x64Linux4gcc7.3.0
[1.374s] -- - RTI Connext DDS Micro:
[1.374s] --   - Found: false
[1.374s] --   - Version: 
[1.374s] --   - Directory: 
[1.374s] --   - Architecture: 
[1.375s] -- Detected CONNEXTDDS_DIR = '/opt/rti_connext_dds-7.3.0'
[1.376s] -- RTI Connext installation directory: /opt/rti_connext_dds-7.3.0
[1.380s] -- RTI Connext architecture: x64Linux4gcc7.3.0
[1.384s] -- Found RTIConnextDDS: /opt/rti_connext_dds-7.3.0 (found suitable version "7.3.0.0", minimum required is "5.3.1") found components: core 
[1.386s] -- Using RMW implementation 'rmw_connextdds' as default
[1.398s] -- Looking for pthread.h
[1.480s] -- Looking for pthread.h - found
[1.480s] -- Performing Test CMAKE_HAVE_LIBC_PTHREAD
[1.542s] -- Performing Test CMAKE_HAVE_LIBC_PTHREAD - Success
[1.543s] -- Found Threads: TRUE  
[1.780s] -- Found OpenCV: /usr (found version "4.5.4") 
[1.785s] -- Found PkgConfig: /usr/bin/pkg-config (found version "0.29.2") 
[1.785s] -- Checking for module 'libavcodec'
[1.799s] --   Found libavcodec, version 58.134.100
[1.836s] -- Checking for module 'libavutil'
[1.849s] --   Found libavutil, version 56.70.100
[1.882s] -- Checking for module 'libswscale'
[1.896s] --   Found libswscale, version 5.9.100
[1.935s] -- Found ament_lint_auto: 0.12.11 (/opt/ros/humble/share/ament_lint_auto/cmake)
[1.961s] -- Found gtest sources under '/opt/ros/humble/src/gtest_vendor': C++ tests using 'Google Test' will be built
[1.971s] -- Added test 'copyright' to check source files copyright and LICENSE
[1.976s] -- Added test 'cppcheck' to perform static code analysis on C / C++ code
[1.976s] -- Configured cppcheck include dirs: /home/dtc/airlab_ws/varunkasi_ws/src/usb_cam/include
[1.976s] -- Configured cppcheck exclude dirs and/or files: 
[1.980s] -- Added test 'cpplint' to check C / C++ code against the Google style
[1.980s] -- Configured cpplint exclude dirs and/or files: 
[1.981s] -- Added test 'flake8' to check Python code syntax and style conventions
[1.983s] -- Added test 'lint_cmake' to check CMake code style
[1.984s] -- Added test 'pep257' to check Python code against some of the docstring style conventions in PEP 257
[1.989s] -- Added test 'uncrustify' to check C / C++ code style
[1.989s] -- Configured uncrustify additional arguments: 
[1.989s] -- Added test 'xmllint' to check XML markup files
[1.992s] -- Configuring done
[2.018s] -- Generating done
[2.025s] -- Build files have been written to: /home/dtc/airlab_ws/varunkasi_ws/build/usb_cam
[2.033s] Invoked command in '/home/dtc/airlab_ws/varunkasi_ws/build/usb_cam' returned '0': CMAKE_PREFIX_PATH=${CMAKE_PREFIX_PATH}:/opt/ros/humble /usr/bin/cmake /home/dtc/airlab_ws/varunkasi_ws/src/usb_cam -DCMAKE_INSTALL_PREFIX=/home/dtc/airlab_ws/varunkasi_ws/install/usb_cam
[2.035s] Invoking command in '/home/dtc/airlab_ws/varunkasi_ws/build/usb_cam': CMAKE_PREFIX_PATH=${CMAKE_PREFIX_PATH}:/opt/ros/humble /usr/bin/cmake --build /home/dtc/airlab_ws/varunkasi_ws/build/usb_cam -- -j16 -l16
[2.082s] [ 33%] [32mBuilding CXX object CMakeFiles/usb_reset_udev.dir/src/usb_reset_udev.cpp.o[0m
[2.083s] [ 33%] [32mBuilding CXX object gtest/CMakeFiles/gtest_main.dir/src/gtest_main.cc.o[0m
[2.083s] [ 33%] [32mBuilding CXX object CMakeFiles/usb_cam.dir/src/usb_cam.cpp.o[0m
[2.083s] [ 33%] [32mBuilding CXX object gtest/CMakeFiles/gtest.dir/src/gtest-all.cc.o[0m
[2.083s] [ 33%] [32mBuilding CXX object CMakeFiles/usbreset.dir/src/usbreset.cpp.o[0m
[2.083s] [ 33%] [32mBuilding CXX object CMakeFiles/usb_cam_node_exe.dir/rclcpp_components/node_main_usb_cam_node_exe.cpp.o[0m
[2.129s] [ 38%] [32m[1mLinking CXX executable usbreset[0m
[2.139s] [ 44%] [32m[1mLinking CXX executable usb_reset_udev[0m
[2.169s] [ 44%] Built target usbreset
[2.179s] [ 44%] Built target usb_reset_udev
[2.695s] [ 50%] [32m[1mLinking CXX static library libgtest_main.a[0m
[2.730s] [ 50%] Built target gtest_main
[3.704s] [ 55%] [32m[1mLinking CXX shared library libusb_cam.so[0m
[3.851s] [ 55%] Built target usb_cam
[3.875s] [ 61%] [32mBuilding CXX object CMakeFiles/usb_cam_node.dir/src/usb_cam_node.cpp.o[0m
[4.547s] [ 66%] [32m[1mLinking CXX executable usb_cam_node_exe[0m
[4.699s] [ 66%] Built target usb_cam_node_exe
[6.649s] [ 72%] [32m[1mLinking CXX static library libgtest.a[0m
[6.685s] [ 72%] Built target gtest
[6.704s] [ 83%] [32mBuilding CXX object CMakeFiles/test_pixel_formats.dir/test/test_pixel_formats.cpp.o[0m
[6.704s] [ 83%] [32mBuilding CXX object CMakeFiles/test_usb_cam_utils.dir/test/test_usb_cam_utils.cpp.o[0m
[7.701s] [ 88%] [32m[1mLinking CXX executable test_usb_cam_utils[0m
[7.836s] [ 88%] Built target test_usb_cam_utils
[7.844s] [ 94%] [32m[1mLinking CXX executable test_pixel_formats[0m
[7.961s] [ 94%] Built target test_pixel_formats
[10.341s] [100%] [32m[1mLinking CXX shared library libusb_cam_node.so[0m
[10.478s] [100%] Built target usb_cam_node
[10.489s] Invoked command in '/home/dtc/airlab_ws/varunkasi_ws/build/usb_cam' returned '0': CMAKE_PREFIX_PATH=${CMAKE_PREFIX_PATH}:/opt/ros/humble /usr/bin/cmake --build /home/dtc/airlab_ws/varunkasi_ws/build/usb_cam -- -j16 -l16
[10.498s] Invoking command in '/home/dtc/airlab_ws/varunkasi_ws/build/usb_cam': CMAKE_PREFIX_PATH=${CMAKE_PREFIX_PATH}:/opt/ros/humble /usr/bin/cmake --install /home/dtc/airlab_ws/varunkasi_ws/build/usb_cam
[10.503s] -- Install configuration: "Release"
[10.503s] -- Installing: /home/dtc/airlab_ws/varunkasi_ws/install/usb_cam/lib/usb_cam/usbreset
[10.503s] -- Installing: /home/dtc/airlab_ws/varunkasi_ws/install/usb_cam/lib/usb_cam/usb_reset_udev
[10.503s] -- Installing: /home/dtc/airlab_ws/varunkasi_ws/install/usb_cam/share/usb_cam/environment/library_path.sh
[10.503s] -- Installing: /home/dtc/airlab_ws/varunkasi_ws/install/usb_cam/share/usb_cam/environment/library_path.dsv
[10.504s] -- Installing: /home/dtc/airlab_ws/varunkasi_ws/install/usb_cam/lib/usb_cam/usb_cam_node_exe
[10.504s] -- Set runtime path of "/home/dtc/airlab_ws/varunkasi_ws/install/usb_cam/lib/usb_cam/usb_cam_node_exe" to ""
[10.504s] -- Installing: /home/dtc/airlab_ws/varunkasi_ws/install/usb_cam/lib/usb_cam/show_image.py
[10.504s] -- Installing: /home/dtc/airlab_ws/varunkasi_ws/install/usb_cam/lib/libusb_cam.so
[10.504s] -- Installing: /home/dtc/airlab_ws/varunkasi_ws/install/usb_cam/lib/libusb_cam_node.so
[10.505s] -- Set runtime path of "/home/dtc/airlab_ws/varunkasi_ws/install/usb_cam/lib/libusb_cam_node.so" to ""
[10.505s] -- Installing: /home/dtc/airlab_ws/varunkasi_ws/install/usb_cam/include
[10.505s] -- Installing: /home/dtc/airlab_ws/varunkasi_ws/install/usb_cam/include/usb_cam
[10.505s] -- Installing: /home/dtc/airlab_ws/varunkasi_ws/install/usb_cam/include/usb_cam/formats
[10.505s] -- Installing: /home/dtc/airlab_ws/varunkasi_ws/install/usb_cam/include/usb_cam/formats/mjpeg.hpp
[10.505s] -- Installing: /home/dtc/airlab_ws/varunkasi_ws/install/usb_cam/include/usb_cam/formats/yuyv.hpp
[10.505s] -- Installing: /home/dtc/airlab_ws/varunkasi_ws/install/usb_cam/include/usb_cam/formats/mono.hpp
[10.506s] -- Installing: /home/dtc/airlab_ws/varunkasi_ws/install/usb_cam/include/usb_cam/formats/uyvy.hpp
[10.506s] -- Installing: /home/dtc/airlab_ws/varunkasi_ws/install/usb_cam/include/usb_cam/formats/pixel_format_base.hpp
[10.506s] -- Installing: /home/dtc/airlab_ws/varunkasi_ws/install/usb_cam/include/usb_cam/formats/utils.hpp
[10.506s] -- Installing: /home/dtc/airlab_ws/varunkasi_ws/install/usb_cam/include/usb_cam/formats/m420.hpp
[10.506s] -- Installing: /home/dtc/airlab_ws/varunkasi_ws/install/usb_cam/include/usb_cam/formats/av_pixel_format_helper.hpp
[10.506s] -- Installing: /home/dtc/airlab_ws/varunkasi_ws/install/usb_cam/include/usb_cam/formats/rgb.hpp
[10.506s] -- Installing: /home/dtc/airlab_ws/varunkasi_ws/install/usb_cam/include/usb_cam/constants.hpp
[10.506s] -- Installing: /home/dtc/airlab_ws/varunkasi_ws/install/usb_cam/include/usb_cam/conversions.hpp
[10.506s] -- Installing: /home/dtc/airlab_ws/varunkasi_ws/install/usb_cam/include/usb_cam/utils.hpp
[10.507s] -- Installing: /home/dtc/airlab_ws/varunkasi_ws/install/usb_cam/include/usb_cam/usb_cam_node.hpp
[10.507s] -- Installing: /home/dtc/airlab_ws/varunkasi_ws/install/usb_cam/include/usb_cam/usb_cam.hpp
[10.507s] -- Up-to-date: /home/dtc/airlab_ws/varunkasi_ws/install/usb_cam/lib/libusb_cam_node.so
[10.507s] -- Installing: /home/dtc/airlab_ws/varunkasi_ws/install/usb_cam/share/usb_cam/launch
[10.507s] -- Installing: /home/dtc/airlab_ws/varunkasi_ws/install/usb_cam/share/usb_cam/launch/camera.launch.py
[10.507s] -- Installing: /home/dtc/airlab_ws/varunkasi_ws/install/usb_cam/share/usb_cam/launch/camera_config.py
[10.507s] -- Installing: /home/dtc/airlab_ws/varunkasi_ws/install/usb_cam/share/usb_cam/launch/__init__.py
[10.507s] -- Installing: /home/dtc/airlab_ws/varunkasi_ws/install/usb_cam/share/usb_cam/config
[10.507s] -- Installing: /home/dtc/airlab_ws/varunkasi_ws/install/usb_cam/share/usb_cam/config/camera_info.yaml
[10.507s] -- Installing: /home/dtc/airlab_ws/varunkasi_ws/install/usb_cam/share/usb_cam/config/params_1.yaml
[10.507s] -- Installing: /home/dtc/airlab_ws/varunkasi_ws/install/usb_cam/share/usb_cam/config/params_2.yaml
[10.508s] -- Installing: /home/dtc/airlab_ws/varunkasi_ws/install/usb_cam/share/ament_index/resource_index/package_run_dependencies/usb_cam
[10.508s] -- Installing: /home/dtc/airlab_ws/varunkasi_ws/install/usb_cam/share/ament_index/resource_index/parent_prefix_path/usb_cam
[10.508s] -- Installing: /home/dtc/airlab_ws/varunkasi_ws/install/usb_cam/share/usb_cam/environment/ament_prefix_path.sh
[10.508s] -- Installing: /home/dtc/airlab_ws/varunkasi_ws/install/usb_cam/share/usb_cam/environment/ament_prefix_path.dsv
[10.508s] -- Installing: /home/dtc/airlab_ws/varunkasi_ws/install/usb_cam/share/usb_cam/environment/path.sh
[10.508s] -- Installing: /home/dtc/airlab_ws/varunkasi_ws/install/usb_cam/share/usb_cam/environment/path.dsv
[10.508s] -- Installing: /home/dtc/airlab_ws/varunkasi_ws/install/usb_cam/share/usb_cam/local_setup.bash
[10.509s] -- Installing: /home/dtc/airlab_ws/varunkasi_ws/install/usb_cam/share/usb_cam/local_setup.sh
[10.509s] -- Installing: /home/dtc/airlab_ws/varunkasi_ws/install/usb_cam/share/usb_cam/local_setup.zsh
[10.509s] -- Installing: /home/dtc/airlab_ws/varunkasi_ws/install/usb_cam/share/usb_cam/local_setup.dsv
[10.509s] -- Installing: /home/dtc/airlab_ws/varunkasi_ws/install/usb_cam/share/usb_cam/package.dsv
[10.509s] -- Installing: /home/dtc/airlab_ws/varunkasi_ws/install/usb_cam/share/ament_index/resource_index/packages/usb_cam
[10.509s] -- Installing: /home/dtc/airlab_ws/varunkasi_ws/install/usb_cam/share/ament_index/resource_index/rclcpp_components/usb_cam
[10.509s] -- Installing: /home/dtc/airlab_ws/varunkasi_ws/install/usb_cam/share/usb_cam/cmake/ament_cmake_export_libraries-extras.cmake
[10.509s] -- Installing: /home/dtc/airlab_ws/varunkasi_ws/install/usb_cam/share/usb_cam/cmake/ament_cmake_export_dependencies-extras.cmake
[10.509s] -- Installing: /home/dtc/airlab_ws/varunkasi_ws/install/usb_cam/share/usb_cam/cmake/ament_cmake_export_include_directories-extras.cmake
[10.509s] -- Installing: /home/dtc/airlab_ws/varunkasi_ws/install/usb_cam/share/usb_cam/cmake/usb_camConfig.cmake
[10.510s] -- Installing: /home/dtc/airlab_ws/varunkasi_ws/install/usb_cam/share/usb_cam/cmake/usb_camConfig-version.cmake
[10.510s] -- Installing: /home/dtc/airlab_ws/varunkasi_ws/install/usb_cam/share/usb_cam/package.xml
[10.512s] Invoked command in '/home/dtc/airlab_ws/varunkasi_ws/build/usb_cam' returned '0': CMAKE_PREFIX_PATH=${CMAKE_PREFIX_PATH}:/opt/ros/humble /usr/bin/cmake --install /home/dtc/airlab_ws/varunkasi_ws/build/usb_cam
