[0.119s] DEBUG:colcon:Command line arguments: ['/usr/bin/colcon', 'build', '--symlink-install']
[0.119s] DEBUG:colcon:Parsed command line arguments: Namespace(log_base=None, log_level=None, verb_name='build', build_base='build', install_base='install', merge_install=False, symlink_install=True, test_result_base=None, continue_on_error=False, executor='parallel', parallel_workers=16, event_handlers=None, ignore_user_meta=False, metas=['./colcon.meta'], base_paths=['.'], packages_ignore=None, packages_ignore_regex=None, paths=None, packages_up_to=None, packages_up_to_regex=None, packages_above=None, packages_above_and_dependencies=None, packages_above_depth=None, packages_select_by_dep=None, packages_skip_by_dep=None, packages_skip_up_to=None, packages_select_build_failed=False, packages_skip_build_finished=False, packages_select_test_failures=False, packages_skip_test_passed=False, packages_select=None, packages_skip=None, packages_select_regex=None, packages_skip_regex=None, packages_start=None, packages_end=None, cmake_args=None, cmake_target=None, cmake_target_skip_unavailable=False, cmake_clean_cache=False, cmake_clean_first=False, cmake_force_configure=False, ament_cmake_args=None, catkin_cmake_args=None, catkin_skip_building_tests=False, mixin_files=None, mixin=None, verb_parser=<colcon_mixin.mixin.mixin_argument.MixinArgumentDecorator object at 0x78a27d4d3460>, verb_extension=<colcon_core.verb.build.BuildVerb object at 0x78a27d4d2fb0>, main=<bound method BuildVerb.main of <colcon_core.verb.build.BuildVerb object at 0x78a27d4d2fb0>>, mixin_verb=('build',))
[0.245s] Level 1:colcon.colcon_core.package_discovery:discover_packages(colcon_meta) check parameters
[0.245s] Level 1:colcon.colcon_core.package_discovery:discover_packages(recursive) check parameters
[0.245s] Level 1:colcon.colcon_core.package_discovery:discover_packages(ignore) check parameters
[0.245s] Level 1:colcon.colcon_core.package_discovery:discover_packages(path) check parameters
[0.245s] Level 1:colcon.colcon_core.package_discovery:discover_packages(colcon_meta) discover
[0.245s] Level 1:colcon.colcon_core.package_discovery:discover_packages(recursive) discover
[0.245s] INFO:colcon.colcon_core.package_discovery:Crawling recursively for packages in '/home/dtc/airlab_ws/varunkasi_ws'
[0.246s] Level 1:colcon.colcon_core.package_identification:_identify(.) by extensions ['ignore', 'ignore_ament_install']
[0.246s] Level 1:colcon.colcon_core.package_identification:_identify(.) by extension 'ignore'
[0.246s] Level 1:colcon.colcon_core.package_identification:_identify(.) by extension 'ignore_ament_install'
[0.246s] Level 1:colcon.colcon_core.package_identification:_identify(.) by extensions ['colcon_pkg']
[0.246s] Level 1:colcon.colcon_core.package_identification:_identify(.) by extension 'colcon_pkg'
[0.246s] Level 1:colcon.colcon_core.package_identification:_identify(.) by extensions ['colcon_meta']
[0.246s] Level 1:colcon.colcon_core.package_identification:_identify(.) by extension 'colcon_meta'
[0.246s] Level 1:colcon.colcon_core.package_identification:_identify(.) by extensions ['ros']
[0.246s] Level 1:colcon.colcon_core.package_identification:_identify(.) by extension 'ros'
[0.253s] Level 1:colcon.colcon_core.package_identification:_identify(.) by extensions ['cmake', 'python']
[0.254s] Level 1:colcon.colcon_core.package_identification:_identify(.) by extension 'cmake'
[0.254s] Level 1:colcon.colcon_core.package_identification:_identify(.) by extension 'python'
[0.254s] Level 1:colcon.colcon_core.package_identification:_identify(.) by extensions ['python_setup_py']
[0.254s] Level 1:colcon.colcon_core.package_identification:_identify(.) by extension 'python_setup_py'
[0.254s] Level 1:colcon.colcon_core.package_identification:_identify(build) by extensions ['ignore', 'ignore_ament_install']
[0.254s] Level 1:colcon.colcon_core.package_identification:_identify(build) by extension 'ignore'
[0.254s] Level 1:colcon.colcon_core.package_identification:_identify(build) ignored
[0.254s] Level 1:colcon.colcon_core.package_identification:_identify(install) by extensions ['ignore', 'ignore_ament_install']
[0.254s] Level 1:colcon.colcon_core.package_identification:_identify(install) by extension 'ignore'
[0.254s] Level 1:colcon.colcon_core.package_identification:_identify(install) ignored
[0.254s] Level 1:colcon.colcon_core.package_identification:_identify(log) by extensions ['ignore', 'ignore_ament_install']
[0.254s] Level 1:colcon.colcon_core.package_identification:_identify(log) by extension 'ignore'
[0.254s] Level 1:colcon.colcon_core.package_identification:_identify(log) ignored
[0.254s] Level 1:colcon.colcon_core.package_identification:_identify(src) by extensions ['ignore', 'ignore_ament_install']
[0.254s] Level 1:colcon.colcon_core.package_identification:_identify(src) by extension 'ignore'
[0.254s] Level 1:colcon.colcon_core.package_identification:_identify(src) by extension 'ignore_ament_install'
[0.254s] Level 1:colcon.colcon_core.package_identification:_identify(src) by extensions ['colcon_pkg']
[0.254s] Level 1:colcon.colcon_core.package_identification:_identify(src) by extension 'colcon_pkg'
[0.254s] Level 1:colcon.colcon_core.package_identification:_identify(src) by extensions ['colcon_meta']
[0.254s] Level 1:colcon.colcon_core.package_identification:_identify(src) by extension 'colcon_meta'
[0.254s] Level 1:colcon.colcon_core.package_identification:_identify(src) by extensions ['ros']
[0.254s] Level 1:colcon.colcon_core.package_identification:_identify(src) by extension 'ros'
[0.254s] Level 1:colcon.colcon_core.package_identification:_identify(src) by extensions ['cmake', 'python']
[0.254s] Level 1:colcon.colcon_core.package_identification:_identify(src) by extension 'cmake'
[0.254s] Level 1:colcon.colcon_core.package_identification:_identify(src) by extension 'python'
[0.254s] Level 1:colcon.colcon_core.package_identification:_identify(src) by extensions ['python_setup_py']
[0.254s] Level 1:colcon.colcon_core.package_identification:_identify(src) by extension 'python_setup_py'
[0.254s] Level 1:colcon.colcon_core.package_identification:_identify(src/mono16_converter) by extensions ['ignore', 'ignore_ament_install']
[0.254s] Level 1:colcon.colcon_core.package_identification:_identify(src/mono16_converter) by extension 'ignore'
[0.254s] Level 1:colcon.colcon_core.package_identification:_identify(src/mono16_converter) by extension 'ignore_ament_install'
[0.254s] Level 1:colcon.colcon_core.package_identification:_identify(src/mono16_converter) by extensions ['colcon_pkg']
[0.255s] Level 1:colcon.colcon_core.package_identification:_identify(src/mono16_converter) by extension 'colcon_pkg'
[0.255s] Level 1:colcon.colcon_core.package_identification:_identify(src/mono16_converter) by extensions ['colcon_meta']
[0.255s] Level 1:colcon.colcon_core.package_identification:_identify(src/mono16_converter) by extension 'colcon_meta'
[0.255s] Level 1:colcon.colcon_core.package_identification:_identify(src/mono16_converter) by extensions ['ros']
[0.255s] Level 1:colcon.colcon_core.package_identification:_identify(src/mono16_converter) by extension 'ros'
[0.256s] DEBUG:colcon.colcon_core.package_identification:Package 'src/mono16_converter' with type 'ros.ament_python' and name 'mono16_converter'
[0.257s] Level 1:colcon.colcon_core.package_identification:_identify(src/thermal_calibration_tool) by extensions ['ignore', 'ignore_ament_install']
[0.257s] Level 1:colcon.colcon_core.package_identification:_identify(src/thermal_calibration_tool) by extension 'ignore'
[0.257s] Level 1:colcon.colcon_core.package_identification:_identify(src/thermal_calibration_tool) by extension 'ignore_ament_install'
[0.257s] Level 1:colcon.colcon_core.package_identification:_identify(src/thermal_calibration_tool) by extensions ['colcon_pkg']
[0.257s] Level 1:colcon.colcon_core.package_identification:_identify(src/thermal_calibration_tool) by extension 'colcon_pkg'
[0.257s] Level 1:colcon.colcon_core.package_identification:_identify(src/thermal_calibration_tool) by extensions ['colcon_meta']
[0.257s] Level 1:colcon.colcon_core.package_identification:_identify(src/thermal_calibration_tool) by extension 'colcon_meta'
[0.257s] Level 1:colcon.colcon_core.package_identification:_identify(src/thermal_calibration_tool) by extensions ['ros']
[0.257s] Level 1:colcon.colcon_core.package_identification:_identify(src/thermal_calibration_tool) by extension 'ros'
[0.257s] Level 1:colcon.colcon_core.package_identification:_identify(src/thermal_calibration_tool) by extensions ['cmake', 'python']
[0.257s] Level 1:colcon.colcon_core.package_identification:_identify(src/thermal_calibration_tool) by extension 'cmake'
[0.257s] Level 1:colcon.colcon_core.package_identification:_identify(src/thermal_calibration_tool) by extension 'python'
[0.257s] Level 1:colcon.colcon_core.package_identification:_identify(src/thermal_calibration_tool) by extensions ['python_setup_py']
[0.257s] Level 1:colcon.colcon_core.package_identification:_identify(src/thermal_calibration_tool) by extension 'python_setup_py'
[0.257s] Level 1:colcon.colcon_core.package_identification:_identify(src/thermal_calibration_tool/data) by extensions ['ignore', 'ignore_ament_install']
[0.257s] Level 1:colcon.colcon_core.package_identification:_identify(src/thermal_calibration_tool/data) by extension 'ignore'
[0.257s] Level 1:colcon.colcon_core.package_identification:_identify(src/thermal_calibration_tool/data) by extension 'ignore_ament_install'
[0.257s] Level 1:colcon.colcon_core.package_identification:_identify(src/thermal_calibration_tool/data) by extensions ['colcon_pkg']
[0.257s] Level 1:colcon.colcon_core.package_identification:_identify(src/thermal_calibration_tool/data) by extension 'colcon_pkg'
[0.257s] Level 1:colcon.colcon_core.package_identification:_identify(src/thermal_calibration_tool/data) by extensions ['colcon_meta']
[0.257s] Level 1:colcon.colcon_core.package_identification:_identify(src/thermal_calibration_tool/data) by extension 'colcon_meta'
[0.257s] Level 1:colcon.colcon_core.package_identification:_identify(src/thermal_calibration_tool/data) by extensions ['ros']
[0.257s] Level 1:colcon.colcon_core.package_identification:_identify(src/thermal_calibration_tool/data) by extension 'ros'
[0.257s] Level 1:colcon.colcon_core.package_identification:_identify(src/thermal_calibration_tool/data) by extensions ['cmake', 'python']
[0.257s] Level 1:colcon.colcon_core.package_identification:_identify(src/thermal_calibration_tool/data) by extension 'cmake'
[0.257s] Level 1:colcon.colcon_core.package_identification:_identify(src/thermal_calibration_tool/data) by extension 'python'
[0.257s] Level 1:colcon.colcon_core.package_identification:_identify(src/thermal_calibration_tool/data) by extensions ['python_setup_py']
[0.257s] Level 1:colcon.colcon_core.package_identification:_identify(src/thermal_calibration_tool/data) by extension 'python_setup_py'
[0.257s] Level 1:colcon.colcon_core.package_identification:_identify(src/thermal_calibration_tool/scripts) by extensions ['ignore', 'ignore_ament_install']
[0.257s] Level 1:colcon.colcon_core.package_identification:_identify(src/thermal_calibration_tool/scripts) by extension 'ignore'
[0.257s] Level 1:colcon.colcon_core.package_identification:_identify(src/thermal_calibration_tool/scripts) by extension 'ignore_ament_install'
[0.257s] Level 1:colcon.colcon_core.package_identification:_identify(src/thermal_calibration_tool/scripts) by extensions ['colcon_pkg']
[0.257s] Level 1:colcon.colcon_core.package_identification:_identify(src/thermal_calibration_tool/scripts) by extension 'colcon_pkg'
[0.257s] Level 1:colcon.colcon_core.package_identification:_identify(src/thermal_calibration_tool/scripts) by extensions ['colcon_meta']
[0.257s] Level 1:colcon.colcon_core.package_identification:_identify(src/thermal_calibration_tool/scripts) by extension 'colcon_meta'
[0.257s] Level 1:colcon.colcon_core.package_identification:_identify(src/thermal_calibration_tool/scripts) by extensions ['ros']
[0.257s] Level 1:colcon.colcon_core.package_identification:_identify(src/thermal_calibration_tool/scripts) by extension 'ros'
[0.257s] Level 1:colcon.colcon_core.package_identification:_identify(src/thermal_calibration_tool/scripts) by extensions ['cmake', 'python']
[0.257s] Level 1:colcon.colcon_core.package_identification:_identify(src/thermal_calibration_tool/scripts) by extension 'cmake'
[0.257s] Level 1:colcon.colcon_core.package_identification:_identify(src/thermal_calibration_tool/scripts) by extension 'python'
[0.258s] Level 1:colcon.colcon_core.package_identification:_identify(src/thermal_calibration_tool/scripts) by extensions ['python_setup_py']
[0.258s] Level 1:colcon.colcon_core.package_identification:_identify(src/thermal_calibration_tool/scripts) by extension 'python_setup_py'
[0.258s] Level 1:colcon.colcon_core.package_identification:_identify(src/thermal_calibration_tool/src) by extensions ['ignore', 'ignore_ament_install']
[0.258s] Level 1:colcon.colcon_core.package_identification:_identify(src/thermal_calibration_tool/src) by extension 'ignore'
[0.258s] Level 1:colcon.colcon_core.package_identification:_identify(src/thermal_calibration_tool/src) by extension 'ignore_ament_install'
[0.258s] Level 1:colcon.colcon_core.package_identification:_identify(src/thermal_calibration_tool/src) by extensions ['colcon_pkg']
[0.258s] Level 1:colcon.colcon_core.package_identification:_identify(src/thermal_calibration_tool/src) by extension 'colcon_pkg'
[0.258s] Level 1:colcon.colcon_core.package_identification:_identify(src/thermal_calibration_tool/src) by extensions ['colcon_meta']
[0.258s] Level 1:colcon.colcon_core.package_identification:_identify(src/thermal_calibration_tool/src) by extension 'colcon_meta'
[0.258s] Level 1:colcon.colcon_core.package_identification:_identify(src/thermal_calibration_tool/src) by extensions ['ros']
[0.258s] Level 1:colcon.colcon_core.package_identification:_identify(src/thermal_calibration_tool/src) by extension 'ros'
[0.258s] Level 1:colcon.colcon_core.package_identification:_identify(src/thermal_calibration_tool/src) by extensions ['cmake', 'python']
[0.258s] Level 1:colcon.colcon_core.package_identification:_identify(src/thermal_calibration_tool/src) by extension 'cmake'
[0.258s] Level 1:colcon.colcon_core.package_identification:_identify(src/thermal_calibration_tool/src) by extension 'python'
[0.258s] Level 1:colcon.colcon_core.package_identification:_identify(src/thermal_calibration_tool/src) by extensions ['python_setup_py']
[0.258s] Level 1:colcon.colcon_core.package_identification:_identify(src/thermal_calibration_tool/src) by extension 'python_setup_py'
[0.258s] Level 1:colcon.colcon_core.package_identification:_identify(src/thermal_calibration_tool/src/thermal_calibration_interfaces) by extensions ['ignore', 'ignore_ament_install']
[0.258s] Level 1:colcon.colcon_core.package_identification:_identify(src/thermal_calibration_tool/src/thermal_calibration_interfaces) by extension 'ignore'
[0.258s] Level 1:colcon.colcon_core.package_identification:_identify(src/thermal_calibration_tool/src/thermal_calibration_interfaces) by extension 'ignore_ament_install'
[0.258s] Level 1:colcon.colcon_core.package_identification:_identify(src/thermal_calibration_tool/src/thermal_calibration_interfaces) by extensions ['colcon_pkg']
[0.258s] Level 1:colcon.colcon_core.package_identification:_identify(src/thermal_calibration_tool/src/thermal_calibration_interfaces) by extension 'colcon_pkg'
[0.258s] Level 1:colcon.colcon_core.package_identification:_identify(src/thermal_calibration_tool/src/thermal_calibration_interfaces) by extensions ['colcon_meta']
[0.258s] Level 1:colcon.colcon_core.package_identification:_identify(src/thermal_calibration_tool/src/thermal_calibration_interfaces) by extension 'colcon_meta'
[0.258s] Level 1:colcon.colcon_core.package_identification:_identify(src/thermal_calibration_tool/src/thermal_calibration_interfaces) by extensions ['ros']
[0.258s] Level 1:colcon.colcon_core.package_identification:_identify(src/thermal_calibration_tool/src/thermal_calibration_interfaces) by extension 'ros'
[0.259s] DEBUG:colcon.colcon_core.package_identification:Package 'src/thermal_calibration_tool/src/thermal_calibration_interfaces' with type 'ros.ament_cmake' and name 'thermal_calibration_interfaces'
[0.259s] Level 1:colcon.colcon_core.package_identification:_identify(src/thermal_calibration_tool/src/thermal_calibration_rqt) by extensions ['ignore', 'ignore_ament_install']
[0.259s] Level 1:colcon.colcon_core.package_identification:_identify(src/thermal_calibration_tool/src/thermal_calibration_rqt) by extension 'ignore'
[0.259s] Level 1:colcon.colcon_core.package_identification:_identify(src/thermal_calibration_tool/src/thermal_calibration_rqt) by extension 'ignore_ament_install'
[0.259s] Level 1:colcon.colcon_core.package_identification:_identify(src/thermal_calibration_tool/src/thermal_calibration_rqt) by extensions ['colcon_pkg']
[0.259s] Level 1:colcon.colcon_core.package_identification:_identify(src/thermal_calibration_tool/src/thermal_calibration_rqt) by extension 'colcon_pkg'
[0.259s] Level 1:colcon.colcon_core.package_identification:_identify(src/thermal_calibration_tool/src/thermal_calibration_rqt) by extensions ['colcon_meta']
[0.259s] Level 1:colcon.colcon_core.package_identification:_identify(src/thermal_calibration_tool/src/thermal_calibration_rqt) by extension 'colcon_meta'
[0.259s] Level 1:colcon.colcon_core.package_identification:_identify(src/thermal_calibration_tool/src/thermal_calibration_rqt) by extensions ['ros']
[0.259s] Level 1:colcon.colcon_core.package_identification:_identify(src/thermal_calibration_tool/src/thermal_calibration_rqt) by extension 'ros'
[0.260s] DEBUG:colcon.colcon_core.package_identification:Package 'src/thermal_calibration_tool/src/thermal_calibration_rqt' with type 'ros.ament_python' and name 'thermal_calibration_rqt'
[0.260s] Level 1:colcon.colcon_core.package_identification:_identify(src/thermal_radiometric_visualizer) by extensions ['ignore', 'ignore_ament_install']
[0.260s] Level 1:colcon.colcon_core.package_identification:_identify(src/thermal_radiometric_visualizer) by extension 'ignore'
[0.260s] Level 1:colcon.colcon_core.package_identification:_identify(src/thermal_radiometric_visualizer) by extension 'ignore_ament_install'
[0.260s] Level 1:colcon.colcon_core.package_identification:_identify(src/thermal_radiometric_visualizer) by extensions ['colcon_pkg']
[0.260s] Level 1:colcon.colcon_core.package_identification:_identify(src/thermal_radiometric_visualizer) by extension 'colcon_pkg'
[0.260s] Level 1:colcon.colcon_core.package_identification:_identify(src/thermal_radiometric_visualizer) by extensions ['colcon_meta']
[0.260s] Level 1:colcon.colcon_core.package_identification:_identify(src/thermal_radiometric_visualizer) by extension 'colcon_meta'
[0.260s] Level 1:colcon.colcon_core.package_identification:_identify(src/thermal_radiometric_visualizer) by extensions ['ros']
[0.260s] Level 1:colcon.colcon_core.package_identification:_identify(src/thermal_radiometric_visualizer) by extension 'ros'
[0.261s] DEBUG:colcon.colcon_core.package_identification:Package 'src/thermal_radiometric_visualizer' with type 'ros.ament_python' and name 'thermal_radiometric_visualizer'
[0.261s] Level 1:colcon.colcon_core.package_identification:_identify(src/thermal_radiometry) by extensions ['ignore', 'ignore_ament_install']
[0.261s] Level 1:colcon.colcon_core.package_identification:_identify(src/thermal_radiometry) by extension 'ignore'
[0.261s] Level 1:colcon.colcon_core.package_identification:_identify(src/thermal_radiometry) by extension 'ignore_ament_install'
[0.261s] Level 1:colcon.colcon_core.package_identification:_identify(src/thermal_radiometry) by extensions ['colcon_pkg']
[0.261s] Level 1:colcon.colcon_core.package_identification:_identify(src/thermal_radiometry) by extension 'colcon_pkg'
[0.261s] Level 1:colcon.colcon_core.package_identification:_identify(src/thermal_radiometry) by extensions ['colcon_meta']
[0.261s] Level 1:colcon.colcon_core.package_identification:_identify(src/thermal_radiometry) by extension 'colcon_meta'
[0.261s] Level 1:colcon.colcon_core.package_identification:_identify(src/thermal_radiometry) by extensions ['ros']
[0.261s] Level 1:colcon.colcon_core.package_identification:_identify(src/thermal_radiometry) by extension 'ros'
[0.261s] DEBUG:colcon.colcon_core.package_identification:Package 'src/thermal_radiometry' with type 'ros.ament_python' and name 'thermal_radiometry'
[0.261s] Level 1:colcon.colcon_core.package_identification:_identify(src/usb_cam) by extensions ['ignore', 'ignore_ament_install']
[0.261s] Level 1:colcon.colcon_core.package_identification:_identify(src/usb_cam) by extension 'ignore'
[0.261s] Level 1:colcon.colcon_core.package_identification:_identify(src/usb_cam) by extension 'ignore_ament_install'
[0.261s] Level 1:colcon.colcon_core.package_identification:_identify(src/usb_cam) by extensions ['colcon_pkg']
[0.261s] Level 1:colcon.colcon_core.package_identification:_identify(src/usb_cam) by extension 'colcon_pkg'
[0.261s] Level 1:colcon.colcon_core.package_identification:_identify(src/usb_cam) by extensions ['colcon_meta']
[0.261s] Level 1:colcon.colcon_core.package_identification:_identify(src/usb_cam) by extension 'colcon_meta'
[0.261s] Level 1:colcon.colcon_core.package_identification:_identify(src/usb_cam) by extensions ['ros']
[0.261s] Level 1:colcon.colcon_core.package_identification:_identify(src/usb_cam) by extension 'ros'
[0.263s] DEBUG:colcon.colcon_core.package_identification:Package 'src/usb_cam' with type 'ros.ament_cmake' and name 'usb_cam'
[0.263s] Level 1:colcon.colcon_core.package_discovery:discover_packages(recursive) using defaults
[0.263s] Level 1:colcon.colcon_core.package_discovery:discover_packages(ignore) discover
[0.263s] Level 1:colcon.colcon_core.package_discovery:discover_packages(ignore) using defaults
[0.263s] Level 1:colcon.colcon_core.package_discovery:discover_packages(path) discover
[0.263s] Level 1:colcon.colcon_core.package_discovery:discover_packages(path) using defaults
[0.297s] Level 5:colcon.colcon_core.verb:set package 'mono16_converter' build argument 'cmake_args' from command line to 'None'
[0.297s] Level 5:colcon.colcon_core.verb:set package 'mono16_converter' build argument 'cmake_target' from command line to 'None'
[0.297s] Level 5:colcon.colcon_core.verb:set package 'mono16_converter' build argument 'cmake_target_skip_unavailable' from command line to 'False'
[0.297s] Level 5:colcon.colcon_core.verb:set package 'mono16_converter' build argument 'cmake_clean_cache' from command line to 'False'
[0.297s] Level 5:colcon.colcon_core.verb:set package 'mono16_converter' build argument 'cmake_clean_first' from command line to 'False'
[0.297s] Level 5:colcon.colcon_core.verb:set package 'mono16_converter' build argument 'cmake_force_configure' from command line to 'False'
[0.297s] Level 5:colcon.colcon_core.verb:set package 'mono16_converter' build argument 'ament_cmake_args' from command line to 'None'
[0.297s] Level 5:colcon.colcon_core.verb:set package 'mono16_converter' build argument 'catkin_cmake_args' from command line to 'None'
[0.297s] Level 5:colcon.colcon_core.verb:set package 'mono16_converter' build argument 'catkin_skip_building_tests' from command line to 'False'
[0.297s] DEBUG:colcon.colcon_core.verb:Building package 'mono16_converter' with the following arguments: {'ament_cmake_args': None, 'build_base': '/home/dtc/airlab_ws/varunkasi_ws/build/mono16_converter', 'catkin_cmake_args': None, 'catkin_skip_building_tests': False, 'cmake_args': None, 'cmake_clean_cache': False, 'cmake_clean_first': False, 'cmake_force_configure': False, 'cmake_target': None, 'cmake_target_skip_unavailable': False, 'install_base': '/home/dtc/airlab_ws/varunkasi_ws/install/mono16_converter', 'merge_install': False, 'path': '/home/dtc/airlab_ws/varunkasi_ws/src/mono16_converter', 'symlink_install': True, 'test_result_base': None}
[0.297s] Level 5:colcon.colcon_core.verb:set package 'thermal_calibration_interfaces' build argument 'cmake_args' from command line to 'None'
[0.297s] Level 5:colcon.colcon_core.verb:set package 'thermal_calibration_interfaces' build argument 'cmake_target' from command line to 'None'
[0.297s] Level 5:colcon.colcon_core.verb:set package 'thermal_calibration_interfaces' build argument 'cmake_target_skip_unavailable' from command line to 'False'
[0.297s] Level 5:colcon.colcon_core.verb:set package 'thermal_calibration_interfaces' build argument 'cmake_clean_cache' from command line to 'False'
[0.297s] Level 5:colcon.colcon_core.verb:set package 'thermal_calibration_interfaces' build argument 'cmake_clean_first' from command line to 'False'
[0.297s] Level 5:colcon.colcon_core.verb:set package 'thermal_calibration_interfaces' build argument 'cmake_force_configure' from command line to 'False'
[0.297s] Level 5:colcon.colcon_core.verb:set package 'thermal_calibration_interfaces' build argument 'ament_cmake_args' from command line to 'None'
[0.297s] Level 5:colcon.colcon_core.verb:set package 'thermal_calibration_interfaces' build argument 'catkin_cmake_args' from command line to 'None'
[0.297s] Level 5:colcon.colcon_core.verb:set package 'thermal_calibration_interfaces' build argument 'catkin_skip_building_tests' from command line to 'False'
[0.297s] DEBUG:colcon.colcon_core.verb:Building package 'thermal_calibration_interfaces' with the following arguments: {'ament_cmake_args': None, 'build_base': '/home/dtc/airlab_ws/varunkasi_ws/build/thermal_calibration_interfaces', 'catkin_cmake_args': None, 'catkin_skip_building_tests': False, 'cmake_args': None, 'cmake_clean_cache': False, 'cmake_clean_first': False, 'cmake_force_configure': False, 'cmake_target': None, 'cmake_target_skip_unavailable': False, 'install_base': '/home/dtc/airlab_ws/varunkasi_ws/install/thermal_calibration_interfaces', 'merge_install': False, 'path': '/home/dtc/airlab_ws/varunkasi_ws/src/thermal_calibration_tool/src/thermal_calibration_interfaces', 'symlink_install': True, 'test_result_base': None}
[0.298s] Level 5:colcon.colcon_core.verb:set package 'thermal_radiometric_visualizer' build argument 'cmake_args' from command line to 'None'
[0.298s] Level 5:colcon.colcon_core.verb:set package 'thermal_radiometric_visualizer' build argument 'cmake_target' from command line to 'None'
[0.298s] Level 5:colcon.colcon_core.verb:set package 'thermal_radiometric_visualizer' build argument 'cmake_target_skip_unavailable' from command line to 'False'
[0.298s] Level 5:colcon.colcon_core.verb:set package 'thermal_radiometric_visualizer' build argument 'cmake_clean_cache' from command line to 'False'
[0.298s] Level 5:colcon.colcon_core.verb:set package 'thermal_radiometric_visualizer' build argument 'cmake_clean_first' from command line to 'False'
[0.298s] Level 5:colcon.colcon_core.verb:set package 'thermal_radiometric_visualizer' build argument 'cmake_force_configure' from command line to 'False'
[0.298s] Level 5:colcon.colcon_core.verb:set package 'thermal_radiometric_visualizer' build argument 'ament_cmake_args' from command line to 'None'
[0.298s] Level 5:colcon.colcon_core.verb:set package 'thermal_radiometric_visualizer' build argument 'catkin_cmake_args' from command line to 'None'
[0.298s] Level 5:colcon.colcon_core.verb:set package 'thermal_radiometric_visualizer' build argument 'catkin_skip_building_tests' from command line to 'False'
[0.298s] DEBUG:colcon.colcon_core.verb:Building package 'thermal_radiometric_visualizer' with the following arguments: {'ament_cmake_args': None, 'build_base': '/home/dtc/airlab_ws/varunkasi_ws/build/thermal_radiometric_visualizer', 'catkin_cmake_args': None, 'catkin_skip_building_tests': False, 'cmake_args': None, 'cmake_clean_cache': False, 'cmake_clean_first': False, 'cmake_force_configure': False, 'cmake_target': None, 'cmake_target_skip_unavailable': False, 'install_base': '/home/dtc/airlab_ws/varunkasi_ws/install/thermal_radiometric_visualizer', 'merge_install': False, 'path': '/home/dtc/airlab_ws/varunkasi_ws/src/thermal_radiometric_visualizer', 'symlink_install': True, 'test_result_base': None}
[0.298s] Level 5:colcon.colcon_core.verb:set package 'thermal_radiometry' build argument 'cmake_args' from command line to 'None'
[0.298s] Level 5:colcon.colcon_core.verb:set package 'thermal_radiometry' build argument 'cmake_target' from command line to 'None'
[0.298s] Level 5:colcon.colcon_core.verb:set package 'thermal_radiometry' build argument 'cmake_target_skip_unavailable' from command line to 'False'
[0.298s] Level 5:colcon.colcon_core.verb:set package 'thermal_radiometry' build argument 'cmake_clean_cache' from command line to 'False'
[0.298s] Level 5:colcon.colcon_core.verb:set package 'thermal_radiometry' build argument 'cmake_clean_first' from command line to 'False'
[0.298s] Level 5:colcon.colcon_core.verb:set package 'thermal_radiometry' build argument 'cmake_force_configure' from command line to 'False'
[0.298s] Level 5:colcon.colcon_core.verb:set package 'thermal_radiometry' build argument 'ament_cmake_args' from command line to 'None'
[0.298s] Level 5:colcon.colcon_core.verb:set package 'thermal_radiometry' build argument 'catkin_cmake_args' from command line to 'None'
[0.298s] Level 5:colcon.colcon_core.verb:set package 'thermal_radiometry' build argument 'catkin_skip_building_tests' from command line to 'False'
[0.298s] DEBUG:colcon.colcon_core.verb:Building package 'thermal_radiometry' with the following arguments: {'ament_cmake_args': None, 'build_base': '/home/dtc/airlab_ws/varunkasi_ws/build/thermal_radiometry', 'catkin_cmake_args': None, 'catkin_skip_building_tests': False, 'cmake_args': None, 'cmake_clean_cache': False, 'cmake_clean_first': False, 'cmake_force_configure': False, 'cmake_target': None, 'cmake_target_skip_unavailable': False, 'install_base': '/home/dtc/airlab_ws/varunkasi_ws/install/thermal_radiometry', 'merge_install': False, 'path': '/home/dtc/airlab_ws/varunkasi_ws/src/thermal_radiometry', 'symlink_install': True, 'test_result_base': None}
[0.298s] Level 5:colcon.colcon_core.verb:set package 'usb_cam' build argument 'cmake_args' from command line to 'None'
[0.298s] Level 5:colcon.colcon_core.verb:set package 'usb_cam' build argument 'cmake_target' from command line to 'None'
[0.298s] Level 5:colcon.colcon_core.verb:set package 'usb_cam' build argument 'cmake_target_skip_unavailable' from command line to 'False'
[0.298s] Level 5:colcon.colcon_core.verb:set package 'usb_cam' build argument 'cmake_clean_cache' from command line to 'False'
[0.298s] Level 5:colcon.colcon_core.verb:set package 'usb_cam' build argument 'cmake_clean_first' from command line to 'False'
[0.298s] Level 5:colcon.colcon_core.verb:set package 'usb_cam' build argument 'cmake_force_configure' from command line to 'False'
[0.298s] Level 5:colcon.colcon_core.verb:set package 'usb_cam' build argument 'ament_cmake_args' from command line to 'None'
[0.298s] Level 5:colcon.colcon_core.verb:set package 'usb_cam' build argument 'catkin_cmake_args' from command line to 'None'
[0.298s] Level 5:colcon.colcon_core.verb:set package 'usb_cam' build argument 'catkin_skip_building_tests' from command line to 'False'
[0.298s] DEBUG:colcon.colcon_core.verb:Building package 'usb_cam' with the following arguments: {'ament_cmake_args': None, 'build_base': '/home/dtc/airlab_ws/varunkasi_ws/build/usb_cam', 'catkin_cmake_args': None, 'catkin_skip_building_tests': False, 'cmake_args': None, 'cmake_clean_cache': False, 'cmake_clean_first': False, 'cmake_force_configure': False, 'cmake_target': None, 'cmake_target_skip_unavailable': False, 'install_base': '/home/dtc/airlab_ws/varunkasi_ws/install/usb_cam', 'merge_install': False, 'path': '/home/dtc/airlab_ws/varunkasi_ws/src/usb_cam', 'symlink_install': True, 'test_result_base': None}
[0.299s] Level 5:colcon.colcon_core.verb:set package 'thermal_calibration_rqt' build argument 'cmake_args' from command line to 'None'
[0.299s] Level 5:colcon.colcon_core.verb:set package 'thermal_calibration_rqt' build argument 'cmake_target' from command line to 'None'
[0.299s] Level 5:colcon.colcon_core.verb:set package 'thermal_calibration_rqt' build argument 'cmake_target_skip_unavailable' from command line to 'False'
[0.299s] Level 5:colcon.colcon_core.verb:set package 'thermal_calibration_rqt' build argument 'cmake_clean_cache' from command line to 'False'
[0.299s] Level 5:colcon.colcon_core.verb:set package 'thermal_calibration_rqt' build argument 'cmake_clean_first' from command line to 'False'
[0.299s] Level 5:colcon.colcon_core.verb:set package 'thermal_calibration_rqt' build argument 'cmake_force_configure' from command line to 'False'
[0.299s] Level 5:colcon.colcon_core.verb:set package 'thermal_calibration_rqt' build argument 'ament_cmake_args' from command line to 'None'
[0.299s] Level 5:colcon.colcon_core.verb:set package 'thermal_calibration_rqt' build argument 'catkin_cmake_args' from command line to 'None'
[0.299s] Level 5:colcon.colcon_core.verb:set package 'thermal_calibration_rqt' build argument 'catkin_skip_building_tests' from command line to 'False'
[0.299s] DEBUG:colcon.colcon_core.verb:Building package 'thermal_calibration_rqt' with the following arguments: {'ament_cmake_args': None, 'build_base': '/home/dtc/airlab_ws/varunkasi_ws/build/thermal_calibration_rqt', 'catkin_cmake_args': None, 'catkin_skip_building_tests': False, 'cmake_args': None, 'cmake_clean_cache': False, 'cmake_clean_first': False, 'cmake_force_configure': False, 'cmake_target': None, 'cmake_target_skip_unavailable': False, 'install_base': '/home/dtc/airlab_ws/varunkasi_ws/install/thermal_calibration_rqt', 'merge_install': False, 'path': '/home/dtc/airlab_ws/varunkasi_ws/src/thermal_calibration_tool/src/thermal_calibration_rqt', 'symlink_install': True, 'test_result_base': None}
[0.299s] INFO:colcon.colcon_core.executor:Executing jobs using 'parallel' executor
[0.299s] DEBUG:colcon.colcon_parallel_executor.executor.parallel:run_until_complete
[0.300s] INFO:colcon.colcon_ros.task.ament_python.build:Building ROS package in '/home/dtc/airlab_ws/varunkasi_ws/src/mono16_converter' with build type 'ament_python'
[0.300s] Level 1:colcon.colcon_core.shell:create_environment_hook('mono16_converter', 'ament_prefix_path')
[0.302s] INFO:colcon.colcon_core.plugin_system:Skipping extension 'colcon_core.shell.bat': Not used on non-Windows systems
[0.302s] INFO:colcon.colcon_core.shell:Creating environment hook '/home/dtc/airlab_ws/varunkasi_ws/install/mono16_converter/share/mono16_converter/hook/ament_prefix_path.ps1'
[0.303s] INFO:colcon.colcon_core.shell:Creating environment descriptor '/home/dtc/airlab_ws/varunkasi_ws/install/mono16_converter/share/mono16_converter/hook/ament_prefix_path.dsv'
[0.303s] INFO:colcon.colcon_core.shell:Creating environment hook '/home/dtc/airlab_ws/varunkasi_ws/install/mono16_converter/share/mono16_converter/hook/ament_prefix_path.sh'
[0.304s] INFO:colcon.colcon_core.shell:Skip shell extension 'powershell' for command environment: Not usable outside of PowerShell
[0.304s] DEBUG:colcon.colcon_core.shell:Skip shell extension 'dsv' for command environment
[0.305s] WARNING:colcon.colcon_ros.prefix_path.ament:The path '/home/dtc/airlab_ws/varunkasi_ws/install/thermal_calibration_rqt' in the environment variable AMENT_PREFIX_PATH doesn't exist
[0.305s] WARNING:colcon.colcon_ros.prefix_path.ament:The path '/home/dtc/airlab_ws/varunkasi_ws/install/usb_cam' in the environment variable AMENT_PREFIX_PATH doesn't exist
[0.305s] WARNING:colcon.colcon_ros.prefix_path.ament:The path '/home/dtc/airlab_ws/varunkasi_ws/install/thermal_radiometry' in the environment variable AMENT_PREFIX_PATH doesn't exist
[0.305s] WARNING:colcon.colcon_ros.prefix_path.ament:The path '/home/dtc/airlab_ws/varunkasi_ws/install/thermal_radiometric_visualizer' in the environment variable AMENT_PREFIX_PATH doesn't exist
[0.305s] WARNING:colcon.colcon_ros.prefix_path.ament:The path '/home/dtc/airlab_ws/varunkasi_ws/install/thermal_calibration_interfaces' in the environment variable AMENT_PREFIX_PATH doesn't exist
[0.305s] WARNING:colcon.colcon_ros.prefix_path.catkin:The path '/home/dtc/airlab_ws/varunkasi_ws/install/usb_cam' in the environment variable CMAKE_PREFIX_PATH doesn't exist
[0.306s] WARNING:colcon.colcon_ros.prefix_path.catkin:The path '/home/dtc/airlab_ws/varunkasi_ws/install/thermal_calibration_interfaces' in the environment variable CMAKE_PREFIX_PATH doesn't exist
[0.309s] INFO:colcon.colcon_ros.task.ament_cmake.build:Building ROS package in '/home/dtc/airlab_ws/varunkasi_ws/src/thermal_calibration_tool/src/thermal_calibration_interfaces' with build type 'ament_cmake'
[0.310s] INFO:colcon.colcon_cmake.task.cmake.build:Building CMake package in '/home/dtc/airlab_ws/varunkasi_ws/src/thermal_calibration_tool/src/thermal_calibration_interfaces'
[0.310s] INFO:colcon.colcon_core.shell:Skip shell extension 'powershell' for command environment: Not usable outside of PowerShell
[0.310s] DEBUG:colcon.colcon_core.shell:Skip shell extension 'dsv' for command environment
[0.313s] INFO:colcon.colcon_ros.task.ament_cmake.build:Building ROS package in '/home/dtc/airlab_ws/varunkasi_ws/src/usb_cam' with build type 'ament_cmake'
[0.313s] INFO:colcon.colcon_cmake.task.cmake.build:Building CMake package in '/home/dtc/airlab_ws/varunkasi_ws/src/usb_cam'
[0.314s] INFO:colcon.colcon_core.shell:Skip shell extension 'powershell' for command environment: Not usable outside of PowerShell
[0.314s] DEBUG:colcon.colcon_core.shell:Skip shell extension 'dsv' for command environment
[0.316s] INFO:colcon.colcon_ros.task.ament_python.build:Building ROS package in '/home/dtc/airlab_ws/varunkasi_ws/src/thermal_radiometric_visualizer' with build type 'ament_python'
[0.317s] Level 1:colcon.colcon_core.shell:create_environment_hook('thermal_radiometric_visualizer', 'ament_prefix_path')
[0.317s] INFO:colcon.colcon_core.shell:Creating environment hook '/home/dtc/airlab_ws/varunkasi_ws/install/thermal_radiometric_visualizer/share/thermal_radiometric_visualizer/hook/ament_prefix_path.ps1'
[0.317s] INFO:colcon.colcon_core.shell:Creating environment descriptor '/home/dtc/airlab_ws/varunkasi_ws/install/thermal_radiometric_visualizer/share/thermal_radiometric_visualizer/hook/ament_prefix_path.dsv'
[0.317s] INFO:colcon.colcon_core.shell:Creating environment hook '/home/dtc/airlab_ws/varunkasi_ws/install/thermal_radiometric_visualizer/share/thermal_radiometric_visualizer/hook/ament_prefix_path.sh'
[0.318s] INFO:colcon.colcon_core.shell:Skip shell extension 'powershell' for command environment: Not usable outside of PowerShell
[0.318s] DEBUG:colcon.colcon_core.shell:Skip shell extension 'dsv' for command environment
[0.322s] INFO:colcon.colcon_ros.task.ament_python.build:Building ROS package in '/home/dtc/airlab_ws/varunkasi_ws/src/thermal_radiometry' with build type 'ament_python'
[0.322s] Level 1:colcon.colcon_core.shell:create_environment_hook('thermal_radiometry', 'ament_prefix_path')
[0.323s] INFO:colcon.colcon_core.shell:Creating environment hook '/home/dtc/airlab_ws/varunkasi_ws/install/thermal_radiometry/share/thermal_radiometry/hook/ament_prefix_path.ps1'
[0.324s] INFO:colcon.colcon_core.shell:Creating environment descriptor '/home/dtc/airlab_ws/varunkasi_ws/install/thermal_radiometry/share/thermal_radiometry/hook/ament_prefix_path.dsv'
[0.324s] INFO:colcon.colcon_core.shell:Creating environment hook '/home/dtc/airlab_ws/varunkasi_ws/install/thermal_radiometry/share/thermal_radiometry/hook/ament_prefix_path.sh'
[0.324s] INFO:colcon.colcon_core.shell:Skip shell extension 'powershell' for command environment: Not usable outside of PowerShell
[0.325s] DEBUG:colcon.colcon_core.shell:Skip shell extension 'dsv' for command environment
[0.579s] INFO:colcon.colcon_core.task.python.build:Building Python package in '/home/dtc/airlab_ws/varunkasi_ws/src/mono16_converter'
[0.580s] INFO:colcon.colcon_core.shell:Skip shell extension 'powershell' for command environment: Not usable outside of PowerShell
[0.580s] DEBUG:colcon.colcon_core.shell:Skip shell extension 'dsv' for command environment
[0.585s] DEBUG:colcon.colcon_core.event_handler.log_command:Invoking command in '/home/dtc/airlab_ws/varunkasi_ws/build/thermal_calibration_interfaces': CMAKE_PREFIX_PATH=${CMAKE_PREFIX_PATH}:/home/dtc/airlab_ws/varunkasi_ws/install/thermal_calibration_rqt:/home/dtc/airlab_ws/varunkasi_ws/install/thermal_radiometry:/home/dtc/airlab_ws/varunkasi_ws/install/thermal_radiometric_visualizer:/home/dtc/airlab_ws/varunkasi_ws/install/mono16_converter:/opt/ros/humble /usr/bin/cmake /home/dtc/airlab_ws/varunkasi_ws/src/thermal_calibration_tool/src/thermal_calibration_interfaces -DAMENT_CMAKE_SYMLINK_INSTALL=1 -DCMAKE_INSTALL_PREFIX=/home/dtc/airlab_ws/varunkasi_ws/install/thermal_calibration_interfaces
[0.589s] DEBUG:colcon.colcon_core.event_handler.log_command:Invoking command in '/home/dtc/airlab_ws/varunkasi_ws/build/usb_cam': CMAKE_PREFIX_PATH=${CMAKE_PREFIX_PATH}:/home/dtc/airlab_ws/varunkasi_ws/install/thermal_calibration_rqt:/home/dtc/airlab_ws/varunkasi_ws/install/thermal_radiometry:/home/dtc/airlab_ws/varunkasi_ws/install/thermal_radiometric_visualizer:/home/dtc/airlab_ws/varunkasi_ws/install/mono16_converter:/opt/ros/humble /usr/bin/cmake /home/dtc/airlab_ws/varunkasi_ws/src/usb_cam -DAMENT_CMAKE_SYMLINK_INSTALL=1 -DCMAKE_INSTALL_PREFIX=/home/dtc/airlab_ws/varunkasi_ws/install/usb_cam
[0.833s] INFO:colcon.colcon_core.task.python.build:Building Python package in '/home/dtc/airlab_ws/varunkasi_ws/src/thermal_radiometric_visualizer'
[0.833s] INFO:colcon.colcon_core.shell:Skip shell extension 'powershell' for command environment: Not usable outside of PowerShell
[0.833s] DEBUG:colcon.colcon_core.shell:Skip shell extension 'dsv' for command environment
[1.095s] INFO:colcon.colcon_core.task.python.build:Building Python package in '/home/dtc/airlab_ws/varunkasi_ws/src/thermal_radiometry'
[1.095s] INFO:colcon.colcon_core.shell:Skip shell extension 'powershell' for command environment: Not usable outside of PowerShell
[1.095s] DEBUG:colcon.colcon_core.shell:Skip shell extension 'dsv' for command environment
[1.483s] DEBUG:colcon.colcon_core.event_handler.log_command:Invoking command in '/home/dtc/airlab_ws/varunkasi_ws/build/mono16_converter': PYTHONPATH=/home/dtc/airlab_ws/varunkasi_ws/build/mono16_converter/prefix_override:/usr/lib/python3/dist-packages/colcon_core/task/python/colcon_distutils_commands:/home/dtc/airlab_ws/varunkasi_ws/install/mono16_converter/lib/python3.10/site-packages:${PYTHONPATH} /usr/bin/python3 -W ignore:setup.py install is deprecated -W ignore:easy_install command is deprecated setup.py develop --editable --build-directory /home/dtc/airlab_ws/varunkasi_ws/build/mono16_converter/build --no-deps symlink_data
[1.554s] DEBUG:colcon.colcon_core.event_handler.log_command:Invoking command in '/home/dtc/airlab_ws/varunkasi_ws/build/thermal_radiometric_visualizer': PYTHONPATH=/home/dtc/airlab_ws/varunkasi_ws/build/thermal_radiometric_visualizer/prefix_override:/usr/lib/python3/dist-packages/colcon_core/task/python/colcon_distutils_commands:/home/dtc/airlab_ws/varunkasi_ws/install/thermal_radiometric_visualizer/lib/python3.10/site-packages:${PYTHONPATH} /usr/bin/python3 -W ignore:setup.py install is deprecated -W ignore:easy_install command is deprecated setup.py develop --editable --build-directory /home/dtc/airlab_ws/varunkasi_ws/build/thermal_radiometric_visualizer/build --no-deps symlink_data
[1.561s] DEBUG:colcon.colcon_core.event_handler.log_command:Invoking command in '/home/dtc/airlab_ws/varunkasi_ws/build/thermal_radiometry': PYTHONPATH=/home/dtc/airlab_ws/varunkasi_ws/build/thermal_radiometry/prefix_override:/usr/lib/python3/dist-packages/colcon_core/task/python/colcon_distutils_commands:/home/dtc/airlab_ws/varunkasi_ws/install/thermal_radiometry/lib/python3.10/site-packages:${PYTHONPATH} /usr/bin/python3 -W ignore:setup.py install is deprecated -W ignore:easy_install command is deprecated setup.py develop --editable --build-directory /home/dtc/airlab_ws/varunkasi_ws/build/thermal_radiometry/build --no-deps symlink_data
[2.031s] Level 1:colcon.colcon_core.shell:create_environment_hook('mono16_converter', 'pythonpath_develop')
[2.031s] INFO:colcon.colcon_core.shell:Creating environment hook '/home/dtc/airlab_ws/varunkasi_ws/build/mono16_converter/share/mono16_converter/hook/pythonpath_develop.ps1'
[2.032s] DEBUG:colcon.colcon_core.event_handler.log_command:Invoked command in '/home/dtc/airlab_ws/varunkasi_ws/build/mono16_converter' returned '0': PYTHONPATH=/home/dtc/airlab_ws/varunkasi_ws/build/mono16_converter/prefix_override:/usr/lib/python3/dist-packages/colcon_core/task/python/colcon_distutils_commands:/home/dtc/airlab_ws/varunkasi_ws/install/mono16_converter/lib/python3.10/site-packages:${PYTHONPATH} /usr/bin/python3 -W ignore:setup.py install is deprecated -W ignore:easy_install command is deprecated setup.py develop --editable --build-directory /home/dtc/airlab_ws/varunkasi_ws/build/mono16_converter/build --no-deps symlink_data
[2.033s] INFO:colcon.colcon_core.shell:Creating environment descriptor '/home/dtc/airlab_ws/varunkasi_ws/build/mono16_converter/share/mono16_converter/hook/pythonpath_develop.dsv'
[2.034s] INFO:colcon.colcon_core.shell:Creating environment hook '/home/dtc/airlab_ws/varunkasi_ws/build/mono16_converter/share/mono16_converter/hook/pythonpath_develop.sh'
[2.037s] Level 1:colcon.colcon_core.environment:checking '/home/dtc/airlab_ws/varunkasi_ws/install/mono16_converter' for CMake module files
[2.040s] Level 1:colcon.colcon_core.environment:checking '/home/dtc/airlab_ws/varunkasi_ws/install/mono16_converter' for CMake config files
[2.043s] Level 1:colcon.colcon_core.environment:checking '/home/dtc/airlab_ws/varunkasi_ws/install/mono16_converter/lib'
[2.044s] Level 1:colcon.colcon_core.environment:checking '/home/dtc/airlab_ws/varunkasi_ws/install/mono16_converter/bin'
[2.044s] Level 1:colcon.colcon_core.environment:checking '/home/dtc/airlab_ws/varunkasi_ws/install/mono16_converter/lib/pkgconfig/mono16_converter.pc'
[2.046s] Level 1:colcon.colcon_core.environment:checking '/home/dtc/airlab_ws/varunkasi_ws/install/mono16_converter/lib/python3.10/site-packages'
[2.046s] Level 1:colcon.colcon_core.shell:create_environment_hook('mono16_converter', 'pythonpath')
[2.046s] INFO:colcon.colcon_core.shell:Creating environment hook '/home/dtc/airlab_ws/varunkasi_ws/install/mono16_converter/share/mono16_converter/hook/pythonpath.ps1'
[2.047s] INFO:colcon.colcon_core.shell:Creating environment descriptor '/home/dtc/airlab_ws/varunkasi_ws/install/mono16_converter/share/mono16_converter/hook/pythonpath.dsv'
[2.048s] INFO:colcon.colcon_core.shell:Creating environment hook '/home/dtc/airlab_ws/varunkasi_ws/install/mono16_converter/share/mono16_converter/hook/pythonpath.sh'
[2.048s] Level 1:colcon.colcon_core.environment:checking '/home/dtc/airlab_ws/varunkasi_ws/install/mono16_converter/bin'
[2.048s] Level 1:colcon.colcon_core.environment:create_environment_scripts_only(mono16_converter)
[2.049s] INFO:colcon.colcon_core.shell:Creating package script '/home/dtc/airlab_ws/varunkasi_ws/install/mono16_converter/share/mono16_converter/package.ps1'
[2.050s] INFO:colcon.colcon_core.shell:Creating package descriptor '/home/dtc/airlab_ws/varunkasi_ws/install/mono16_converter/share/mono16_converter/package.dsv'
[2.051s] INFO:colcon.colcon_core.shell:Creating package script '/home/dtc/airlab_ws/varunkasi_ws/install/mono16_converter/share/mono16_converter/package.sh'
[2.052s] INFO:colcon.colcon_core.shell:Creating package script '/home/dtc/airlab_ws/varunkasi_ws/install/mono16_converter/share/mono16_converter/package.bash'
[2.053s] INFO:colcon.colcon_core.shell:Creating package script '/home/dtc/airlab_ws/varunkasi_ws/install/mono16_converter/share/mono16_converter/package.zsh'
[2.054s] Level 1:colcon.colcon_core.environment:create_file_with_runtime_dependencies(/home/dtc/airlab_ws/varunkasi_ws/install/mono16_converter/share/colcon-core/packages/mono16_converter)
[2.095s] Level 1:colcon.colcon_core.shell:create_environment_hook('thermal_radiometric_visualizer', 'pythonpath_develop')
[2.096s] INFO:colcon.colcon_core.shell:Creating environment hook '/home/dtc/airlab_ws/varunkasi_ws/build/thermal_radiometric_visualizer/share/thermal_radiometric_visualizer/hook/pythonpath_develop.ps1'
[2.097s] DEBUG:colcon.colcon_core.event_handler.log_command:Invoked command in '/home/dtc/airlab_ws/varunkasi_ws/build/thermal_radiometric_visualizer' returned '0': PYTHONPATH=/home/dtc/airlab_ws/varunkasi_ws/build/thermal_radiometric_visualizer/prefix_override:/usr/lib/python3/dist-packages/colcon_core/task/python/colcon_distutils_commands:/home/dtc/airlab_ws/varunkasi_ws/install/thermal_radiometric_visualizer/lib/python3.10/site-packages:${PYTHONPATH} /usr/bin/python3 -W ignore:setup.py install is deprecated -W ignore:easy_install command is deprecated setup.py develop --editable --build-directory /home/dtc/airlab_ws/varunkasi_ws/build/thermal_radiometric_visualizer/build --no-deps symlink_data
[2.097s] INFO:colcon.colcon_core.shell:Creating environment descriptor '/home/dtc/airlab_ws/varunkasi_ws/build/thermal_radiometric_visualizer/share/thermal_radiometric_visualizer/hook/pythonpath_develop.dsv'
[2.097s] INFO:colcon.colcon_core.shell:Creating environment hook '/home/dtc/airlab_ws/varunkasi_ws/build/thermal_radiometric_visualizer/share/thermal_radiometric_visualizer/hook/pythonpath_develop.sh'
[2.098s] Level 1:colcon.colcon_core.environment:checking '/home/dtc/airlab_ws/varunkasi_ws/install/thermal_radiometric_visualizer' for CMake module files
[2.098s] Level 1:colcon.colcon_core.environment:checking '/home/dtc/airlab_ws/varunkasi_ws/install/thermal_radiometric_visualizer' for CMake config files
[2.099s] Level 1:colcon.colcon_core.environment:checking '/home/dtc/airlab_ws/varunkasi_ws/install/thermal_radiometric_visualizer/lib'
[2.099s] Level 1:colcon.colcon_core.environment:checking '/home/dtc/airlab_ws/varunkasi_ws/install/thermal_radiometric_visualizer/bin'
[2.099s] Level 1:colcon.colcon_core.environment:checking '/home/dtc/airlab_ws/varunkasi_ws/install/thermal_radiometric_visualizer/lib/pkgconfig/thermal_radiometric_visualizer.pc'
[2.099s] Level 1:colcon.colcon_core.environment:checking '/home/dtc/airlab_ws/varunkasi_ws/install/thermal_radiometric_visualizer/lib/python3.10/site-packages'
[2.099s] Level 1:colcon.colcon_core.shell:create_environment_hook('thermal_radiometric_visualizer', 'pythonpath')
[2.099s] INFO:colcon.colcon_core.shell:Creating environment hook '/home/dtc/airlab_ws/varunkasi_ws/install/thermal_radiometric_visualizer/share/thermal_radiometric_visualizer/hook/pythonpath.ps1'
[2.100s] INFO:colcon.colcon_core.shell:Creating environment descriptor '/home/dtc/airlab_ws/varunkasi_ws/install/thermal_radiometric_visualizer/share/thermal_radiometric_visualizer/hook/pythonpath.dsv'
[2.100s] INFO:colcon.colcon_core.shell:Creating environment hook '/home/dtc/airlab_ws/varunkasi_ws/install/thermal_radiometric_visualizer/share/thermal_radiometric_visualizer/hook/pythonpath.sh'
[2.101s] Level 1:colcon.colcon_core.environment:checking '/home/dtc/airlab_ws/varunkasi_ws/install/thermal_radiometric_visualizer/bin'
[2.101s] Level 1:colcon.colcon_core.environment:create_environment_scripts_only(thermal_radiometric_visualizer)
[2.101s] INFO:colcon.colcon_core.shell:Creating package script '/home/dtc/airlab_ws/varunkasi_ws/install/thermal_radiometric_visualizer/share/thermal_radiometric_visualizer/package.ps1'
[2.101s] INFO:colcon.colcon_core.shell:Creating package descriptor '/home/dtc/airlab_ws/varunkasi_ws/install/thermal_radiometric_visualizer/share/thermal_radiometric_visualizer/package.dsv'
[2.102s] INFO:colcon.colcon_core.shell:Creating package script '/home/dtc/airlab_ws/varunkasi_ws/install/thermal_radiometric_visualizer/share/thermal_radiometric_visualizer/package.sh'
[2.102s] INFO:colcon.colcon_core.shell:Creating package script '/home/dtc/airlab_ws/varunkasi_ws/install/thermal_radiometric_visualizer/share/thermal_radiometric_visualizer/package.bash'
[2.102s] INFO:colcon.colcon_core.shell:Creating package script '/home/dtc/airlab_ws/varunkasi_ws/install/thermal_radiometric_visualizer/share/thermal_radiometric_visualizer/package.zsh'
[2.103s] Level 1:colcon.colcon_core.environment:create_file_with_runtime_dependencies(/home/dtc/airlab_ws/varunkasi_ws/install/thermal_radiometric_visualizer/share/colcon-core/packages/thermal_radiometric_visualizer)
[2.107s] Level 1:colcon.colcon_core.shell:create_environment_hook('thermal_radiometry', 'pythonpath_develop')
[2.108s] INFO:colcon.colcon_core.shell:Creating environment hook '/home/dtc/airlab_ws/varunkasi_ws/build/thermal_radiometry/share/thermal_radiometry/hook/pythonpath_develop.ps1'
[2.108s] DEBUG:colcon.colcon_core.event_handler.log_command:Invoked command in '/home/dtc/airlab_ws/varunkasi_ws/build/thermal_radiometry' returned '0': PYTHONPATH=/home/dtc/airlab_ws/varunkasi_ws/build/thermal_radiometry/prefix_override:/usr/lib/python3/dist-packages/colcon_core/task/python/colcon_distutils_commands:/home/dtc/airlab_ws/varunkasi_ws/install/thermal_radiometry/lib/python3.10/site-packages:${PYTHONPATH} /usr/bin/python3 -W ignore:setup.py install is deprecated -W ignore:easy_install command is deprecated setup.py develop --editable --build-directory /home/dtc/airlab_ws/varunkasi_ws/build/thermal_radiometry/build --no-deps symlink_data
[2.109s] INFO:colcon.colcon_core.shell:Creating environment descriptor '/home/dtc/airlab_ws/varunkasi_ws/build/thermal_radiometry/share/thermal_radiometry/hook/pythonpath_develop.dsv'
[2.109s] INFO:colcon.colcon_core.shell:Creating environment hook '/home/dtc/airlab_ws/varunkasi_ws/build/thermal_radiometry/share/thermal_radiometry/hook/pythonpath_develop.sh'
[2.109s] Level 1:colcon.colcon_core.environment:checking '/home/dtc/airlab_ws/varunkasi_ws/install/thermal_radiometry' for CMake module files
[2.110s] Level 1:colcon.colcon_core.environment:checking '/home/dtc/airlab_ws/varunkasi_ws/install/thermal_radiometry' for CMake config files
[2.110s] Level 1:colcon.colcon_core.environment:checking '/home/dtc/airlab_ws/varunkasi_ws/install/thermal_radiometry/lib'
[2.110s] Level 1:colcon.colcon_core.environment:checking '/home/dtc/airlab_ws/varunkasi_ws/install/thermal_radiometry/bin'
[2.110s] Level 1:colcon.colcon_core.shell:create_environment_hook('thermal_radiometry', 'path')
[2.110s] INFO:colcon.colcon_core.shell:Creating environment hook '/home/dtc/airlab_ws/varunkasi_ws/install/thermal_radiometry/share/thermal_radiometry/hook/path.ps1'
[2.111s] INFO:colcon.colcon_core.shell:Creating environment descriptor '/home/dtc/airlab_ws/varunkasi_ws/install/thermal_radiometry/share/thermal_radiometry/hook/path.dsv'
[2.111s] INFO:colcon.colcon_core.shell:Creating environment hook '/home/dtc/airlab_ws/varunkasi_ws/install/thermal_radiometry/share/thermal_radiometry/hook/path.sh'
[2.111s] Level 1:colcon.colcon_core.environment:checking '/home/dtc/airlab_ws/varunkasi_ws/install/thermal_radiometry/lib/pkgconfig/thermal_radiometry.pc'
[2.112s] Level 1:colcon.colcon_core.environment:checking '/home/dtc/airlab_ws/varunkasi_ws/install/thermal_radiometry/lib/python3.10/site-packages'
[2.112s] Level 1:colcon.colcon_core.shell:create_environment_hook('thermal_radiometry', 'pythonpath')
[2.112s] INFO:colcon.colcon_core.shell:Creating environment hook '/home/dtc/airlab_ws/varunkasi_ws/install/thermal_radiometry/share/thermal_radiometry/hook/pythonpath.ps1'
[2.113s] INFO:colcon.colcon_core.shell:Creating environment descriptor '/home/dtc/airlab_ws/varunkasi_ws/install/thermal_radiometry/share/thermal_radiometry/hook/pythonpath.dsv'
[2.113s] INFO:colcon.colcon_core.shell:Creating environment hook '/home/dtc/airlab_ws/varunkasi_ws/install/thermal_radiometry/share/thermal_radiometry/hook/pythonpath.sh'
[2.113s] Level 1:colcon.colcon_core.environment:checking '/home/dtc/airlab_ws/varunkasi_ws/install/thermal_radiometry/bin'
[2.114s] Level 1:colcon.colcon_core.shell:create_environment_hook('thermal_radiometry', 'pythonscriptspath')
[2.114s] INFO:colcon.colcon_core.shell:Creating environment hook '/home/dtc/airlab_ws/varunkasi_ws/install/thermal_radiometry/share/thermal_radiometry/hook/pythonscriptspath.ps1'
[2.114s] INFO:colcon.colcon_core.shell:Creating environment descriptor '/home/dtc/airlab_ws/varunkasi_ws/install/thermal_radiometry/share/thermal_radiometry/hook/pythonscriptspath.dsv'
[2.115s] INFO:colcon.colcon_core.shell:Creating environment hook '/home/dtc/airlab_ws/varunkasi_ws/install/thermal_radiometry/share/thermal_radiometry/hook/pythonscriptspath.sh'
[2.115s] Level 1:colcon.colcon_core.environment:create_environment_scripts_only(thermal_radiometry)
[2.116s] INFO:colcon.colcon_core.shell:Creating package script '/home/dtc/airlab_ws/varunkasi_ws/install/thermal_radiometry/share/thermal_radiometry/package.ps1'
[2.116s] INFO:colcon.colcon_core.shell:Creating package descriptor '/home/dtc/airlab_ws/varunkasi_ws/install/thermal_radiometry/share/thermal_radiometry/package.dsv'
[2.117s] INFO:colcon.colcon_core.shell:Creating package script '/home/dtc/airlab_ws/varunkasi_ws/install/thermal_radiometry/share/thermal_radiometry/package.sh'
[2.118s] INFO:colcon.colcon_core.shell:Creating package script '/home/dtc/airlab_ws/varunkasi_ws/install/thermal_radiometry/share/thermal_radiometry/package.bash'
[2.118s] INFO:colcon.colcon_core.shell:Creating package script '/home/dtc/airlab_ws/varunkasi_ws/install/thermal_radiometry/share/thermal_radiometry/package.zsh'
[2.118s] Level 1:colcon.colcon_core.environment:create_file_with_runtime_dependencies(/home/dtc/airlab_ws/varunkasi_ws/install/thermal_radiometry/share/colcon-core/packages/thermal_radiometry)
[2.564s] DEBUG:colcon.colcon_core.event_handler.log_command:Invoked command in '/home/dtc/airlab_ws/varunkasi_ws/build/usb_cam' returned '0': CMAKE_PREFIX_PATH=${CMAKE_PREFIX_PATH}:/home/dtc/airlab_ws/varunkasi_ws/install/thermal_calibration_rqt:/home/dtc/airlab_ws/varunkasi_ws/install/thermal_radiometry:/home/dtc/airlab_ws/varunkasi_ws/install/thermal_radiometric_visualizer:/home/dtc/airlab_ws/varunkasi_ws/install/mono16_converter:/opt/ros/humble /usr/bin/cmake /home/dtc/airlab_ws/varunkasi_ws/src/usb_cam -DAMENT_CMAKE_SYMLINK_INSTALL=1 -DCMAKE_INSTALL_PREFIX=/home/dtc/airlab_ws/varunkasi_ws/install/usb_cam
[2.565s] DEBUG:colcon.colcon_core.event_handler.log_command:Invoking command in '/home/dtc/airlab_ws/varunkasi_ws/build/usb_cam': CMAKE_PREFIX_PATH=${CMAKE_PREFIX_PATH}:/home/dtc/airlab_ws/varunkasi_ws/install/thermal_calibration_rqt:/home/dtc/airlab_ws/varunkasi_ws/install/thermal_radiometry:/home/dtc/airlab_ws/varunkasi_ws/install/thermal_radiometric_visualizer:/home/dtc/airlab_ws/varunkasi_ws/install/mono16_converter:/opt/ros/humble /usr/bin/cmake --build /home/dtc/airlab_ws/varunkasi_ws/build/usb_cam -- -j16 -l16
[2.926s] DEBUG:colcon.colcon_core.event_handler.log_command:Invoked command in '/home/dtc/airlab_ws/varunkasi_ws/build/thermal_calibration_interfaces' returned '0': CMAKE_PREFIX_PATH=${CMAKE_PREFIX_PATH}:/home/dtc/airlab_ws/varunkasi_ws/install/thermal_calibration_rqt:/home/dtc/airlab_ws/varunkasi_ws/install/thermal_radiometry:/home/dtc/airlab_ws/varunkasi_ws/install/thermal_radiometric_visualizer:/home/dtc/airlab_ws/varunkasi_ws/install/mono16_converter:/opt/ros/humble /usr/bin/cmake /home/dtc/airlab_ws/varunkasi_ws/src/thermal_calibration_tool/src/thermal_calibration_interfaces -DAMENT_CMAKE_SYMLINK_INSTALL=1 -DCMAKE_INSTALL_PREFIX=/home/dtc/airlab_ws/varunkasi_ws/install/thermal_calibration_interfaces
[2.928s] DEBUG:colcon.colcon_core.event_handler.log_command:Invoking command in '/home/dtc/airlab_ws/varunkasi_ws/build/thermal_calibration_interfaces': CMAKE_PREFIX_PATH=${CMAKE_PREFIX_PATH}:/home/dtc/airlab_ws/varunkasi_ws/install/thermal_calibration_rqt:/home/dtc/airlab_ws/varunkasi_ws/install/thermal_radiometry:/home/dtc/airlab_ws/varunkasi_ws/install/thermal_radiometric_visualizer:/home/dtc/airlab_ws/varunkasi_ws/install/mono16_converter:/opt/ros/humble /usr/bin/cmake --build /home/dtc/airlab_ws/varunkasi_ws/build/thermal_calibration_interfaces -- -j16 -l16
[31.137s] DEBUG:colcon.colcon_core.event_handler.log_command:Invoked command in '/home/dtc/airlab_ws/varunkasi_ws/build/thermal_calibration_interfaces' returned '0': CMAKE_PREFIX_PATH=${CMAKE_PREFIX_PATH}:/home/dtc/airlab_ws/varunkasi_ws/install/thermal_calibration_rqt:/home/dtc/airlab_ws/varunkasi_ws/install/thermal_radiometry:/home/dtc/airlab_ws/varunkasi_ws/install/thermal_radiometric_visualizer:/home/dtc/airlab_ws/varunkasi_ws/install/mono16_converter:/opt/ros/humble /usr/bin/cmake --build /home/dtc/airlab_ws/varunkasi_ws/build/thermal_calibration_interfaces -- -j16 -l16
[31.167s] DEBUG:colcon.colcon_core.event_handler.log_command:Invoking command in '/home/dtc/airlab_ws/varunkasi_ws/build/thermal_calibration_interfaces': CMAKE_PREFIX_PATH=${CMAKE_PREFIX_PATH}:/home/dtc/airlab_ws/varunkasi_ws/install/thermal_calibration_rqt:/home/dtc/airlab_ws/varunkasi_ws/install/thermal_radiometry:/home/dtc/airlab_ws/varunkasi_ws/install/thermal_radiometric_visualizer:/home/dtc/airlab_ws/varunkasi_ws/install/mono16_converter:/opt/ros/humble /usr/bin/cmake --install /home/dtc/airlab_ws/varunkasi_ws/build/thermal_calibration_interfaces
[38.315s] Level 1:colcon.colcon_core.environment:create_environment_scripts_only(thermal_calibration_interfaces)
[38.316s] Level 1:colcon.colcon_core.environment:checking '/home/dtc/airlab_ws/varunkasi_ws/install/thermal_calibration_interfaces' for CMake module files
[38.318s] DEBUG:colcon.colcon_core.event_handler.log_command:Invoked command in '/home/dtc/airlab_ws/varunkasi_ws/build/thermal_calibration_interfaces' returned '0': CMAKE_PREFIX_PATH=${CMAKE_PREFIX_PATH}:/home/dtc/airlab_ws/varunkasi_ws/install/thermal_calibration_rqt:/home/dtc/airlab_ws/varunkasi_ws/install/thermal_radiometry:/home/dtc/airlab_ws/varunkasi_ws/install/thermal_radiometric_visualizer:/home/dtc/airlab_ws/varunkasi_ws/install/mono16_converter:/opt/ros/humble /usr/bin/cmake --install /home/dtc/airlab_ws/varunkasi_ws/build/thermal_calibration_interfaces
[38.321s] Level 1:colcon.colcon_core.environment:checking '/home/dtc/airlab_ws/varunkasi_ws/install/thermal_calibration_interfaces' for CMake config files
[38.329s] Level 1:colcon.colcon_core.shell:create_environment_hook('thermal_calibration_interfaces', 'cmake_prefix_path')
[38.330s] INFO:colcon.colcon_core.shell:Creating environment hook '/home/dtc/airlab_ws/varunkasi_ws/install/thermal_calibration_interfaces/share/thermal_calibration_interfaces/hook/cmake_prefix_path.ps1'
[38.332s] INFO:colcon.colcon_core.shell:Creating environment descriptor '/home/dtc/airlab_ws/varunkasi_ws/install/thermal_calibration_interfaces/share/thermal_calibration_interfaces/hook/cmake_prefix_path.dsv'
[38.333s] INFO:colcon.colcon_core.shell:Creating environment hook '/home/dtc/airlab_ws/varunkasi_ws/install/thermal_calibration_interfaces/share/thermal_calibration_interfaces/hook/cmake_prefix_path.sh'
[38.334s] Level 1:colcon.colcon_core.environment:checking '/home/dtc/airlab_ws/varunkasi_ws/install/thermal_calibration_interfaces/lib'
[38.334s] Level 1:colcon.colcon_core.shell:create_environment_hook('thermal_calibration_interfaces', 'ld_library_path_lib')
[38.335s] INFO:colcon.colcon_core.shell:Creating environment hook '/home/dtc/airlab_ws/varunkasi_ws/install/thermal_calibration_interfaces/share/thermal_calibration_interfaces/hook/ld_library_path_lib.ps1'
[38.336s] INFO:colcon.colcon_core.shell:Creating environment descriptor '/home/dtc/airlab_ws/varunkasi_ws/install/thermal_calibration_interfaces/share/thermal_calibration_interfaces/hook/ld_library_path_lib.dsv'
[38.337s] INFO:colcon.colcon_core.shell:Creating environment hook '/home/dtc/airlab_ws/varunkasi_ws/install/thermal_calibration_interfaces/share/thermal_calibration_interfaces/hook/ld_library_path_lib.sh'
[38.338s] Level 1:colcon.colcon_core.environment:checking '/home/dtc/airlab_ws/varunkasi_ws/install/thermal_calibration_interfaces/bin'
[38.339s] Level 1:colcon.colcon_core.environment:checking '/home/dtc/airlab_ws/varunkasi_ws/install/thermal_calibration_interfaces/lib/pkgconfig/thermal_calibration_interfaces.pc'
[38.339s] Level 1:colcon.colcon_core.environment:checking '/home/dtc/airlab_ws/varunkasi_ws/install/thermal_calibration_interfaces/lib/python3.10/site-packages'
[38.340s] Level 1:colcon.colcon_core.environment:checking '/home/dtc/airlab_ws/varunkasi_ws/install/thermal_calibration_interfaces/bin'
[38.341s] INFO:colcon.colcon_core.shell:Creating package script '/home/dtc/airlab_ws/varunkasi_ws/install/thermal_calibration_interfaces/share/thermal_calibration_interfaces/package.ps1'
[38.342s] INFO:colcon.colcon_core.shell:Creating package descriptor '/home/dtc/airlab_ws/varunkasi_ws/install/thermal_calibration_interfaces/share/thermal_calibration_interfaces/package.dsv'
[38.343s] INFO:colcon.colcon_core.shell:Creating package script '/home/dtc/airlab_ws/varunkasi_ws/install/thermal_calibration_interfaces/share/thermal_calibration_interfaces/package.sh'
[38.344s] INFO:colcon.colcon_core.shell:Creating package script '/home/dtc/airlab_ws/varunkasi_ws/install/thermal_calibration_interfaces/share/thermal_calibration_interfaces/package.bash'
[38.344s] INFO:colcon.colcon_core.shell:Creating package script '/home/dtc/airlab_ws/varunkasi_ws/install/thermal_calibration_interfaces/share/thermal_calibration_interfaces/package.zsh'
[38.345s] Level 1:colcon.colcon_core.environment:create_file_with_runtime_dependencies(/home/dtc/airlab_ws/varunkasi_ws/install/thermal_calibration_interfaces/share/colcon-core/packages/thermal_calibration_interfaces)
[38.347s] Level 1:colcon.colcon_core.environment:create_environment_scripts_only(thermal_calibration_interfaces)
[38.347s] Level 1:colcon.colcon_core.environment:checking '/home/dtc/airlab_ws/varunkasi_ws/install/thermal_calibration_interfaces' for CMake module files
[38.349s] Level 1:colcon.colcon_core.environment:checking '/home/dtc/airlab_ws/varunkasi_ws/install/thermal_calibration_interfaces' for CMake config files
[38.354s] Level 1:colcon.colcon_core.shell:create_environment_hook('thermal_calibration_interfaces', 'cmake_prefix_path')
[38.354s] INFO:colcon.colcon_core.shell:Creating environment hook '/home/dtc/airlab_ws/varunkasi_ws/install/thermal_calibration_interfaces/share/thermal_calibration_interfaces/hook/cmake_prefix_path.ps1'
[38.355s] INFO:colcon.colcon_core.shell:Creating environment descriptor '/home/dtc/airlab_ws/varunkasi_ws/install/thermal_calibration_interfaces/share/thermal_calibration_interfaces/hook/cmake_prefix_path.dsv'
[38.356s] INFO:colcon.colcon_core.shell:Creating environment hook '/home/dtc/airlab_ws/varunkasi_ws/install/thermal_calibration_interfaces/share/thermal_calibration_interfaces/hook/cmake_prefix_path.sh'
[38.357s] Level 1:colcon.colcon_core.environment:checking '/home/dtc/airlab_ws/varunkasi_ws/install/thermal_calibration_interfaces/lib'
[38.357s] Level 1:colcon.colcon_core.shell:create_environment_hook('thermal_calibration_interfaces', 'ld_library_path_lib')
[38.358s] INFO:colcon.colcon_core.shell:Creating environment hook '/home/dtc/airlab_ws/varunkasi_ws/install/thermal_calibration_interfaces/share/thermal_calibration_interfaces/hook/ld_library_path_lib.ps1'
[38.359s] INFO:colcon.colcon_core.shell:Creating environment descriptor '/home/dtc/airlab_ws/varunkasi_ws/install/thermal_calibration_interfaces/share/thermal_calibration_interfaces/hook/ld_library_path_lib.dsv'
[38.359s] INFO:colcon.colcon_core.shell:Creating environment hook '/home/dtc/airlab_ws/varunkasi_ws/install/thermal_calibration_interfaces/share/thermal_calibration_interfaces/hook/ld_library_path_lib.sh'
[38.360s] Level 1:colcon.colcon_core.environment:checking '/home/dtc/airlab_ws/varunkasi_ws/install/thermal_calibration_interfaces/bin'
[38.361s] Level 1:colcon.colcon_core.environment:checking '/home/dtc/airlab_ws/varunkasi_ws/install/thermal_calibration_interfaces/lib/pkgconfig/thermal_calibration_interfaces.pc'
[38.361s] Level 1:colcon.colcon_core.environment:checking '/home/dtc/airlab_ws/varunkasi_ws/install/thermal_calibration_interfaces/lib/python3.10/site-packages'
[38.362s] Level 1:colcon.colcon_core.environment:checking '/home/dtc/airlab_ws/varunkasi_ws/install/thermal_calibration_interfaces/bin'
[38.363s] INFO:colcon.colcon_core.shell:Creating package script '/home/dtc/airlab_ws/varunkasi_ws/install/thermal_calibration_interfaces/share/thermal_calibration_interfaces/package.ps1'
[38.364s] INFO:colcon.colcon_core.shell:Creating package descriptor '/home/dtc/airlab_ws/varunkasi_ws/install/thermal_calibration_interfaces/share/thermal_calibration_interfaces/package.dsv'
[38.365s] INFO:colcon.colcon_core.shell:Creating package script '/home/dtc/airlab_ws/varunkasi_ws/install/thermal_calibration_interfaces/share/thermal_calibration_interfaces/package.sh'
[38.366s] INFO:colcon.colcon_core.shell:Creating package script '/home/dtc/airlab_ws/varunkasi_ws/install/thermal_calibration_interfaces/share/thermal_calibration_interfaces/package.bash'
[38.367s] INFO:colcon.colcon_core.shell:Creating package script '/home/dtc/airlab_ws/varunkasi_ws/install/thermal_calibration_interfaces/share/thermal_calibration_interfaces/package.zsh'
[38.369s] Level 1:colcon.colcon_core.environment:create_file_with_runtime_dependencies(/home/dtc/airlab_ws/varunkasi_ws/install/thermal_calibration_interfaces/share/colcon-core/packages/thermal_calibration_interfaces)
[46.405s] DEBUG:colcon.colcon_core.event_handler.log_command:Invoked command in '/home/dtc/airlab_ws/varunkasi_ws/build/usb_cam' returned '0': CMAKE_PREFIX_PATH=${CMAKE_PREFIX_PATH}:/home/dtc/airlab_ws/varunkasi_ws/install/thermal_calibration_rqt:/home/dtc/airlab_ws/varunkasi_ws/install/thermal_radiometry:/home/dtc/airlab_ws/varunkasi_ws/install/thermal_radiometric_visualizer:/home/dtc/airlab_ws/varunkasi_ws/install/mono16_converter:/opt/ros/humble /usr/bin/cmake --build /home/dtc/airlab_ws/varunkasi_ws/build/usb_cam -- -j16 -l16
[46.407s] DEBUG:colcon.colcon_core.event_handler.log_command:Invoking command in '/home/dtc/airlab_ws/varunkasi_ws/build/usb_cam': CMAKE_PREFIX_PATH=${CMAKE_PREFIX_PATH}:/home/dtc/airlab_ws/varunkasi_ws/install/thermal_calibration_rqt:/home/dtc/airlab_ws/varunkasi_ws/install/thermal_radiometry:/home/dtc/airlab_ws/varunkasi_ws/install/thermal_radiometric_visualizer:/home/dtc/airlab_ws/varunkasi_ws/install/mono16_converter:/opt/ros/humble /usr/bin/cmake --install /home/dtc/airlab_ws/varunkasi_ws/build/usb_cam
[47.682s] Level 1:colcon.colcon_core.environment:create_environment_scripts_only(usb_cam)
[47.683s] Level 1:colcon.colcon_core.environment:checking '/home/dtc/airlab_ws/varunkasi_ws/install/usb_cam' for CMake module files
[47.684s] DEBUG:colcon.colcon_core.event_handler.log_command:Invoked command in '/home/dtc/airlab_ws/varunkasi_ws/build/usb_cam' returned '0': CMAKE_PREFIX_PATH=${CMAKE_PREFIX_PATH}:/home/dtc/airlab_ws/varunkasi_ws/install/thermal_calibration_rqt:/home/dtc/airlab_ws/varunkasi_ws/install/thermal_radiometry:/home/dtc/airlab_ws/varunkasi_ws/install/thermal_radiometric_visualizer:/home/dtc/airlab_ws/varunkasi_ws/install/mono16_converter:/opt/ros/humble /usr/bin/cmake --install /home/dtc/airlab_ws/varunkasi_ws/build/usb_cam
[47.685s] Level 1:colcon.colcon_core.environment:checking '/home/dtc/airlab_ws/varunkasi_ws/install/usb_cam' for CMake config files
[47.687s] Level 1:colcon.colcon_core.shell:create_environment_hook('usb_cam', 'cmake_prefix_path')
[47.687s] INFO:colcon.colcon_core.shell:Creating environment hook '/home/dtc/airlab_ws/varunkasi_ws/install/usb_cam/share/usb_cam/hook/cmake_prefix_path.ps1'
[47.688s] INFO:colcon.colcon_core.shell:Creating environment descriptor '/home/dtc/airlab_ws/varunkasi_ws/install/usb_cam/share/usb_cam/hook/cmake_prefix_path.dsv'
[47.689s] INFO:colcon.colcon_core.shell:Creating environment hook '/home/dtc/airlab_ws/varunkasi_ws/install/usb_cam/share/usb_cam/hook/cmake_prefix_path.sh'
[47.690s] Level 1:colcon.colcon_core.environment:checking '/home/dtc/airlab_ws/varunkasi_ws/install/usb_cam/lib'
[47.690s] Level 1:colcon.colcon_core.shell:create_environment_hook('usb_cam', 'ld_library_path_lib')
[47.691s] INFO:colcon.colcon_core.shell:Creating environment hook '/home/dtc/airlab_ws/varunkasi_ws/install/usb_cam/share/usb_cam/hook/ld_library_path_lib.ps1'
[47.691s] INFO:colcon.colcon_core.shell:Creating environment descriptor '/home/dtc/airlab_ws/varunkasi_ws/install/usb_cam/share/usb_cam/hook/ld_library_path_lib.dsv'
[47.692s] INFO:colcon.colcon_core.shell:Creating environment hook '/home/dtc/airlab_ws/varunkasi_ws/install/usb_cam/share/usb_cam/hook/ld_library_path_lib.sh'
[47.693s] Level 1:colcon.colcon_core.environment:checking '/home/dtc/airlab_ws/varunkasi_ws/install/usb_cam/bin'
[47.693s] Level 1:colcon.colcon_core.environment:checking '/home/dtc/airlab_ws/varunkasi_ws/install/usb_cam/lib/pkgconfig/usb_cam.pc'
[47.694s] Level 1:colcon.colcon_core.environment:checking '/home/dtc/airlab_ws/varunkasi_ws/install/usb_cam/lib/python3.10/site-packages'
[47.695s] Level 1:colcon.colcon_core.environment:checking '/home/dtc/airlab_ws/varunkasi_ws/install/usb_cam/bin'
[47.695s] INFO:colcon.colcon_core.shell:Creating package script '/home/dtc/airlab_ws/varunkasi_ws/install/usb_cam/share/usb_cam/package.ps1'
[47.697s] INFO:colcon.colcon_core.shell:Creating package descriptor '/home/dtc/airlab_ws/varunkasi_ws/install/usb_cam/share/usb_cam/package.dsv'
[47.698s] INFO:colcon.colcon_core.shell:Creating package script '/home/dtc/airlab_ws/varunkasi_ws/install/usb_cam/share/usb_cam/package.sh'
[47.699s] INFO:colcon.colcon_core.shell:Creating package script '/home/dtc/airlab_ws/varunkasi_ws/install/usb_cam/share/usb_cam/package.bash'
[47.699s] INFO:colcon.colcon_core.shell:Creating package script '/home/dtc/airlab_ws/varunkasi_ws/install/usb_cam/share/usb_cam/package.zsh'
[47.700s] Level 1:colcon.colcon_core.environment:create_file_with_runtime_dependencies(/home/dtc/airlab_ws/varunkasi_ws/install/usb_cam/share/colcon-core/packages/usb_cam)
[47.701s] Level 1:colcon.colcon_core.environment:create_environment_scripts_only(usb_cam)
[47.702s] Level 1:colcon.colcon_core.environment:checking '/home/dtc/airlab_ws/varunkasi_ws/install/usb_cam' for CMake module files
[47.703s] Level 1:colcon.colcon_core.environment:checking '/home/dtc/airlab_ws/varunkasi_ws/install/usb_cam' for CMake config files
[47.705s] Level 1:colcon.colcon_core.shell:create_environment_hook('usb_cam', 'cmake_prefix_path')
[47.705s] INFO:colcon.colcon_core.shell:Creating environment hook '/home/dtc/airlab_ws/varunkasi_ws/install/usb_cam/share/usb_cam/hook/cmake_prefix_path.ps1'
[47.706s] INFO:colcon.colcon_core.shell:Creating environment descriptor '/home/dtc/airlab_ws/varunkasi_ws/install/usb_cam/share/usb_cam/hook/cmake_prefix_path.dsv'
[47.707s] INFO:colcon.colcon_core.shell:Creating environment hook '/home/dtc/airlab_ws/varunkasi_ws/install/usb_cam/share/usb_cam/hook/cmake_prefix_path.sh'
[47.708s] Level 1:colcon.colcon_core.environment:checking '/home/dtc/airlab_ws/varunkasi_ws/install/usb_cam/lib'
[47.708s] Level 1:colcon.colcon_core.shell:create_environment_hook('usb_cam', 'ld_library_path_lib')
[47.709s] INFO:colcon.colcon_core.shell:Creating environment hook '/home/dtc/airlab_ws/varunkasi_ws/install/usb_cam/share/usb_cam/hook/ld_library_path_lib.ps1'
[47.709s] INFO:colcon.colcon_core.shell:Creating environment descriptor '/home/dtc/airlab_ws/varunkasi_ws/install/usb_cam/share/usb_cam/hook/ld_library_path_lib.dsv'
[47.710s] INFO:colcon.colcon_core.shell:Creating environment hook '/home/dtc/airlab_ws/varunkasi_ws/install/usb_cam/share/usb_cam/hook/ld_library_path_lib.sh'
[47.711s] Level 1:colcon.colcon_core.environment:checking '/home/dtc/airlab_ws/varunkasi_ws/install/usb_cam/bin'
[47.711s] Level 1:colcon.colcon_core.environment:checking '/home/dtc/airlab_ws/varunkasi_ws/install/usb_cam/lib/pkgconfig/usb_cam.pc'
[47.712s] Level 1:colcon.colcon_core.environment:checking '/home/dtc/airlab_ws/varunkasi_ws/install/usb_cam/lib/python3.10/site-packages'
[47.712s] Level 1:colcon.colcon_core.environment:checking '/home/dtc/airlab_ws/varunkasi_ws/install/usb_cam/bin'
[47.713s] INFO:colcon.colcon_core.shell:Creating package script '/home/dtc/airlab_ws/varunkasi_ws/install/usb_cam/share/usb_cam/package.ps1'
[47.714s] INFO:colcon.colcon_core.shell:Creating package descriptor '/home/dtc/airlab_ws/varunkasi_ws/install/usb_cam/share/usb_cam/package.dsv'
[47.714s] INFO:colcon.colcon_core.shell:Creating package script '/home/dtc/airlab_ws/varunkasi_ws/install/usb_cam/share/usb_cam/package.sh'
[47.715s] INFO:colcon.colcon_core.shell:Creating package script '/home/dtc/airlab_ws/varunkasi_ws/install/usb_cam/share/usb_cam/package.bash'
[47.717s] INFO:colcon.colcon_core.shell:Creating package script '/home/dtc/airlab_ws/varunkasi_ws/install/usb_cam/share/usb_cam/package.zsh'
[47.717s] Level 1:colcon.colcon_core.environment:create_file_with_runtime_dependencies(/home/dtc/airlab_ws/varunkasi_ws/install/usb_cam/share/colcon-core/packages/usb_cam)
[47.718s] INFO:colcon.colcon_ros.task.ament_python.build:Building ROS package in '/home/dtc/airlab_ws/varunkasi_ws/src/thermal_calibration_tool/src/thermal_calibration_rqt' with build type 'ament_python'
[47.718s] Level 1:colcon.colcon_core.shell:create_environment_hook('thermal_calibration_rqt', 'ament_prefix_path')
[47.719s] INFO:colcon.colcon_core.shell:Creating environment hook '/home/dtc/airlab_ws/varunkasi_ws/install/thermal_calibration_rqt/share/thermal_calibration_rqt/hook/ament_prefix_path.ps1'
[47.721s] INFO:colcon.colcon_core.shell:Creating environment descriptor '/home/dtc/airlab_ws/varunkasi_ws/install/thermal_calibration_rqt/share/thermal_calibration_rqt/hook/ament_prefix_path.dsv'
[47.723s] INFO:colcon.colcon_core.shell:Creating environment hook '/home/dtc/airlab_ws/varunkasi_ws/install/thermal_calibration_rqt/share/thermal_calibration_rqt/hook/ament_prefix_path.sh'
[47.725s] INFO:colcon.colcon_core.shell:Skip shell extension 'powershell' for command environment: Not usable outside of PowerShell
[47.725s] DEBUG:colcon.colcon_core.shell:Skip shell extension 'dsv' for command environment
[48.432s] INFO:colcon.colcon_core.task.python.build:Building Python package in '/home/dtc/airlab_ws/varunkasi_ws/src/thermal_calibration_tool/src/thermal_calibration_rqt'
[48.433s] INFO:colcon.colcon_core.shell:Skip shell extension 'powershell' for command environment: Not usable outside of PowerShell
[48.433s] DEBUG:colcon.colcon_core.shell:Skip shell extension 'dsv' for command environment
[49.362s] DEBUG:colcon.colcon_core.event_handler.log_command:Invoking command in '/home/dtc/airlab_ws/varunkasi_ws/build/thermal_calibration_rqt': AMENT_PREFIX_PATH=/home/dtc/airlab_ws/varunkasi_ws/install/mono16_converter:/home/dtc/airlab_ws/varunkasi_ws/install/thermal_calibration_rqt:/home/dtc/airlab_ws/varunkasi_ws/install/usb_cam:/home/dtc/airlab_ws/varunkasi_ws/install/thermal_radiometry:/home/dtc/airlab_ws/varunkasi_ws/install/thermal_radiometric_visualizer:/home/dtc/airlab_ws/varunkasi_ws/install/thermal_calibration_interfaces:/opt/rmw_connextdds/install/rmw_connextddsmicro:/opt/rmw_connextdds/install/rmw_connextdds:/opt/rmw_connextdds/install/rmw_connextdds_common:/opt/rmw_connextdds/install/rti_connext_dds_cmake_module:/opt/ros/humble PYTHONPATH=/home/dtc/airlab_ws/varunkasi_ws/build/thermal_calibration_rqt/prefix_override:/usr/lib/python3/dist-packages/colcon_core/task/python/colcon_distutils_commands:/home/dtc/airlab_ws/varunkasi_ws/install/thermal_calibration_rqt/lib/python3.10/site-packages:/home/dtc/airlab_ws/varunkasi_ws/build/mono16_converter:/home/dtc/airlab_ws/varunkasi_ws/install/mono16_converter/lib/python3.10/site-packages:/home/dtc/airlab_ws/varunkasi_ws/build/thermal_calibration_rqt:/home/dtc/airlab_ws/varunkasi_ws/install/thermal_calibration_rqt/lib/python3.10/site-packages:/home/dtc/airlab_ws/varunkasi_ws/build/thermal_radiometry:/home/dtc/airlab_ws/varunkasi_ws/install/thermal_radiometry/lib/python3.10/site-packages:/home/dtc/airlab_ws/varunkasi_ws/build/thermal_radiometric_visualizer:/home/dtc/airlab_ws/varunkasi_ws/install/thermal_radiometric_visualizer/lib/python3.10/site-packages:/home/dtc/airlab_ws/varunkasi_ws/install/thermal_calibration_interfaces/local/lib/python3.10/dist-packages:/opt/ros/humble/lib/python3.10/site-packages:/opt/ros/humble/local/lib/python3.10/dist-packages /usr/bin/python3 -W ignore:setup.py install is deprecated -W ignore:easy_install command is deprecated setup.py develop --editable --build-directory /home/dtc/airlab_ws/varunkasi_ws/build/thermal_calibration_rqt/build --no-deps symlink_data
[50.692s] Level 1:colcon.colcon_core.shell:create_environment_hook('thermal_calibration_rqt', 'pythonpath_develop')
[50.693s] INFO:colcon.colcon_core.shell:Creating environment hook '/home/dtc/airlab_ws/varunkasi_ws/build/thermal_calibration_rqt/share/thermal_calibration_rqt/hook/pythonpath_develop.ps1'
[50.694s] DEBUG:colcon.colcon_core.event_handler.log_command:Invoked command in '/home/dtc/airlab_ws/varunkasi_ws/build/thermal_calibration_rqt' returned '0': AMENT_PREFIX_PATH=/home/dtc/airlab_ws/varunkasi_ws/install/mono16_converter:/home/dtc/airlab_ws/varunkasi_ws/install/thermal_calibration_rqt:/home/dtc/airlab_ws/varunkasi_ws/install/usb_cam:/home/dtc/airlab_ws/varunkasi_ws/install/thermal_radiometry:/home/dtc/airlab_ws/varunkasi_ws/install/thermal_radiometric_visualizer:/home/dtc/airlab_ws/varunkasi_ws/install/thermal_calibration_interfaces:/opt/rmw_connextdds/install/rmw_connextddsmicro:/opt/rmw_connextdds/install/rmw_connextdds:/opt/rmw_connextdds/install/rmw_connextdds_common:/opt/rmw_connextdds/install/rti_connext_dds_cmake_module:/opt/ros/humble PYTHONPATH=/home/dtc/airlab_ws/varunkasi_ws/build/thermal_calibration_rqt/prefix_override:/usr/lib/python3/dist-packages/colcon_core/task/python/colcon_distutils_commands:/home/dtc/airlab_ws/varunkasi_ws/install/thermal_calibration_rqt/lib/python3.10/site-packages:/home/dtc/airlab_ws/varunkasi_ws/build/mono16_converter:/home/dtc/airlab_ws/varunkasi_ws/install/mono16_converter/lib/python3.10/site-packages:/home/dtc/airlab_ws/varunkasi_ws/build/thermal_calibration_rqt:/home/dtc/airlab_ws/varunkasi_ws/install/thermal_calibration_rqt/lib/python3.10/site-packages:/home/dtc/airlab_ws/varunkasi_ws/build/thermal_radiometry:/home/dtc/airlab_ws/varunkasi_ws/install/thermal_radiometry/lib/python3.10/site-packages:/home/dtc/airlab_ws/varunkasi_ws/build/thermal_radiometric_visualizer:/home/dtc/airlab_ws/varunkasi_ws/install/thermal_radiometric_visualizer/lib/python3.10/site-packages:/home/dtc/airlab_ws/varunkasi_ws/install/thermal_calibration_interfaces/local/lib/python3.10/dist-packages:/opt/ros/humble/lib/python3.10/site-packages:/opt/ros/humble/local/lib/python3.10/dist-packages /usr/bin/python3 -W ignore:setup.py install is deprecated -W ignore:easy_install command is deprecated setup.py develop --editable --build-directory /home/dtc/airlab_ws/varunkasi_ws/build/thermal_calibration_rqt/build --no-deps symlink_data
[50.695s] INFO:colcon.colcon_core.shell:Creating environment descriptor '/home/dtc/airlab_ws/varunkasi_ws/build/thermal_calibration_rqt/share/thermal_calibration_rqt/hook/pythonpath_develop.dsv'
[50.695s] INFO:colcon.colcon_core.shell:Creating environment hook '/home/dtc/airlab_ws/varunkasi_ws/build/thermal_calibration_rqt/share/thermal_calibration_rqt/hook/pythonpath_develop.sh'
[50.697s] Level 1:colcon.colcon_core.environment:checking '/home/dtc/airlab_ws/varunkasi_ws/install/thermal_calibration_rqt' for CMake module files
[50.698s] Level 1:colcon.colcon_core.environment:checking '/home/dtc/airlab_ws/varunkasi_ws/install/thermal_calibration_rqt' for CMake config files
[50.700s] Level 1:colcon.colcon_core.environment:checking '/home/dtc/airlab_ws/varunkasi_ws/install/thermal_calibration_rqt/lib'
[50.700s] Level 1:colcon.colcon_core.environment:checking '/home/dtc/airlab_ws/varunkasi_ws/install/thermal_calibration_rqt/bin'
[50.700s] Level 1:colcon.colcon_core.shell:create_environment_hook('thermal_calibration_rqt', 'path')
[50.701s] INFO:colcon.colcon_core.shell:Creating environment hook '/home/dtc/airlab_ws/varunkasi_ws/install/thermal_calibration_rqt/share/thermal_calibration_rqt/hook/path.ps1'
[50.703s] INFO:colcon.colcon_core.shell:Creating environment descriptor '/home/dtc/airlab_ws/varunkasi_ws/install/thermal_calibration_rqt/share/thermal_calibration_rqt/hook/path.dsv'
[50.704s] INFO:colcon.colcon_core.shell:Creating environment hook '/home/dtc/airlab_ws/varunkasi_ws/install/thermal_calibration_rqt/share/thermal_calibration_rqt/hook/path.sh'
[50.705s] Level 1:colcon.colcon_core.environment:checking '/home/dtc/airlab_ws/varunkasi_ws/install/thermal_calibration_rqt/lib/pkgconfig/thermal_calibration_rqt.pc'
[50.706s] Level 1:colcon.colcon_core.environment:checking '/home/dtc/airlab_ws/varunkasi_ws/install/thermal_calibration_rqt/lib/python3.10/site-packages'
[50.707s] Level 1:colcon.colcon_core.shell:create_environment_hook('thermal_calibration_rqt', 'pythonpath')
[50.707s] INFO:colcon.colcon_core.shell:Creating environment hook '/home/dtc/airlab_ws/varunkasi_ws/install/thermal_calibration_rqt/share/thermal_calibration_rqt/hook/pythonpath.ps1'
[50.708s] INFO:colcon.colcon_core.shell:Creating environment descriptor '/home/dtc/airlab_ws/varunkasi_ws/install/thermal_calibration_rqt/share/thermal_calibration_rqt/hook/pythonpath.dsv'
[50.709s] INFO:colcon.colcon_core.shell:Creating environment hook '/home/dtc/airlab_ws/varunkasi_ws/install/thermal_calibration_rqt/share/thermal_calibration_rqt/hook/pythonpath.sh'
[50.711s] Level 1:colcon.colcon_core.environment:checking '/home/dtc/airlab_ws/varunkasi_ws/install/thermal_calibration_rqt/bin'
[50.711s] Level 1:colcon.colcon_core.shell:create_environment_hook('thermal_calibration_rqt', 'pythonscriptspath')
[50.712s] INFO:colcon.colcon_core.shell:Creating environment hook '/home/dtc/airlab_ws/varunkasi_ws/install/thermal_calibration_rqt/share/thermal_calibration_rqt/hook/pythonscriptspath.ps1'
[50.713s] INFO:colcon.colcon_core.shell:Creating environment descriptor '/home/dtc/airlab_ws/varunkasi_ws/install/thermal_calibration_rqt/share/thermal_calibration_rqt/hook/pythonscriptspath.dsv'
[50.714s] INFO:colcon.colcon_core.shell:Creating environment hook '/home/dtc/airlab_ws/varunkasi_ws/install/thermal_calibration_rqt/share/thermal_calibration_rqt/hook/pythonscriptspath.sh'
[50.716s] Level 1:colcon.colcon_core.environment:create_environment_scripts_only(thermal_calibration_rqt)
[50.717s] INFO:colcon.colcon_core.shell:Creating package script '/home/dtc/airlab_ws/varunkasi_ws/install/thermal_calibration_rqt/share/thermal_calibration_rqt/package.ps1'
[50.719s] INFO:colcon.colcon_core.shell:Creating package descriptor '/home/dtc/airlab_ws/varunkasi_ws/install/thermal_calibration_rqt/share/thermal_calibration_rqt/package.dsv'
[50.721s] INFO:colcon.colcon_core.shell:Creating package script '/home/dtc/airlab_ws/varunkasi_ws/install/thermal_calibration_rqt/share/thermal_calibration_rqt/package.sh'
[50.722s] INFO:colcon.colcon_core.shell:Creating package script '/home/dtc/airlab_ws/varunkasi_ws/install/thermal_calibration_rqt/share/thermal_calibration_rqt/package.bash'
[50.722s] INFO:colcon.colcon_core.shell:Creating package script '/home/dtc/airlab_ws/varunkasi_ws/install/thermal_calibration_rqt/share/thermal_calibration_rqt/package.zsh'
[50.723s] Level 1:colcon.colcon_core.environment:create_file_with_runtime_dependencies(/home/dtc/airlab_ws/varunkasi_ws/install/thermal_calibration_rqt/share/colcon-core/packages/thermal_calibration_rqt)
[50.724s] DEBUG:colcon.colcon_parallel_executor.executor.parallel:closing loop
[50.724s] DEBUG:colcon.colcon_parallel_executor.executor.parallel:loop closed
[50.725s] DEBUG:colcon.colcon_parallel_executor.executor.parallel:run_until_complete finished with '0'
[50.725s] DEBUG:colcon.colcon_core.event_reactor:joining thread
[50.736s] INFO:colcon.colcon_core.plugin_system:Skipping extension 'colcon_notification.desktop_notification.notify_send': Could not find 'notify-send'
[50.737s] INFO:colcon.colcon_core.plugin_system:Skipping extension 'colcon_notification.desktop_notification.terminal_notifier': Not used on non-Darwin systems
[50.737s] INFO:colcon.colcon_core.plugin_system:Skipping extension 'colcon_notification.desktop_notification.win32': Not used on non-Windows systems
[50.737s] INFO:colcon.colcon_notification.desktop_notification:Sending desktop notification using 'notify2'
[50.742s] DEBUG:colcon.colcon_notification.desktop_notification.notify2:Failed to initialize notify2: org.freedesktop.DBus.Error.Spawn.ExecFailed: /usr/bin/dbus-launch terminated abnormally without any error message
[50.743s] DEBUG:colcon.colcon_core.event_reactor:joined thread
[50.745s] INFO:colcon.colcon_core.shell:Creating prefix script '/home/dtc/airlab_ws/varunkasi_ws/install/local_setup.ps1'
[50.747s] INFO:colcon.colcon_core.shell:Creating prefix util module '/home/dtc/airlab_ws/varunkasi_ws/install/_local_setup_util_ps1.py'
[50.750s] INFO:colcon.colcon_core.shell:Creating prefix chain script '/home/dtc/airlab_ws/varunkasi_ws/install/setup.ps1'
[50.754s] INFO:colcon.colcon_core.shell:Creating prefix script '/home/dtc/airlab_ws/varunkasi_ws/install/local_setup.sh'
[50.755s] INFO:colcon.colcon_core.shell:Creating prefix util module '/home/dtc/airlab_ws/varunkasi_ws/install/_local_setup_util_sh.py'
[50.757s] INFO:colcon.colcon_core.shell:Creating prefix chain script '/home/dtc/airlab_ws/varunkasi_ws/install/setup.sh'
[50.760s] INFO:colcon.colcon_core.shell:Creating prefix script '/home/dtc/airlab_ws/varunkasi_ws/install/local_setup.bash'
[50.761s] INFO:colcon.colcon_core.shell:Creating prefix chain script '/home/dtc/airlab_ws/varunkasi_ws/install/setup.bash'
[50.764s] INFO:colcon.colcon_core.shell:Creating prefix script '/home/dtc/airlab_ws/varunkasi_ws/install/local_setup.zsh'
[50.765s] INFO:colcon.colcon_core.shell:Creating prefix chain script '/home/dtc/airlab_ws/varunkasi_ws/install/setup.zsh'
